[0.150s] Invoking command in '/home/pi/Lawnmower-system/build/robot_interfaces': CMAKE_PREFIX_PATH=${CMAKE_PREFIX_PATH}:/opt/ros/humble:/home/pi/Lawnmower-system/install/robot_motor_control_py /usr/bin/cmake --build /home/pi/Lawnmower-system/build/robot_interfaces -- -j4 -l4
[0.694s] [  1%] Built target robot_interfaces__cpp
[0.721s] [ 12%] Built target robot_interfaces__rosidl_generator_c
[0.834s] [ 12%] Built target ament_cmake_python_copy_robot_interfaces
[0.969s] [ 23%] Built target robot_interfaces__rosidl_typesupport_cpp
[1.006s] [ 34%] Built target robot_interfaces__rosidl_typesupport_fastrtps_cpp
[1.017s] [ 45%] Built target robot_interfaces__rosidl_typesupport_introspection_cpp
[1.130s] [ 56%] Built target robot_interfaces__rosidl_typesupport_fastrtps_c
[1.218s] [ 67%] Built target robot_interfaces__rosidl_typesupport_introspection_c
[1.255s] [ 78%] Built target robot_interfaces__rosidl_typesupport_c
[1.467s] [ 78%] Built target robot_interfaces
[1.686s] [ 80%] Built target robot_interfaces__py
[1.940s] [ 89%] Built target robot_interfaces__rosidl_generator_py
[2.202s] [ 92%] Built target robot_interfaces__rosidl_typesupport_fastrtps_c__pyext
[2.208s] [ 96%] Built target robot_interfaces__rosidl_typesupport_introspection_c__pyext
[2.212s] [100%] Built target robot_interfaces__rosidl_typesupport_c__pyext
[4.216s] running egg_info
[4.222s] writing robot_interfaces.egg-info/PKG-INFO
[4.225s] writing dependency_links to robot_interfaces.egg-info/dependency_links.txt
[4.227s] writing top-level names to robot_interfaces.egg-info/top_level.txt
[4.252s] reading manifest file 'robot_interfaces.egg-info/SOURCES.txt'
[4.260s] writing manifest file 'robot_interfaces.egg-info/SOURCES.txt'
[4.502s] [100%] Built target ament_cmake_python_build_robot_interfaces_egg
[4.608s] Invoked command in '/home/pi/Lawnmower-system/build/robot_interfaces' returned '0': CMAKE_PREFIX_PATH=${CMAKE_PREFIX_PATH}:/opt/ros/humble:/home/pi/Lawnmower-system/install/robot_motor_control_py /usr/bin/cmake --build /home/pi/Lawnmower-system/build/robot_interfaces -- -j4 -l4
[6.265s] Invoking command in '/home/pi/Lawnmower-system/build/robot_interfaces': CMAKE_PREFIX_PATH=${CMAKE_PREFIX_PATH}:/opt/ros/humble:/home/pi/Lawnmower-system/install/robot_motor_control_py /usr/bin/cmake --install /home/pi/Lawnmower-system/build/robot_interfaces
[6.336s] -- Install configuration: ""
[6.337s] -- Up-to-date: /home/pi/Lawnmower-system/install/robot_interfaces/share/ament_index/resource_index/rosidl_interfaces/robot_interfaces
[6.338s] -- Up-to-date: /home/pi/Lawnmower-system/install/robot_interfaces/include/robot_interfaces/robot_interfaces
[6.339s] -- Up-to-date: /home/pi/Lawnmower-system/install/robot_interfaces/include/robot_interfaces/robot_interfaces/msg
[6.340s] -- Up-to-date: /home/pi/Lawnmower-system/install/robot_interfaces/include/robot_interfaces/robot_interfaces/msg/robot_serial_received.h
[6.341s] -- Up-to-date: /home/pi/Lawnmower-system/install/robot_interfaces/include/robot_interfaces/robot_interfaces/msg/detail
[6.342s] -- Up-to-date: /home/pi/Lawnmower-system/install/robot_interfaces/include/robot_interfaces/robot_interfaces/msg/detail/robot_send_cmd__type_support.h
[6.343s] -- Up-to-date: /home/pi/Lawnmower-system/install/robot_interfaces/include/robot_interfaces/robot_interfaces/msg/detail/robot_serial_received__struct.h
[6.344s] -- Up-to-date: /home/pi/Lawnmower-system/install/robot_interfaces/include/robot_interfaces/robot_interfaces/msg/detail/robot_serial_received__functions.h
[6.346s] -- Up-to-date: /home/pi/Lawnmower-system/install/robot_interfaces/include/robot_interfaces/robot_interfaces/msg/detail/robot_send_cmd__functions.c
[6.346s] -- Up-to-date: /home/pi/Lawnmower-system/install/robot_interfaces/include/robot_interfaces/robot_interfaces/msg/detail/robot_serial_received__functions.c
[6.348s] -- Up-to-date: /home/pi/Lawnmower-system/install/robot_interfaces/include/robot_interfaces/robot_interfaces/msg/detail/robot_send_cmd__struct.h
[6.349s] -- Up-to-date: /home/pi/Lawnmower-system/install/robot_interfaces/include/robot_interfaces/robot_interfaces/msg/detail/robot_send_cmd__functions.h
[6.350s] -- Up-to-date: /home/pi/Lawnmower-system/install/robot_interfaces/include/robot_interfaces/robot_interfaces/msg/detail/robot_serial_received__type_support.h
[6.351s] -- Up-to-date: /home/pi/Lawnmower-system/install/robot_interfaces/include/robot_interfaces/robot_interfaces/msg/rosidl_generator_c__visibility_control.h
[6.352s] -- Up-to-date: /home/pi/Lawnmower-system/install/robot_interfaces/include/robot_interfaces/robot_interfaces/msg/robot_send_cmd.h
[6.353s] -- Up-to-date: /home/pi/Lawnmower-system/install/robot_interfaces/include/robot_interfaces/robot_interfaces/action
[6.354s] -- Up-to-date: /home/pi/Lawnmower-system/install/robot_interfaces/include/robot_interfaces/robot_interfaces/action/detail
[6.355s] -- Up-to-date: /home/pi/Lawnmower-system/install/robot_interfaces/include/robot_interfaces/robot_interfaces/action/detail/robot_cm_ddepressiated__type_support.h
[6.356s] -- Up-to-date: /home/pi/Lawnmower-system/install/robot_interfaces/include/robot_interfaces/robot_interfaces/action/detail/robot_cm_ddepressiated__functions.c
[6.357s] -- Up-to-date: /home/pi/Lawnmower-system/install/robot_interfaces/include/robot_interfaces/robot_interfaces/action/detail/robot_cm_ddepressiated__struct.h
[6.358s] -- Up-to-date: /home/pi/Lawnmower-system/install/robot_interfaces/include/robot_interfaces/robot_interfaces/action/detail/robot_cm_ddepressiated__functions.h
[6.359s] -- Up-to-date: /home/pi/Lawnmower-system/install/robot_interfaces/include/robot_interfaces/robot_interfaces/action/robot_cm_ddepressiated.h
[6.360s] -- Up-to-date: /home/pi/Lawnmower-system/install/robot_interfaces/include/robot_interfaces/robot_interfaces/srv
[6.361s] -- Up-to-date: /home/pi/Lawnmower-system/install/robot_interfaces/include/robot_interfaces/robot_interfaces/srv/detail
[6.362s] -- Up-to-date: /home/pi/Lawnmower-system/install/robot_interfaces/include/robot_interfaces/robot_interfaces/srv/detail/robot_cmd__struct.h
[6.363s] -- Up-to-date: /home/pi/Lawnmower-system/install/robot_interfaces/include/robot_interfaces/robot_interfaces/srv/detail/robot_cmd__functions.c
[6.364s] -- Up-to-date: /home/pi/Lawnmower-system/install/robot_interfaces/include/robot_interfaces/robot_interfaces/srv/detail/robot_cmd__functions.h
[6.365s] -- Up-to-date: /home/pi/Lawnmower-system/install/robot_interfaces/include/robot_interfaces/robot_interfaces/srv/detail/robot_cmd__type_support.h
[6.366s] -- Up-to-date: /home/pi/Lawnmower-system/install/robot_interfaces/include/robot_interfaces/robot_interfaces/srv/robot_cmd.h
[6.367s] -- Up-to-date: /home/pi/Lawnmower-system/install/robot_interfaces/share/robot_interfaces/environment/library_path.sh
[6.368s] -- Up-to-date: /home/pi/Lawnmower-system/install/robot_interfaces/share/robot_interfaces/environment/library_path.dsv
[6.369s] -- Up-to-date: /home/pi/Lawnmower-system/install/robot_interfaces/lib/librobot_interfaces__rosidl_generator_c.so
[6.371s] -- Up-to-date: /home/pi/Lawnmower-system/install/robot_interfaces/include/robot_interfaces/robot_interfaces
[6.372s] -- Up-to-date: /home/pi/Lawnmower-system/install/robot_interfaces/include/robot_interfaces/robot_interfaces/msg
[6.373s] -- Up-to-date: /home/pi/Lawnmower-system/install/robot_interfaces/include/robot_interfaces/robot_interfaces/msg/rosidl_typesupport_fastrtps_c__visibility_control.h
[6.374s] -- Up-to-date: /home/pi/Lawnmower-system/install/robot_interfaces/include/robot_interfaces/robot_interfaces/msg/detail
[6.375s] -- Up-to-date: /home/pi/Lawnmower-system/install/robot_interfaces/include/robot_interfaces/robot_interfaces/msg/detail/robot_serial_received__rosidl_typesupport_fastrtps_c.h
[6.376s] -- Up-to-date: /home/pi/Lawnmower-system/install/robot_interfaces/include/robot_interfaces/robot_interfaces/msg/detail/robot_send_cmd__rosidl_typesupport_fastrtps_c.h
[6.378s] -- Up-to-date: /home/pi/Lawnmower-system/install/robot_interfaces/include/robot_interfaces/robot_interfaces/action
[6.378s] -- Up-to-date: /home/pi/Lawnmower-system/install/robot_interfaces/include/robot_interfaces/robot_interfaces/action/detail
[6.380s] -- Up-to-date: /home/pi/Lawnmower-system/install/robot_interfaces/include/robot_interfaces/robot_interfaces/action/detail/robot_cm_ddepressiated__rosidl_typesupport_fastrtps_c.h
[6.381s] -- Up-to-date: /home/pi/Lawnmower-system/install/robot_interfaces/include/robot_interfaces/robot_interfaces/srv
[6.381s] -- Up-to-date: /home/pi/Lawnmower-system/install/robot_interfaces/include/robot_interfaces/robot_interfaces/srv/detail
[6.382s] -- Up-to-date: /home/pi/Lawnmower-system/install/robot_interfaces/include/robot_interfaces/robot_interfaces/srv/detail/robot_cmd__rosidl_typesupport_fastrtps_c.h
[6.386s] -- Up-to-date: /home/pi/Lawnmower-system/install/robot_interfaces/lib/librobot_interfaces__rosidl_typesupport_fastrtps_c.so
[6.389s] -- Up-to-date: /home/pi/Lawnmower-system/install/robot_interfaces/include/robot_interfaces/robot_interfaces
[6.390s] -- Up-to-date: /home/pi/Lawnmower-system/install/robot_interfaces/include/robot_interfaces/robot_interfaces/msg
[6.391s] -- Up-to-date: /home/pi/Lawnmower-system/install/robot_interfaces/include/robot_interfaces/robot_interfaces/msg/detail
[6.392s] -- Up-to-date: /home/pi/Lawnmower-system/install/robot_interfaces/include/robot_interfaces/robot_interfaces/msg/detail/robot_send_cmd__type_support.c
[6.393s] -- Up-to-date: /home/pi/Lawnmower-system/install/robot_interfaces/include/robot_interfaces/robot_interfaces/msg/detail/robot_serial_received__type_support.c
[6.395s] -- Up-to-date: /home/pi/Lawnmower-system/install/robot_interfaces/include/robot_interfaces/robot_interfaces/msg/detail/robot_serial_received__rosidl_typesupport_introspection_c.h
[6.396s] -- Up-to-date: /home/pi/Lawnmower-system/install/robot_interfaces/include/robot_interfaces/robot_interfaces/msg/detail/robot_send_cmd__rosidl_typesupport_introspection_c.h
[6.397s] -- Up-to-date: /home/pi/Lawnmower-system/install/robot_interfaces/include/robot_interfaces/robot_interfaces/msg/rosidl_typesupport_introspection_c__visibility_control.h
[6.398s] -- Up-to-date: /home/pi/Lawnmower-system/install/robot_interfaces/include/robot_interfaces/robot_interfaces/action
[6.399s] -- Up-to-date: /home/pi/Lawnmower-system/install/robot_interfaces/include/robot_interfaces/robot_interfaces/action/detail
[6.400s] -- Up-to-date: /home/pi/Lawnmower-system/install/robot_interfaces/include/robot_interfaces/robot_interfaces/action/detail/robot_cm_ddepressiated__type_support.c
[6.401s] -- Up-to-date: /home/pi/Lawnmower-system/install/robot_interfaces/include/robot_interfaces/robot_interfaces/action/detail/robot_cm_ddepressiated__rosidl_typesupport_introspection_c.h
[6.402s] -- Up-to-date: /home/pi/Lawnmower-system/install/robot_interfaces/include/robot_interfaces/robot_interfaces/srv
[6.403s] -- Up-to-date: /home/pi/Lawnmower-system/install/robot_interfaces/include/robot_interfaces/robot_interfaces/srv/detail
[6.404s] -- Up-to-date: /home/pi/Lawnmower-system/install/robot_interfaces/include/robot_interfaces/robot_interfaces/srv/detail/robot_cmd__type_support.c
[6.405s] -- Up-to-date: /home/pi/Lawnmower-system/install/robot_interfaces/include/robot_interfaces/robot_interfaces/srv/detail/robot_cmd__rosidl_typesupport_introspection_c.h
[6.408s] -- Up-to-date: /home/pi/Lawnmower-system/install/robot_interfaces/lib/librobot_interfaces__rosidl_typesupport_introspection_c.so
[6.413s] -- Up-to-date: /home/pi/Lawnmower-system/install/robot_interfaces/lib/librobot_interfaces__rosidl_typesupport_c.so
[6.416s] -- Up-to-date: /home/pi/Lawnmower-system/install/robot_interfaces/include/robot_interfaces/robot_interfaces
[6.417s] -- Up-to-date: /home/pi/Lawnmower-system/install/robot_interfaces/include/robot_interfaces/robot_interfaces/msg
[6.418s] -- Up-to-date: /home/pi/Lawnmower-system/install/robot_interfaces/include/robot_interfaces/robot_interfaces/msg/robot_serial_received.hpp
[6.419s] -- Up-to-date: /home/pi/Lawnmower-system/install/robot_interfaces/include/robot_interfaces/robot_interfaces/msg/robot_send_cmd.hpp
[6.420s] -- Up-to-date: /home/pi/Lawnmower-system/install/robot_interfaces/include/robot_interfaces/robot_interfaces/msg/detail
[6.421s] -- Up-to-date: /home/pi/Lawnmower-system/install/robot_interfaces/include/robot_interfaces/robot_interfaces/msg/detail/robot_send_cmd__traits.hpp
[6.422s] -- Up-to-date: /home/pi/Lawnmower-system/install/robot_interfaces/include/robot_interfaces/robot_interfaces/msg/detail/robot_serial_received__traits.hpp
[6.423s] -- Up-to-date: /home/pi/Lawnmower-system/install/robot_interfaces/include/robot_interfaces/robot_interfaces/msg/detail/robot_serial_received__struct.hpp
[6.424s] -- Up-to-date: /home/pi/Lawnmower-system/install/robot_interfaces/include/robot_interfaces/robot_interfaces/msg/detail/robot_send_cmd__builder.hpp
[6.425s] -- Up-to-date: /home/pi/Lawnmower-system/install/robot_interfaces/include/robot_interfaces/robot_interfaces/msg/detail/robot_serial_received__builder.hpp
[6.426s] -- Up-to-date: /home/pi/Lawnmower-system/install/robot_interfaces/include/robot_interfaces/robot_interfaces/msg/detail/robot_send_cmd__struct.hpp
[6.427s] -- Up-to-date: /home/pi/Lawnmower-system/install/robot_interfaces/include/robot_interfaces/robot_interfaces/action
[6.428s] -- Up-to-date: /home/pi/Lawnmower-system/install/robot_interfaces/include/robot_interfaces/robot_interfaces/action/detail
[6.429s] -- Up-to-date: /home/pi/Lawnmower-system/install/robot_interfaces/include/robot_interfaces/robot_interfaces/action/detail/robot_cm_ddepressiated__struct.hpp
[6.430s] -- Up-to-date: /home/pi/Lawnmower-system/install/robot_interfaces/include/robot_interfaces/robot_interfaces/action/detail/robot_cm_ddepressiated__builder.hpp
[6.431s] -- Up-to-date: /home/pi/Lawnmower-system/install/robot_interfaces/include/robot_interfaces/robot_interfaces/action/detail/robot_cm_ddepressiated__traits.hpp
[6.432s] -- Up-to-date: /home/pi/Lawnmower-system/install/robot_interfaces/include/robot_interfaces/robot_interfaces/action/robot_cm_ddepressiated.hpp
[6.433s] -- Up-to-date: /home/pi/Lawnmower-system/install/robot_interfaces/include/robot_interfaces/robot_interfaces/srv
[6.434s] -- Up-to-date: /home/pi/Lawnmower-system/install/robot_interfaces/include/robot_interfaces/robot_interfaces/srv/robot_cmd.hpp
[6.435s] -- Up-to-date: /home/pi/Lawnmower-system/install/robot_interfaces/include/robot_interfaces/robot_interfaces/srv/detail
[6.436s] -- Up-to-date: /home/pi/Lawnmower-system/install/robot_interfaces/include/robot_interfaces/robot_interfaces/srv/detail/robot_cmd__struct.hpp
[6.437s] -- Up-to-date: /home/pi/Lawnmower-system/install/robot_interfaces/include/robot_interfaces/robot_interfaces/srv/detail/robot_cmd__traits.hpp
[6.438s] -- Up-to-date: /home/pi/Lawnmower-system/install/robot_interfaces/include/robot_interfaces/robot_interfaces/srv/detail/robot_cmd__builder.hpp
[6.439s] -- Up-to-date: /home/pi/Lawnmower-system/install/robot_interfaces/include/robot_interfaces/robot_interfaces
[6.440s] -- Up-to-date: /home/pi/Lawnmower-system/install/robot_interfaces/include/robot_interfaces/robot_interfaces/msg
[6.441s] -- Up-to-date: /home/pi/Lawnmower-system/install/robot_interfaces/include/robot_interfaces/robot_interfaces/msg/detail
[6.442s] -- Up-to-date: /home/pi/Lawnmower-system/install/robot_interfaces/include/robot_interfaces/robot_interfaces/msg/detail/robot_serial_received__rosidl_typesupport_fastrtps_cpp.hpp
[6.443s] -- Up-to-date: /home/pi/Lawnmower-system/install/robot_interfaces/include/robot_interfaces/robot_interfaces/msg/detail/dds_fastrtps
[6.445s] -- Up-to-date: /home/pi/Lawnmower-system/install/robot_interfaces/include/robot_interfaces/robot_interfaces/msg/detail/robot_send_cmd__rosidl_typesupport_fastrtps_cpp.hpp
[6.446s] -- Up-to-date: /home/pi/Lawnmower-system/install/robot_interfaces/include/robot_interfaces/robot_interfaces/msg/rosidl_typesupport_fastrtps_cpp__visibility_control.h
[6.446s] -- Up-to-date: /home/pi/Lawnmower-system/install/robot_interfaces/include/robot_interfaces/robot_interfaces/action
[6.447s] -- Up-to-date: /home/pi/Lawnmower-system/install/robot_interfaces/include/robot_interfaces/robot_interfaces/action/detail
[6.448s] -- Up-to-date: /home/pi/Lawnmower-system/install/robot_interfaces/include/robot_interfaces/robot_interfaces/action/detail/dds_fastrtps
[6.450s] -- Up-to-date: /home/pi/Lawnmower-system/install/robot_interfaces/include/robot_interfaces/robot_interfaces/action/detail/robot_cm_ddepressiated__rosidl_typesupport_fastrtps_cpp.hpp
[6.451s] -- Up-to-date: /home/pi/Lawnmower-system/install/robot_interfaces/include/robot_interfaces/robot_interfaces/srv
[6.451s] -- Up-to-date: /home/pi/Lawnmower-system/install/robot_interfaces/include/robot_interfaces/robot_interfaces/srv/detail
[6.452s] -- Up-to-date: /home/pi/Lawnmower-system/install/robot_interfaces/include/robot_interfaces/robot_interfaces/srv/detail/robot_cmd__rosidl_typesupport_fastrtps_cpp.hpp
[6.453s] -- Up-to-date: /home/pi/Lawnmower-system/install/robot_interfaces/include/robot_interfaces/robot_interfaces/srv/detail/dds_fastrtps
[6.454s] -- Up-to-date: /home/pi/Lawnmower-system/install/robot_interfaces/lib/librobot_interfaces__rosidl_typesupport_fastrtps_cpp.so
[6.458s] -- Up-to-date: /home/pi/Lawnmower-system/install/robot_interfaces/include/robot_interfaces/robot_interfaces
[6.459s] -- Up-to-date: /home/pi/Lawnmower-system/install/robot_interfaces/include/robot_interfaces/robot_interfaces/msg
[6.460s] -- Up-to-date: /home/pi/Lawnmower-system/install/robot_interfaces/include/robot_interfaces/robot_interfaces/msg/detail
[6.461s] -- Up-to-date: /home/pi/Lawnmower-system/install/robot_interfaces/include/robot_interfaces/robot_interfaces/msg/detail/robot_send_cmd__rosidl_typesupport_introspection_cpp.hpp
[6.462s] -- Up-to-date: /home/pi/Lawnmower-system/install/robot_interfaces/include/robot_interfaces/robot_interfaces/msg/detail/robot_serial_received__type_support.cpp
[6.463s] -- Up-to-date: /home/pi/Lawnmower-system/install/robot_interfaces/include/robot_interfaces/robot_interfaces/msg/detail/robot_serial_received__rosidl_typesupport_introspection_cpp.hpp
[6.464s] -- Up-to-date: /home/pi/Lawnmower-system/install/robot_interfaces/include/robot_interfaces/robot_interfaces/msg/detail/robot_send_cmd__type_support.cpp
[6.465s] -- Up-to-date: /home/pi/Lawnmower-system/install/robot_interfaces/include/robot_interfaces/robot_interfaces/action
[6.466s] -- Up-to-date: /home/pi/Lawnmower-system/install/robot_interfaces/include/robot_interfaces/robot_interfaces/action/detail
[6.468s] -- Up-to-date: /home/pi/Lawnmower-system/install/robot_interfaces/include/robot_interfaces/robot_interfaces/action/detail/robot_cm_ddepressiated__rosidl_typesupport_introspection_cpp.hpp
[6.469s] -- Up-to-date: /home/pi/Lawnmower-system/install/robot_interfaces/include/robot_interfaces/robot_interfaces/action/detail/robot_cm_ddepressiated__type_support.cpp
[6.470s] -- Up-to-date: /home/pi/Lawnmower-system/install/robot_interfaces/include/robot_interfaces/robot_interfaces/srv
[6.472s] -- Up-to-date: /home/pi/Lawnmower-system/install/robot_interfaces/include/robot_interfaces/robot_interfaces/srv/detail
[6.473s] -- Up-to-date: /home/pi/Lawnmower-system/install/robot_interfaces/include/robot_interfaces/robot_interfaces/srv/detail/robot_cmd__rosidl_typesupport_introspection_cpp.hpp
[6.473s] -- Up-to-date: /home/pi/Lawnmower-system/install/robot_interfaces/include/robot_interfaces/robot_interfaces/srv/detail/robot_cmd__type_support.cpp
[6.476s] -- Up-to-date: /home/pi/Lawnmower-system/install/robot_interfaces/lib/librobot_interfaces__rosidl_typesupport_introspection_cpp.so
[6.481s] -- Up-to-date: /home/pi/Lawnmower-system/install/robot_interfaces/lib/librobot_interfaces__rosidl_typesupport_cpp.so
[6.485s] -- Up-to-date: /home/pi/Lawnmower-system/install/robot_interfaces/share/robot_interfaces/environment/pythonpath.sh
[6.486s] -- Up-to-date: /home/pi/Lawnmower-system/install/robot_interfaces/share/robot_interfaces/environment/pythonpath.dsv
[6.487s] -- Up-to-date: /home/pi/Lawnmower-system/install/robot_interfaces/local/lib/python3.10/dist-packages/robot_interfaces-0.0.0-py3.10.egg-info
[6.488s] -- Installing: /home/pi/Lawnmower-system/install/robot_interfaces/local/lib/python3.10/dist-packages/robot_interfaces-0.0.0-py3.10.egg-info/dependency_links.txt
[6.492s] -- Installing: /home/pi/Lawnmower-system/install/robot_interfaces/local/lib/python3.10/dist-packages/robot_interfaces-0.0.0-py3.10.egg-info/top_level.txt
[6.495s] -- Installing: /home/pi/Lawnmower-system/install/robot_interfaces/local/lib/python3.10/dist-packages/robot_interfaces-0.0.0-py3.10.egg-info/SOURCES.txt
[6.498s] -- Installing: /home/pi/Lawnmower-system/install/robot_interfaces/local/lib/python3.10/dist-packages/robot_interfaces-0.0.0-py3.10.egg-info/PKG-INFO
[6.502s] -- Up-to-date: /home/pi/Lawnmower-system/install/robot_interfaces/local/lib/python3.10/dist-packages/robot_interfaces
[6.503s] -- Up-to-date: /home/pi/Lawnmower-system/install/robot_interfaces/local/lib/python3.10/dist-packages/robot_interfaces/msg
[6.504s] -- Up-to-date: /home/pi/Lawnmower-system/install/robot_interfaces/local/lib/python3.10/dist-packages/robot_interfaces/msg/_robot_serial_received.py
[6.506s] -- Up-to-date: /home/pi/Lawnmower-system/install/robot_interfaces/local/lib/python3.10/dist-packages/robot_interfaces/msg/__init__.py
[6.507s] -- Up-to-date: /home/pi/Lawnmower-system/install/robot_interfaces/local/lib/python3.10/dist-packages/robot_interfaces/msg/_robot_send_cmd_s.c
[6.508s] -- Up-to-date: /home/pi/Lawnmower-system/install/robot_interfaces/local/lib/python3.10/dist-packages/robot_interfaces/msg/_robot_send_cmd.py
[6.509s] -- Up-to-date: /home/pi/Lawnmower-system/install/robot_interfaces/local/lib/python3.10/dist-packages/robot_interfaces/msg/_robot_serial_received_s.c
[6.510s] -- Up-to-date: /home/pi/Lawnmower-system/install/robot_interfaces/local/lib/python3.10/dist-packages/robot_interfaces/_robot_interfaces_s.ep.rosidl_typesupport_c.c
[6.511s] -- Up-to-date: /home/pi/Lawnmower-system/install/robot_interfaces/local/lib/python3.10/dist-packages/robot_interfaces/__init__.py
[6.512s] -- Up-to-date: /home/pi/Lawnmower-system/install/robot_interfaces/local/lib/python3.10/dist-packages/robot_interfaces/robot_interfaces_s__rosidl_typesupport_c.cpython-310-aarch64-linux-gnu.so
[6.513s] -- Up-to-date: /home/pi/Lawnmower-system/install/robot_interfaces/local/lib/python3.10/dist-packages/robot_interfaces/_robot_interfaces_s.ep.rosidl_typesupport_introspection_c.c
[6.514s] -- Up-to-date: /home/pi/Lawnmower-system/install/robot_interfaces/local/lib/python3.10/dist-packages/robot_interfaces/_robot_interfaces_s.ep.rosidl_typesupport_fastrtps_c.c
[6.515s] -- Up-to-date: /home/pi/Lawnmower-system/install/robot_interfaces/local/lib/python3.10/dist-packages/robot_interfaces/action
[6.516s] -- Up-to-date: /home/pi/Lawnmower-system/install/robot_interfaces/local/lib/python3.10/dist-packages/robot_interfaces/action/_robot_cm_ddepressiated.py
[6.517s] -- Up-to-date: /home/pi/Lawnmower-system/install/robot_interfaces/local/lib/python3.10/dist-packages/robot_interfaces/action/__init__.py
[6.518s] -- Up-to-date: /home/pi/Lawnmower-system/install/robot_interfaces/local/lib/python3.10/dist-packages/robot_interfaces/action/_robot_cm_ddepressiated_s.c
[6.519s] -- Up-to-date: /home/pi/Lawnmower-system/install/robot_interfaces/local/lib/python3.10/dist-packages/robot_interfaces/librobot_interfaces__rosidl_generator_py.so
[6.520s] -- Up-to-date: /home/pi/Lawnmower-system/install/robot_interfaces/local/lib/python3.10/dist-packages/robot_interfaces/robot_interfaces_s__rosidl_typesupport_fastrtps_c.cpython-310-aarch64-linux-gnu.so
[6.521s] -- Up-to-date: /home/pi/Lawnmower-system/install/robot_interfaces/local/lib/python3.10/dist-packages/robot_interfaces/robot_interfaces_s__rosidl_typesupport_introspection_c.cpython-310-aarch64-linux-gnu.so
[6.522s] -- Up-to-date: /home/pi/Lawnmower-system/install/robot_interfaces/local/lib/python3.10/dist-packages/robot_interfaces/srv
[6.523s] -- Up-to-date: /home/pi/Lawnmower-system/install/robot_interfaces/local/lib/python3.10/dist-packages/robot_interfaces/srv/_robot_cmd_s.c
[6.524s] -- Up-to-date: /home/pi/Lawnmower-system/install/robot_interfaces/local/lib/python3.10/dist-packages/robot_interfaces/srv/__init__.py
[6.525s] -- Up-to-date: /home/pi/Lawnmower-system/install/robot_interfaces/local/lib/python3.10/dist-packages/robot_interfaces/srv/_robot_cmd.py
[6.898s] Listing '/home/pi/Lawnmower-system/install/robot_interfaces/local/lib/python3.10/dist-packages/robot_interfaces'...
[6.900s] Listing '/home/pi/Lawnmower-system/install/robot_interfaces/local/lib/python3.10/dist-packages/robot_interfaces/action'...
[6.901s] Listing '/home/pi/Lawnmower-system/install/robot_interfaces/local/lib/python3.10/dist-packages/robot_interfaces/msg'...
[6.903s] Listing '/home/pi/Lawnmower-system/install/robot_interfaces/local/lib/python3.10/dist-packages/robot_interfaces/srv'...
[6.942s] -- Up-to-date: /home/pi/Lawnmower-system/install/robot_interfaces/local/lib/python3.10/dist-packages/robot_interfaces/robot_interfaces_s__rosidl_typesupport_fastrtps_c.cpython-310-aarch64-linux-gnu.so
[6.948s] -- Up-to-date: /home/pi/Lawnmower-system/install/robot_interfaces/local/lib/python3.10/dist-packages/robot_interfaces/robot_interfaces_s__rosidl_typesupport_introspection_c.cpython-310-aarch64-linux-gnu.so
[6.955s] -- Up-to-date: /home/pi/Lawnmower-system/install/robot_interfaces/local/lib/python3.10/dist-packages/robot_interfaces/robot_interfaces_s__rosidl_typesupport_c.cpython-310-aarch64-linux-gnu.so
[6.961s] -- Up-to-date: /home/pi/Lawnmower-system/install/robot_interfaces/lib/librobot_interfaces__rosidl_generator_py.so
[6.964s] -- Up-to-date: /home/pi/Lawnmower-system/install/robot_interfaces/share/robot_interfaces/msg/RobotSerialReceived.idl
[6.965s] -- Up-to-date: /home/pi/Lawnmower-system/install/robot_interfaces/share/robot_interfaces/msg/RobotSendCMD.idl
[6.966s] -- Up-to-date: /home/pi/Lawnmower-system/install/robot_interfaces/share/robot_interfaces/srv/RobotCMD.idl
[6.967s] -- Up-to-date: /home/pi/Lawnmower-system/install/robot_interfaces/share/robot_interfaces/action/RobotCMDdepressiated.idl
[6.969s] -- Up-to-date: /home/pi/Lawnmower-system/install/robot_interfaces/share/robot_interfaces/msg/RobotSerialReceived.msg
[6.970s] -- Up-to-date: /home/pi/Lawnmower-system/install/robot_interfaces/share/robot_interfaces/msg/RobotSendCMD.msg
[6.971s] -- Up-to-date: /home/pi/Lawnmower-system/install/robot_interfaces/share/robot_interfaces/srv/RobotCMD.srv
[6.972s] -- Up-to-date: /home/pi/Lawnmower-system/install/robot_interfaces/share/robot_interfaces/srv/RobotCMD_Request.msg
[6.973s] -- Up-to-date: /home/pi/Lawnmower-system/install/robot_interfaces/share/robot_interfaces/srv/RobotCMD_Response.msg
[6.974s] -- Up-to-date: /home/pi/Lawnmower-system/install/robot_interfaces/share/robot_interfaces/action/RobotCMDdepressiated.action
[6.976s] -- Up-to-date: /home/pi/Lawnmower-system/install/robot_interfaces/share/ament_index/resource_index/package_run_dependencies/robot_interfaces
[6.977s] -- Up-to-date: /home/pi/Lawnmower-system/install/robot_interfaces/share/ament_index/resource_index/parent_prefix_path/robot_interfaces
[6.979s] -- Up-to-date: /home/pi/Lawnmower-system/install/robot_interfaces/share/robot_interfaces/environment/ament_prefix_path.sh
[6.980s] -- Up-to-date: /home/pi/Lawnmower-system/install/robot_interfaces/share/robot_interfaces/environment/ament_prefix_path.dsv
[6.981s] -- Up-to-date: /home/pi/Lawnmower-system/install/robot_interfaces/share/robot_interfaces/environment/path.sh
[6.982s] -- Up-to-date: /home/pi/Lawnmower-system/install/robot_interfaces/share/robot_interfaces/environment/path.dsv
[6.983s] -- Up-to-date: /home/pi/Lawnmower-system/install/robot_interfaces/share/robot_interfaces/local_setup.bash
[6.984s] -- Up-to-date: /home/pi/Lawnmower-system/install/robot_interfaces/share/robot_interfaces/local_setup.sh
[6.985s] -- Up-to-date: /home/pi/Lawnmower-system/install/robot_interfaces/share/robot_interfaces/local_setup.zsh
[6.986s] -- Up-to-date: /home/pi/Lawnmower-system/install/robot_interfaces/share/robot_interfaces/local_setup.dsv
[6.986s] -- Installing: /home/pi/Lawnmower-system/install/robot_interfaces/share/robot_interfaces/package.dsv
[6.988s] -- Up-to-date: /home/pi/Lawnmower-system/install/robot_interfaces/share/ament_index/resource_index/packages/robot_interfaces
[6.991s] -- Up-to-date: /home/pi/Lawnmower-system/install/robot_interfaces/share/robot_interfaces/cmake/export_robot_interfaces__rosidl_generator_cExport.cmake
[6.992s] -- Up-to-date: /home/pi/Lawnmower-system/install/robot_interfaces/share/robot_interfaces/cmake/export_robot_interfaces__rosidl_generator_cExport-noconfig.cmake
[6.994s] -- Up-to-date: /home/pi/Lawnmower-system/install/robot_interfaces/share/robot_interfaces/cmake/export_robot_interfaces__rosidl_typesupport_fastrtps_cExport.cmake
[6.995s] -- Up-to-date: /home/pi/Lawnmower-system/install/robot_interfaces/share/robot_interfaces/cmake/export_robot_interfaces__rosidl_typesupport_fastrtps_cExport-noconfig.cmake
[6.998s] -- Up-to-date: /home/pi/Lawnmower-system/install/robot_interfaces/share/robot_interfaces/cmake/robot_interfaces__rosidl_typesupport_introspection_cExport.cmake
[6.999s] -- Up-to-date: /home/pi/Lawnmower-system/install/robot_interfaces/share/robot_interfaces/cmake/robot_interfaces__rosidl_typesupport_introspection_cExport-noconfig.cmake
[7.001s] -- Up-to-date: /home/pi/Lawnmower-system/install/robot_interfaces/share/robot_interfaces/cmake/robot_interfaces__rosidl_typesupport_cExport.cmake
[7.002s] -- Up-to-date: /home/pi/Lawnmower-system/install/robot_interfaces/share/robot_interfaces/cmake/robot_interfaces__rosidl_typesupport_cExport-noconfig.cmake
[7.005s] -- Up-to-date: /home/pi/Lawnmower-system/install/robot_interfaces/share/robot_interfaces/cmake/export_robot_interfaces__rosidl_generator_cppExport.cmake
[7.007s] -- Up-to-date: /home/pi/Lawnmower-system/install/robot_interfaces/share/robot_interfaces/cmake/export_robot_interfaces__rosidl_typesupport_fastrtps_cppExport.cmake
[7.008s] -- Up-to-date: /home/pi/Lawnmower-system/install/robot_interfaces/share/robot_interfaces/cmake/export_robot_interfaces__rosidl_typesupport_fastrtps_cppExport-noconfig.cmake
[7.010s] -- Up-to-date: /home/pi/Lawnmower-system/install/robot_interfaces/share/robot_interfaces/cmake/robot_interfaces__rosidl_typesupport_introspection_cppExport.cmake
[7.012s] -- Up-to-date: /home/pi/Lawnmower-system/install/robot_interfaces/share/robot_interfaces/cmake/robot_interfaces__rosidl_typesupport_introspection_cppExport-noconfig.cmake
[7.014s] -- Up-to-date: /home/pi/Lawnmower-system/install/robot_interfaces/share/robot_interfaces/cmake/robot_interfaces__rosidl_typesupport_cppExport.cmake
[7.015s] -- Up-to-date: /home/pi/Lawnmower-system/install/robot_interfaces/share/robot_interfaces/cmake/robot_interfaces__rosidl_typesupport_cppExport-noconfig.cmake
[7.018s] -- Up-to-date: /home/pi/Lawnmower-system/install/robot_interfaces/share/robot_interfaces/cmake/export_robot_interfaces__rosidl_generator_pyExport.cmake
[7.019s] -- Up-to-date: /home/pi/Lawnmower-system/install/robot_interfaces/share/robot_interfaces/cmake/export_robot_interfaces__rosidl_generator_pyExport-noconfig.cmake
[7.020s] -- Up-to-date: /home/pi/Lawnmower-system/install/robot_interfaces/share/robot_interfaces/cmake/rosidl_cmake-extras.cmake
[7.021s] -- Up-to-date: /home/pi/Lawnmower-system/install/robot_interfaces/share/robot_interfaces/cmake/ament_cmake_export_dependencies-extras.cmake
[7.022s] -- Up-to-date: /home/pi/Lawnmower-system/install/robot_interfaces/share/robot_interfaces/cmake/ament_cmake_export_include_directories-extras.cmake
[7.023s] -- Up-to-date: /home/pi/Lawnmower-system/install/robot_interfaces/share/robot_interfaces/cmake/ament_cmake_export_libraries-extras.cmake
[7.025s] -- Up-to-date: /home/pi/Lawnmower-system/install/robot_interfaces/share/robot_interfaces/cmake/ament_cmake_export_targets-extras.cmake
[7.026s] -- Up-to-date: /home/pi/Lawnmower-system/install/robot_interfaces/share/robot_interfaces/cmake/rosidl_cmake_export_typesupport_targets-extras.cmake
[7.027s] -- Up-to-date: /home/pi/Lawnmower-system/install/robot_interfaces/share/robot_interfaces/cmake/rosidl_cmake_export_typesupport_libraries-extras.cmake
[7.028s] -- Up-to-date: /home/pi/Lawnmower-system/install/robot_interfaces/share/robot_interfaces/cmake/robot_interfacesConfig.cmake
[7.029s] -- Up-to-date: /home/pi/Lawnmower-system/install/robot_interfaces/share/robot_interfaces/cmake/robot_interfacesConfig-version.cmake
[7.030s] -- Up-to-date: /home/pi/Lawnmower-system/install/robot_interfaces/share/robot_interfaces/package.xml
[7.051s] Invoked command in '/home/pi/Lawnmower-system/build/robot_interfaces' returned '0': CMAKE_PREFIX_PATH=${CMAKE_PREFIX_PATH}:/opt/ros/humble:/home/pi/Lawnmower-system/install/robot_motor_control_py /usr/bin/cmake --install /home/pi/Lawnmower-system/build/robot_interfaces
