[6.124s] Invoking command in '/home/pi/Lawnmower-system/ros_mower_robot_ws/src/path_nav': AMENT_PREFIX_PATH=/home/pi/Lawnmower-system/install/robot_interfaces CMAKE_PREFIX_PATH=/home/pi/Lawnmower-system/install/robot_interfaces LD_LIBRARY_PATH=/home/pi/Lawnmower-system/install/robot_interfaces/lib PYTHONPATH=/home/pi/Lawnmower-system/build/path_nav/prefix_override:/home/pi/Lawnmower-system/install/path_nav/lib/python3.10/site-packages:/home/pi/Lawnmower-system/install/robot_interfaces/local/lib/python3.10/dist-packages /usr/bin/python3 setup.py egg_info --egg-base ../../../build/path_nav build --build-base /home/pi/Lawnmower-system/build/path_nav/build install --record /home/pi/Lawnmower-system/build/path_nav/install.log --single-version-externally-managed
[8.452s] running egg_info
[8.456s] writing ../../../build/path_nav/path_nav.egg-info/PKG-INFO
[8.461s] writing dependency_links to ../../../build/path_nav/path_nav.egg-info/dependency_links.txt
[8.466s] writing entry points to ../../../build/path_nav/path_nav.egg-info/entry_points.txt
[8.468s] writing requirements to ../../../build/path_nav/path_nav.egg-info/requires.txt
[8.470s] writing top-level names to ../../../build/path_nav/path_nav.egg-info/top_level.txt
[8.485s] reading manifest file '../../../build/path_nav/path_nav.egg-info/SOURCES.txt'
[8.496s] writing manifest file '../../../build/path_nav/path_nav.egg-info/SOURCES.txt'
[8.498s] running build
[8.499s] running build_py
[8.506s] copying path_nav/mower.py -> /home/pi/Lawnmower-system/build/path_nav/build/lib/path_nav
[8.511s] running install
[8.514s] /usr/lib/python3/dist-packages/setuptools/command/install.py:34: SetuptoolsDeprecationWarning: setup.py install is deprecated. Use build and pip and other standards-based tools.
[8.515s]   warnings.warn(
[8.518s] running install_lib
[8.528s] copying /home/pi/Lawnmower-system/build/path_nav/build/lib/path_nav/mower.py -> /home/pi/Lawnmower-system/install/path_nav/lib/python3.10/site-packages/path_nav
[8.539s] byte-compiling /home/pi/Lawnmower-system/install/path_nav/lib/python3.10/site-packages/path_nav/mower.py to mower.cpython-310.pyc
[8.586s] running install_data
[8.593s] running install_egg_info
[8.607s] removing '/home/pi/Lawnmower-system/install/path_nav/lib/python3.10/site-packages/path_nav-0.0.0-py3.10.egg-info' (and everything under it)
[8.612s] Copying ../../../build/path_nav/path_nav.egg-info to /home/pi/Lawnmower-system/install/path_nav/lib/python3.10/site-packages/path_nav-0.0.0-py3.10.egg-info
[8.629s] running install_scripts
[8.831s] Installing robot_nav script to /home/pi/Lawnmower-system/install/path_nav/lib/path_nav
[8.838s] writing list of installed files to '/home/pi/Lawnmower-system/build/path_nav/install.log'
[9.059s] Invoked command in '/home/pi/Lawnmower-system/ros_mower_robot_ws/src/path_nav' returned '0': AMENT_PREFIX_PATH=/home/pi/Lawnmower-system/install/robot_interfaces CMAKE_PREFIX_PATH=/home/pi/Lawnmower-system/install/robot_interfaces LD_LIBRARY_PATH=/home/pi/Lawnmower-system/install/robot_interfaces/lib PYTHONPATH=/home/pi/Lawnmower-system/build/path_nav/prefix_override:/home/pi/Lawnmower-system/install/path_nav/lib/python3.10/site-packages:/home/pi/Lawnmower-system/install/robot_interfaces/local/lib/python3.10/dist-packages /usr/bin/python3 setup.py egg_info --egg-base ../../../build/path_nav build --build-base /home/pi/Lawnmower-system/build/path_nav/build install --record /home/pi/Lawnmower-system/build/path_nav/install.log --single-version-externally-managed
