[0.069s] Invoking command in '/home/pi/Lawnmower-system/build/robot_interfaces': CMAKE_PREFIX_PATH=${CMAKE_PREFIX_PATH}:/home/pi/Lawnmower-system/install/robot_motor_control_py:/home/pi/Navigation-ROSNode/install/mcomp_test:/home/pi/Navigation-ROSNode/mcomp_test/install/mcomp_test:/opt/ros/humble /usr/bin/cmake --build /home/pi/Lawnmower-system/build/robot_interfaces -- -j4 -l4
[0.340s] [  1%] Built target robot_interfaces__cpp
[0.370s] [ 12%] Built target robot_interfaces__rosidl_generator_c
[0.487s] [ 12%] Built target ament_cmake_python_copy_robot_interfaces
[0.620s] [ 23%] Built target robot_interfaces__rosidl_typesupport_cpp
[0.633s] [ 34%] Built target robot_interfaces__rosidl_typesupport_fastrtps_cpp
[0.673s] [ 45%] Built target robot_interfaces__rosidl_typesupport_introspection_cpp
[0.779s] [ 56%] Built target robot_interfaces__rosidl_typesupport_fastrtps_c
[0.878s] [ 67%] Built target robot_interfaces__rosidl_typesupport_introspection_c
[0.889s] [ 78%] Built target robot_interfaces__rosidl_typesupport_c
[1.106s] [ 78%] Built target robot_interfaces
[1.332s] [ 80%] Built target robot_interfaces__py
[1.592s] [ 89%] Built target robot_interfaces__rosidl_generator_py
[1.860s] [ 92%] Built target robot_interfaces__rosidl_typesupport_fastrtps_c__pyext
[1.863s] [ 96%] Built target robot_interfaces__rosidl_typesupport_introspection_c__pyext
[1.884s] [100%] Built target robot_interfaces__rosidl_typesupport_c__pyext
[3.960s] running egg_info
[3.967s] writing robot_interfaces.egg-info/PKG-INFO
[3.969s] writing dependency_links to robot_interfaces.egg-info/dependency_links.txt
[3.972s] writing top-level names to robot_interfaces.egg-info/top_level.txt
[3.998s] reading manifest file 'robot_interfaces.egg-info/SOURCES.txt'
[4.006s] writing manifest file 'robot_interfaces.egg-info/SOURCES.txt'
[4.251s] [100%] Built target ament_cmake_python_build_robot_interfaces_egg
[4.362s] Invoked command in '/home/pi/Lawnmower-system/build/robot_interfaces' returned '0': CMAKE_PREFIX_PATH=${CMAKE_PREFIX_PATH}:/home/pi/Lawnmower-system/install/robot_motor_control_py:/home/pi/Navigation-ROSNode/install/mcomp_test:/home/pi/Navigation-ROSNode/mcomp_test/install/mcomp_test:/opt/ros/humble /usr/bin/cmake --build /home/pi/Lawnmower-system/build/robot_interfaces -- -j4 -l4
[5.318s] Invoking command in '/home/pi/Lawnmower-system/build/robot_interfaces': CMAKE_PREFIX_PATH=${CMAKE_PREFIX_PATH}:/home/pi/Lawnmower-system/install/robot_motor_control_py:/home/pi/Navigation-ROSNode/install/mcomp_test:/home/pi/Navigation-ROSNode/mcomp_test/install/mcomp_test:/opt/ros/humble /usr/bin/cmake --install /home/pi/Lawnmower-system/build/robot_interfaces
[5.390s] -- Install configuration: ""
[5.391s] -- Up-to-date: /home/pi/Lawnmower-system/install/robot_interfaces/share/ament_index/resource_index/rosidl_interfaces/robot_interfaces
[5.392s] -- Up-to-date: /home/pi/Lawnmower-system/install/robot_interfaces/include/robot_interfaces/robot_interfaces
[5.393s] -- Up-to-date: /home/pi/Lawnmower-system/install/robot_interfaces/include/robot_interfaces/robot_interfaces/msg
[5.394s] -- Up-to-date: /home/pi/Lawnmower-system/install/robot_interfaces/include/robot_interfaces/robot_interfaces/msg/robot_serial_received.h
[5.395s] -- Up-to-date: /home/pi/Lawnmower-system/install/robot_interfaces/include/robot_interfaces/robot_interfaces/msg/detail
[5.396s] -- Up-to-date: /home/pi/Lawnmower-system/install/robot_interfaces/include/robot_interfaces/robot_interfaces/msg/detail/robot_send_cmd__type_support.h
[5.397s] -- Up-to-date: /home/pi/Lawnmower-system/install/robot_interfaces/include/robot_interfaces/robot_interfaces/msg/detail/robot_serial_received__struct.h
[5.398s] -- Up-to-date: /home/pi/Lawnmower-system/install/robot_interfaces/include/robot_interfaces/robot_interfaces/msg/detail/robot_serial_received__functions.h
[5.399s] -- Up-to-date: /home/pi/Lawnmower-system/install/robot_interfaces/include/robot_interfaces/robot_interfaces/msg/detail/robot_send_cmd__functions.c
[5.400s] -- Up-to-date: /home/pi/Lawnmower-system/install/robot_interfaces/include/robot_interfaces/robot_interfaces/msg/detail/robot_serial_received__functions.c
[5.401s] -- Up-to-date: /home/pi/Lawnmower-system/install/robot_interfaces/include/robot_interfaces/robot_interfaces/msg/detail/robot_send_cmd__struct.h
[5.402s] -- Up-to-date: /home/pi/Lawnmower-system/install/robot_interfaces/include/robot_interfaces/robot_interfaces/msg/detail/robot_send_cmd__functions.h
[5.403s] -- Up-to-date: /home/pi/Lawnmower-system/install/robot_interfaces/include/robot_interfaces/robot_interfaces/msg/detail/robot_serial_received__type_support.h
[5.404s] -- Up-to-date: /home/pi/Lawnmower-system/install/robot_interfaces/include/robot_interfaces/robot_interfaces/msg/rosidl_generator_c__visibility_control.h
[5.405s] -- Up-to-date: /home/pi/Lawnmower-system/install/robot_interfaces/include/robot_interfaces/robot_interfaces/msg/robot_send_cmd.h
[5.406s] -- Up-to-date: /home/pi/Lawnmower-system/install/robot_interfaces/include/robot_interfaces/robot_interfaces/action
[5.407s] -- Up-to-date: /home/pi/Lawnmower-system/install/robot_interfaces/include/robot_interfaces/robot_interfaces/action/detail
[5.408s] -- Up-to-date: /home/pi/Lawnmower-system/install/robot_interfaces/include/robot_interfaces/robot_interfaces/action/detail/robot_cm_ddepressiated__type_support.h
[5.409s] -- Up-to-date: /home/pi/Lawnmower-system/install/robot_interfaces/include/robot_interfaces/robot_interfaces/action/detail/robot_cm_ddepressiated__functions.c
[5.411s] -- Up-to-date: /home/pi/Lawnmower-system/install/robot_interfaces/include/robot_interfaces/robot_interfaces/action/detail/robot_cm_ddepressiated__struct.h
[5.412s] -- Up-to-date: /home/pi/Lawnmower-system/install/robot_interfaces/include/robot_interfaces/robot_interfaces/action/detail/robot_cm_ddepressiated__functions.h
[5.413s] -- Up-to-date: /home/pi/Lawnmower-system/install/robot_interfaces/include/robot_interfaces/robot_interfaces/action/robot_cm_ddepressiated.h
[5.413s] -- Up-to-date: /home/pi/Lawnmower-system/install/robot_interfaces/include/robot_interfaces/robot_interfaces/srv
[5.415s] -- Up-to-date: /home/pi/Lawnmower-system/install/robot_interfaces/include/robot_interfaces/robot_interfaces/srv/detail
[5.416s] -- Up-to-date: /home/pi/Lawnmower-system/install/robot_interfaces/include/robot_interfaces/robot_interfaces/srv/detail/robot_cmd__struct.h
[5.417s] -- Up-to-date: /home/pi/Lawnmower-system/install/robot_interfaces/include/robot_interfaces/robot_interfaces/srv/detail/robot_cmd__functions.c
[5.418s] -- Up-to-date: /home/pi/Lawnmower-system/install/robot_interfaces/include/robot_interfaces/robot_interfaces/srv/detail/robot_cmd__functions.h
[5.419s] -- Up-to-date: /home/pi/Lawnmower-system/install/robot_interfaces/include/robot_interfaces/robot_interfaces/srv/detail/robot_cmd__type_support.h
[5.419s] -- Up-to-date: /home/pi/Lawnmower-system/install/robot_interfaces/include/robot_interfaces/robot_interfaces/srv/robot_cmd.h
[5.420s] -- Up-to-date: /home/pi/Lawnmower-system/install/robot_interfaces/share/robot_interfaces/environment/library_path.sh
[5.421s] -- Up-to-date: /home/pi/Lawnmower-system/install/robot_interfaces/share/robot_interfaces/environment/library_path.dsv
[5.422s] -- Up-to-date: /home/pi/Lawnmower-system/install/robot_interfaces/lib/librobot_interfaces__rosidl_generator_c.so
[5.425s] -- Up-to-date: /home/pi/Lawnmower-system/install/robot_interfaces/include/robot_interfaces/robot_interfaces
[5.426s] -- Up-to-date: /home/pi/Lawnmower-system/install/robot_interfaces/include/robot_interfaces/robot_interfaces/msg
[5.427s] -- Up-to-date: /home/pi/Lawnmower-system/install/robot_interfaces/include/robot_interfaces/robot_interfaces/msg/rosidl_typesupport_fastrtps_c__visibility_control.h
[5.428s] -- Up-to-date: /home/pi/Lawnmower-system/install/robot_interfaces/include/robot_interfaces/robot_interfaces/msg/detail
[5.429s] -- Up-to-date: /home/pi/Lawnmower-system/install/robot_interfaces/include/robot_interfaces/robot_interfaces/msg/detail/robot_serial_received__rosidl_typesupport_fastrtps_c.h
[5.431s] -- Up-to-date: /home/pi/Lawnmower-system/install/robot_interfaces/include/robot_interfaces/robot_interfaces/msg/detail/robot_send_cmd__rosidl_typesupport_fastrtps_c.h
[5.432s] -- Up-to-date: /home/pi/Lawnmower-system/install/robot_interfaces/include/robot_interfaces/robot_interfaces/action
[5.433s] -- Up-to-date: /home/pi/Lawnmower-system/install/robot_interfaces/include/robot_interfaces/robot_interfaces/action/detail
[5.434s] -- Up-to-date: /home/pi/Lawnmower-system/install/robot_interfaces/include/robot_interfaces/robot_interfaces/action/detail/robot_cm_ddepressiated__rosidl_typesupport_fastrtps_c.h
[5.435s] -- Up-to-date: /home/pi/Lawnmower-system/install/robot_interfaces/include/robot_interfaces/robot_interfaces/srv
[5.436s] -- Up-to-date: /home/pi/Lawnmower-system/install/robot_interfaces/include/robot_interfaces/robot_interfaces/srv/detail
[5.437s] -- Up-to-date: /home/pi/Lawnmower-system/install/robot_interfaces/include/robot_interfaces/robot_interfaces/srv/detail/robot_cmd__rosidl_typesupport_fastrtps_c.h
[5.440s] -- Up-to-date: /home/pi/Lawnmower-system/install/robot_interfaces/lib/librobot_interfaces__rosidl_typesupport_fastrtps_c.so
[5.444s] -- Up-to-date: /home/pi/Lawnmower-system/install/robot_interfaces/include/robot_interfaces/robot_interfaces
[5.445s] -- Up-to-date: /home/pi/Lawnmower-system/install/robot_interfaces/include/robot_interfaces/robot_interfaces/msg
[5.446s] -- Up-to-date: /home/pi/Lawnmower-system/install/robot_interfaces/include/robot_interfaces/robot_interfaces/msg/detail
[5.447s] -- Up-to-date: /home/pi/Lawnmower-system/install/robot_interfaces/include/robot_interfaces/robot_interfaces/msg/detail/robot_send_cmd__type_support.c
[5.448s] -- Up-to-date: /home/pi/Lawnmower-system/install/robot_interfaces/include/robot_interfaces/robot_interfaces/msg/detail/robot_serial_received__type_support.c
[5.450s] -- Up-to-date: /home/pi/Lawnmower-system/install/robot_interfaces/include/robot_interfaces/robot_interfaces/msg/detail/robot_serial_received__rosidl_typesupport_introspection_c.h
[5.451s] -- Up-to-date: /home/pi/Lawnmower-system/install/robot_interfaces/include/robot_interfaces/robot_interfaces/msg/detail/robot_send_cmd__rosidl_typesupport_introspection_c.h
[5.452s] -- Up-to-date: /home/pi/Lawnmower-system/install/robot_interfaces/include/robot_interfaces/robot_interfaces/msg/rosidl_typesupport_introspection_c__visibility_control.h
[5.453s] -- Up-to-date: /home/pi/Lawnmower-system/install/robot_interfaces/include/robot_interfaces/robot_interfaces/action
[5.454s] -- Up-to-date: /home/pi/Lawnmower-system/install/robot_interfaces/include/robot_interfaces/robot_interfaces/action/detail
[5.455s] -- Up-to-date: /home/pi/Lawnmower-system/install/robot_interfaces/include/robot_interfaces/robot_interfaces/action/detail/robot_cm_ddepressiated__type_support.c
[5.456s] -- Up-to-date: /home/pi/Lawnmower-system/install/robot_interfaces/include/robot_interfaces/robot_interfaces/action/detail/robot_cm_ddepressiated__rosidl_typesupport_introspection_c.h
[5.457s] -- Up-to-date: /home/pi/Lawnmower-system/install/robot_interfaces/include/robot_interfaces/robot_interfaces/srv
[5.458s] -- Up-to-date: /home/pi/Lawnmower-system/install/robot_interfaces/include/robot_interfaces/robot_interfaces/srv/detail
[5.459s] -- Up-to-date: /home/pi/Lawnmower-system/install/robot_interfaces/include/robot_interfaces/robot_interfaces/srv/detail/robot_cmd__type_support.c
[5.460s] -- Up-to-date: /home/pi/Lawnmower-system/install/robot_interfaces/include/robot_interfaces/robot_interfaces/srv/detail/robot_cmd__rosidl_typesupport_introspection_c.h
[5.462s] -- Up-to-date: /home/pi/Lawnmower-system/install/robot_interfaces/lib/librobot_interfaces__rosidl_typesupport_introspection_c.so
[5.468s] -- Up-to-date: /home/pi/Lawnmower-system/install/robot_interfaces/lib/librobot_interfaces__rosidl_typesupport_c.so
[5.471s] -- Up-to-date: /home/pi/Lawnmower-system/install/robot_interfaces/include/robot_interfaces/robot_interfaces
[5.472s] -- Up-to-date: /home/pi/Lawnmower-system/install/robot_interfaces/include/robot_interfaces/robot_interfaces/msg
[5.473s] -- Up-to-date: /home/pi/Lawnmower-system/install/robot_interfaces/include/robot_interfaces/robot_interfaces/msg/robot_serial_received.hpp
[5.474s] -- Up-to-date: /home/pi/Lawnmower-system/install/robot_interfaces/include/robot_interfaces/robot_interfaces/msg/robot_send_cmd.hpp
[5.475s] -- Up-to-date: /home/pi/Lawnmower-system/install/robot_interfaces/include/robot_interfaces/robot_interfaces/msg/detail
[5.476s] -- Up-to-date: /home/pi/Lawnmower-system/install/robot_interfaces/include/robot_interfaces/robot_interfaces/msg/detail/robot_send_cmd__traits.hpp
[5.477s] -- Up-to-date: /home/pi/Lawnmower-system/install/robot_interfaces/include/robot_interfaces/robot_interfaces/msg/detail/robot_serial_received__traits.hpp
[5.478s] -- Up-to-date: /home/pi/Lawnmower-system/install/robot_interfaces/include/robot_interfaces/robot_interfaces/msg/detail/robot_serial_received__struct.hpp
[5.479s] -- Up-to-date: /home/pi/Lawnmower-system/install/robot_interfaces/include/robot_interfaces/robot_interfaces/msg/detail/robot_send_cmd__builder.hpp
[5.480s] -- Up-to-date: /home/pi/Lawnmower-system/install/robot_interfaces/include/robot_interfaces/robot_interfaces/msg/detail/robot_serial_received__builder.hpp
[5.481s] -- Up-to-date: /home/pi/Lawnmower-system/install/robot_interfaces/include/robot_interfaces/robot_interfaces/msg/detail/robot_send_cmd__struct.hpp
[5.482s] -- Up-to-date: /home/pi/Lawnmower-system/install/robot_interfaces/include/robot_interfaces/robot_interfaces/action
[5.483s] -- Up-to-date: /home/pi/Lawnmower-system/install/robot_interfaces/include/robot_interfaces/robot_interfaces/action/detail
[5.484s] -- Up-to-date: /home/pi/Lawnmower-system/install/robot_interfaces/include/robot_interfaces/robot_interfaces/action/detail/robot_cm_ddepressiated__struct.hpp
[5.485s] -- Up-to-date: /home/pi/Lawnmower-system/install/robot_interfaces/include/robot_interfaces/robot_interfaces/action/detail/robot_cm_ddepressiated__builder.hpp
[5.486s] -- Up-to-date: /home/pi/Lawnmower-system/install/robot_interfaces/include/robot_interfaces/robot_interfaces/action/detail/robot_cm_ddepressiated__traits.hpp
[5.487s] -- Up-to-date: /home/pi/Lawnmower-system/install/robot_interfaces/include/robot_interfaces/robot_interfaces/action/robot_cm_ddepressiated.hpp
[5.488s] -- Up-to-date: /home/pi/Lawnmower-system/install/robot_interfaces/include/robot_interfaces/robot_interfaces/srv
[5.489s] -- Up-to-date: /home/pi/Lawnmower-system/install/robot_interfaces/include/robot_interfaces/robot_interfaces/srv/robot_cmd.hpp
[5.490s] -- Up-to-date: /home/pi/Lawnmower-system/install/robot_interfaces/include/robot_interfaces/robot_interfaces/srv/detail
[5.491s] -- Up-to-date: /home/pi/Lawnmower-system/install/robot_interfaces/include/robot_interfaces/robot_interfaces/srv/detail/robot_cmd__struct.hpp
[5.492s] -- Up-to-date: /home/pi/Lawnmower-system/install/robot_interfaces/include/robot_interfaces/robot_interfaces/srv/detail/robot_cmd__traits.hpp
[5.493s] -- Up-to-date: /home/pi/Lawnmower-system/install/robot_interfaces/include/robot_interfaces/robot_interfaces/srv/detail/robot_cmd__builder.hpp
[5.494s] -- Up-to-date: /home/pi/Lawnmower-system/install/robot_interfaces/include/robot_interfaces/robot_interfaces
[5.495s] -- Up-to-date: /home/pi/Lawnmower-system/install/robot_interfaces/include/robot_interfaces/robot_interfaces/msg
[5.496s] -- Up-to-date: /home/pi/Lawnmower-system/install/robot_interfaces/include/robot_interfaces/robot_interfaces/msg/detail
[5.497s] -- Up-to-date: /home/pi/Lawnmower-system/install/robot_interfaces/include/robot_interfaces/robot_interfaces/msg/detail/robot_serial_received__rosidl_typesupport_fastrtps_cpp.hpp
[5.498s] -- Up-to-date: /home/pi/Lawnmower-system/install/robot_interfaces/include/robot_interfaces/robot_interfaces/msg/detail/dds_fastrtps
[5.499s] -- Up-to-date: /home/pi/Lawnmower-system/install/robot_interfaces/include/robot_interfaces/robot_interfaces/msg/detail/robot_send_cmd__rosidl_typesupport_fastrtps_cpp.hpp
[5.500s] -- Up-to-date: /home/pi/Lawnmower-system/install/robot_interfaces/include/robot_interfaces/robot_interfaces/msg/rosidl_typesupport_fastrtps_cpp__visibility_control.h
[5.501s] -- Up-to-date: /home/pi/Lawnmower-system/install/robot_interfaces/include/robot_interfaces/robot_interfaces/action
[5.502s] -- Up-to-date: /home/pi/Lawnmower-system/install/robot_interfaces/include/robot_interfaces/robot_interfaces/action/detail
[5.503s] -- Up-to-date: /home/pi/Lawnmower-system/install/robot_interfaces/include/robot_interfaces/robot_interfaces/action/detail/dds_fastrtps
[5.504s] -- Up-to-date: /home/pi/Lawnmower-system/install/robot_interfaces/include/robot_interfaces/robot_interfaces/action/detail/robot_cm_ddepressiated__rosidl_typesupport_fastrtps_cpp.hpp
[5.505s] -- Up-to-date: /home/pi/Lawnmower-system/install/robot_interfaces/include/robot_interfaces/robot_interfaces/srv
[5.506s] -- Up-to-date: /home/pi/Lawnmower-system/install/robot_interfaces/include/robot_interfaces/robot_interfaces/srv/detail
[5.507s] -- Up-to-date: /home/pi/Lawnmower-system/install/robot_interfaces/include/robot_interfaces/robot_interfaces/srv/detail/robot_cmd__rosidl_typesupport_fastrtps_cpp.hpp
[5.507s] -- Up-to-date: /home/pi/Lawnmower-system/install/robot_interfaces/include/robot_interfaces/robot_interfaces/srv/detail/dds_fastrtps
[5.509s] -- Up-to-date: /home/pi/Lawnmower-system/install/robot_interfaces/lib/librobot_interfaces__rosidl_typesupport_fastrtps_cpp.so
[5.513s] -- Up-to-date: /home/pi/Lawnmower-system/install/robot_interfaces/include/robot_interfaces/robot_interfaces
[5.514s] -- Up-to-date: /home/pi/Lawnmower-system/install/robot_interfaces/include/robot_interfaces/robot_interfaces/msg
[5.515s] -- Up-to-date: /home/pi/Lawnmower-system/install/robot_interfaces/include/robot_interfaces/robot_interfaces/msg/detail
[5.516s] -- Up-to-date: /home/pi/Lawnmower-system/install/robot_interfaces/include/robot_interfaces/robot_interfaces/msg/detail/robot_send_cmd__rosidl_typesupport_introspection_cpp.hpp
[5.517s] -- Up-to-date: /home/pi/Lawnmower-system/install/robot_interfaces/include/robot_interfaces/robot_interfaces/msg/detail/robot_serial_received__type_support.cpp
[5.519s] -- Up-to-date: /home/pi/Lawnmower-system/install/robot_interfaces/include/robot_interfaces/robot_interfaces/msg/detail/robot_serial_received__rosidl_typesupport_introspection_cpp.hpp
[5.520s] -- Up-to-date: /home/pi/Lawnmower-system/install/robot_interfaces/include/robot_interfaces/robot_interfaces/msg/detail/robot_send_cmd__type_support.cpp
[5.521s] -- Up-to-date: /home/pi/Lawnmower-system/install/robot_interfaces/include/robot_interfaces/robot_interfaces/action
[5.521s] -- Up-to-date: /home/pi/Lawnmower-system/install/robot_interfaces/include/robot_interfaces/robot_interfaces/action/detail
[5.522s] -- Up-to-date: /home/pi/Lawnmower-system/install/robot_interfaces/include/robot_interfaces/robot_interfaces/action/detail/robot_cm_ddepressiated__rosidl_typesupport_introspection_cpp.hpp
[5.524s] -- Up-to-date: /home/pi/Lawnmower-system/install/robot_interfaces/include/robot_interfaces/robot_interfaces/action/detail/robot_cm_ddepressiated__type_support.cpp
[5.525s] -- Up-to-date: /home/pi/Lawnmower-system/install/robot_interfaces/include/robot_interfaces/robot_interfaces/srv
[5.525s] -- Up-to-date: /home/pi/Lawnmower-system/install/robot_interfaces/include/robot_interfaces/robot_interfaces/srv/detail
[5.526s] -- Up-to-date: /home/pi/Lawnmower-system/install/robot_interfaces/include/robot_interfaces/robot_interfaces/srv/detail/robot_cmd__rosidl_typesupport_introspection_cpp.hpp
[5.527s] -- Up-to-date: /home/pi/Lawnmower-system/install/robot_interfaces/include/robot_interfaces/robot_interfaces/srv/detail/robot_cmd__type_support.cpp
[5.531s] -- Up-to-date: /home/pi/Lawnmower-system/install/robot_interfaces/lib/librobot_interfaces__rosidl_typesupport_introspection_cpp.so
[5.537s] -- Up-to-date: /home/pi/Lawnmower-system/install/robot_interfaces/lib/librobot_interfaces__rosidl_typesupport_cpp.so
[5.540s] -- Up-to-date: /home/pi/Lawnmower-system/install/robot_interfaces/share/robot_interfaces/environment/pythonpath.sh
[5.541s] -- Up-to-date: /home/pi/Lawnmower-system/install/robot_interfaces/share/robot_interfaces/environment/pythonpath.dsv
[5.542s] -- Up-to-date: /home/pi/Lawnmower-system/install/robot_interfaces/local/lib/python3.10/dist-packages/robot_interfaces-0.0.0-py3.10.egg-info
[5.543s] -- Installing: /home/pi/Lawnmower-system/install/robot_interfaces/local/lib/python3.10/dist-packages/robot_interfaces-0.0.0-py3.10.egg-info/dependency_links.txt
[5.547s] -- Installing: /home/pi/Lawnmower-system/install/robot_interfaces/local/lib/python3.10/dist-packages/robot_interfaces-0.0.0-py3.10.egg-info/top_level.txt
[5.551s] -- Installing: /home/pi/Lawnmower-system/install/robot_interfaces/local/lib/python3.10/dist-packages/robot_interfaces-0.0.0-py3.10.egg-info/SOURCES.txt
[5.554s] -- Installing: /home/pi/Lawnmower-system/install/robot_interfaces/local/lib/python3.10/dist-packages/robot_interfaces-0.0.0-py3.10.egg-info/PKG-INFO
[5.558s] -- Up-to-date: /home/pi/Lawnmower-system/install/robot_interfaces/local/lib/python3.10/dist-packages/robot_interfaces
[5.559s] -- Up-to-date: /home/pi/Lawnmower-system/install/robot_interfaces/local/lib/python3.10/dist-packages/robot_interfaces/msg
[5.560s] -- Up-to-date: /home/pi/Lawnmower-system/install/robot_interfaces/local/lib/python3.10/dist-packages/robot_interfaces/msg/_robot_serial_received.py
[5.561s] -- Up-to-date: /home/pi/Lawnmower-system/install/robot_interfaces/local/lib/python3.10/dist-packages/robot_interfaces/msg/__init__.py
[5.562s] -- Up-to-date: /home/pi/Lawnmower-system/install/robot_interfaces/local/lib/python3.10/dist-packages/robot_interfaces/msg/_robot_send_cmd_s.c
[5.563s] -- Up-to-date: /home/pi/Lawnmower-system/install/robot_interfaces/local/lib/python3.10/dist-packages/robot_interfaces/msg/_robot_send_cmd.py
[5.565s] -- Up-to-date: /home/pi/Lawnmower-system/install/robot_interfaces/local/lib/python3.10/dist-packages/robot_interfaces/msg/_robot_serial_received_s.c
[5.566s] -- Up-to-date: /home/pi/Lawnmower-system/install/robot_interfaces/local/lib/python3.10/dist-packages/robot_interfaces/_robot_interfaces_s.ep.rosidl_typesupport_c.c
[5.567s] -- Up-to-date: /home/pi/Lawnmower-system/install/robot_interfaces/local/lib/python3.10/dist-packages/robot_interfaces/__init__.py
[5.568s] -- Up-to-date: /home/pi/Lawnmower-system/install/robot_interfaces/local/lib/python3.10/dist-packages/robot_interfaces/robot_interfaces_s__rosidl_typesupport_c.cpython-310-aarch64-linux-gnu.so
[5.569s] -- Up-to-date: /home/pi/Lawnmower-system/install/robot_interfaces/local/lib/python3.10/dist-packages/robot_interfaces/_robot_interfaces_s.ep.rosidl_typesupport_introspection_c.c
[5.570s] -- Up-to-date: /home/pi/Lawnmower-system/install/robot_interfaces/local/lib/python3.10/dist-packages/robot_interfaces/_robot_interfaces_s.ep.rosidl_typesupport_fastrtps_c.c
[5.571s] -- Up-to-date: /home/pi/Lawnmower-system/install/robot_interfaces/local/lib/python3.10/dist-packages/robot_interfaces/action
[5.572s] -- Up-to-date: /home/pi/Lawnmower-system/install/robot_interfaces/local/lib/python3.10/dist-packages/robot_interfaces/action/_robot_cm_ddepressiated.py
[5.573s] -- Up-to-date: /home/pi/Lawnmower-system/install/robot_interfaces/local/lib/python3.10/dist-packages/robot_interfaces/action/__init__.py
[5.574s] -- Up-to-date: /home/pi/Lawnmower-system/install/robot_interfaces/local/lib/python3.10/dist-packages/robot_interfaces/action/_robot_cm_ddepressiated_s.c
[5.575s] -- Up-to-date: /home/pi/Lawnmower-system/install/robot_interfaces/local/lib/python3.10/dist-packages/robot_interfaces/librobot_interfaces__rosidl_generator_py.so
[5.576s] -- Up-to-date: /home/pi/Lawnmower-system/install/robot_interfaces/local/lib/python3.10/dist-packages/robot_interfaces/robot_interfaces_s__rosidl_typesupport_fastrtps_c.cpython-310-aarch64-linux-gnu.so
[5.577s] -- Up-to-date: /home/pi/Lawnmower-system/install/robot_interfaces/local/lib/python3.10/dist-packages/robot_interfaces/robot_interfaces_s__rosidl_typesupport_introspection_c.cpython-310-aarch64-linux-gnu.so
[5.578s] -- Up-to-date: /home/pi/Lawnmower-system/install/robot_interfaces/local/lib/python3.10/dist-packages/robot_interfaces/srv
[5.579s] -- Up-to-date: /home/pi/Lawnmower-system/install/robot_interfaces/local/lib/python3.10/dist-packages/robot_interfaces/srv/_robot_cmd_s.c
[5.580s] -- Up-to-date: /home/pi/Lawnmower-system/install/robot_interfaces/local/lib/python3.10/dist-packages/robot_interfaces/srv/__init__.py
[5.581s] -- Up-to-date: /home/pi/Lawnmower-system/install/robot_interfaces/local/lib/python3.10/dist-packages/robot_interfaces/srv/_robot_cmd.py
[5.977s] Listing '/home/pi/Lawnmower-system/install/robot_interfaces/local/lib/python3.10/dist-packages/robot_interfaces'...
[5.978s] Listing '/home/pi/Lawnmower-system/install/robot_interfaces/local/lib/python3.10/dist-packages/robot_interfaces/action'...
[5.980s] Listing '/home/pi/Lawnmower-system/install/robot_interfaces/local/lib/python3.10/dist-packages/robot_interfaces/msg'...
[5.981s] Listing '/home/pi/Lawnmower-system/install/robot_interfaces/local/lib/python3.10/dist-packages/robot_interfaces/srv'...
[6.021s] -- Up-to-date: /home/pi/Lawnmower-system/install/robot_interfaces/local/lib/python3.10/dist-packages/robot_interfaces/robot_interfaces_s__rosidl_typesupport_fastrtps_c.cpython-310-aarch64-linux-gnu.so
[6.027s] -- Up-to-date: /home/pi/Lawnmower-system/install/robot_interfaces/local/lib/python3.10/dist-packages/robot_interfaces/robot_interfaces_s__rosidl_typesupport_introspection_c.cpython-310-aarch64-linux-gnu.so
[6.034s] -- Up-to-date: /home/pi/Lawnmower-system/install/robot_interfaces/local/lib/python3.10/dist-packages/robot_interfaces/robot_interfaces_s__rosidl_typesupport_c.cpython-310-aarch64-linux-gnu.so
[6.040s] -- Up-to-date: /home/pi/Lawnmower-system/install/robot_interfaces/lib/librobot_interfaces__rosidl_generator_py.so
[6.044s] -- Up-to-date: /home/pi/Lawnmower-system/install/robot_interfaces/share/robot_interfaces/msg/RobotSerialReceived.idl
[6.045s] -- Up-to-date: /home/pi/Lawnmower-system/install/robot_interfaces/share/robot_interfaces/msg/RobotSendCMD.idl
[6.046s] -- Up-to-date: /home/pi/Lawnmower-system/install/robot_interfaces/share/robot_interfaces/srv/RobotCMD.idl
[6.047s] -- Up-to-date: /home/pi/Lawnmower-system/install/robot_interfaces/share/robot_interfaces/action/RobotCMDdepressiated.idl
[6.048s] -- Up-to-date: /home/pi/Lawnmower-system/install/robot_interfaces/share/robot_interfaces/msg/RobotSerialReceived.msg
[6.049s] -- Up-to-date: /home/pi/Lawnmower-system/install/robot_interfaces/share/robot_interfaces/msg/RobotSendCMD.msg
[6.050s] -- Up-to-date: /home/pi/Lawnmower-system/install/robot_interfaces/share/robot_interfaces/srv/RobotCMD.srv
[6.051s] -- Up-to-date: /home/pi/Lawnmower-system/install/robot_interfaces/share/robot_interfaces/srv/RobotCMD_Request.msg
[6.052s] -- Up-to-date: /home/pi/Lawnmower-system/install/robot_interfaces/share/robot_interfaces/srv/RobotCMD_Response.msg
[6.054s] -- Up-to-date: /home/pi/Lawnmower-system/install/robot_interfaces/share/robot_interfaces/action/RobotCMDdepressiated.action
[6.056s] -- Up-to-date: /home/pi/Lawnmower-system/install/robot_interfaces/share/ament_index/resource_index/package_run_dependencies/robot_interfaces
[6.057s] -- Up-to-date: /home/pi/Lawnmower-system/install/robot_interfaces/share/ament_index/resource_index/parent_prefix_path/robot_interfaces
[6.058s] -- Up-to-date: /home/pi/Lawnmower-system/install/robot_interfaces/share/robot_interfaces/environment/ament_prefix_path.sh
[6.059s] -- Up-to-date: /home/pi/Lawnmower-system/install/robot_interfaces/share/robot_interfaces/environment/ament_prefix_path.dsv
[6.060s] -- Up-to-date: /home/pi/Lawnmower-system/install/robot_interfaces/share/robot_interfaces/environment/path.sh
[6.061s] -- Up-to-date: /home/pi/Lawnmower-system/install/robot_interfaces/share/robot_interfaces/environment/path.dsv
[6.062s] -- Up-to-date: /home/pi/Lawnmower-system/install/robot_interfaces/share/robot_interfaces/local_setup.bash
[6.063s] -- Up-to-date: /home/pi/Lawnmower-system/install/robot_interfaces/share/robot_interfaces/local_setup.sh
[6.064s] -- Up-to-date: /home/pi/Lawnmower-system/install/robot_interfaces/share/robot_interfaces/local_setup.zsh
[6.065s] -- Up-to-date: /home/pi/Lawnmower-system/install/robot_interfaces/share/robot_interfaces/local_setup.dsv
[6.066s] -- Installing: /home/pi/Lawnmower-system/install/robot_interfaces/share/robot_interfaces/package.dsv
[6.068s] -- Up-to-date: /home/pi/Lawnmower-system/install/robot_interfaces/share/ament_index/resource_index/packages/robot_interfaces
[6.071s] -- Up-to-date: /home/pi/Lawnmower-system/install/robot_interfaces/share/robot_interfaces/cmake/export_robot_interfaces__rosidl_generator_cExport.cmake
[6.072s] -- Up-to-date: /home/pi/Lawnmower-system/install/robot_interfaces/share/robot_interfaces/cmake/export_robot_interfaces__rosidl_generator_cExport-noconfig.cmake
[6.074s] -- Up-to-date: /home/pi/Lawnmower-system/install/robot_interfaces/share/robot_interfaces/cmake/export_robot_interfaces__rosidl_typesupport_fastrtps_cExport.cmake
[6.075s] -- Up-to-date: /home/pi/Lawnmower-system/install/robot_interfaces/share/robot_interfaces/cmake/export_robot_interfaces__rosidl_typesupport_fastrtps_cExport-noconfig.cmake
[6.078s] -- Up-to-date: /home/pi/Lawnmower-system/install/robot_interfaces/share/robot_interfaces/cmake/robot_interfaces__rosidl_typesupport_introspection_cExport.cmake
[6.079s] -- Up-to-date: /home/pi/Lawnmower-system/install/robot_interfaces/share/robot_interfaces/cmake/robot_interfaces__rosidl_typesupport_introspection_cExport-noconfig.cmake
[6.081s] -- Up-to-date: /home/pi/Lawnmower-system/install/robot_interfaces/share/robot_interfaces/cmake/robot_interfaces__rosidl_typesupport_cExport.cmake
[6.083s] -- Up-to-date: /home/pi/Lawnmower-system/install/robot_interfaces/share/robot_interfaces/cmake/robot_interfaces__rosidl_typesupport_cExport-noconfig.cmake
[6.085s] -- Up-to-date: /home/pi/Lawnmower-system/install/robot_interfaces/share/robot_interfaces/cmake/export_robot_interfaces__rosidl_generator_cppExport.cmake
[6.087s] -- Up-to-date: /home/pi/Lawnmower-system/install/robot_interfaces/share/robot_interfaces/cmake/export_robot_interfaces__rosidl_typesupport_fastrtps_cppExport.cmake
[6.088s] -- Up-to-date: /home/pi/Lawnmower-system/install/robot_interfaces/share/robot_interfaces/cmake/export_robot_interfaces__rosidl_typesupport_fastrtps_cppExport-noconfig.cmake
[6.091s] -- Up-to-date: /home/pi/Lawnmower-system/install/robot_interfaces/share/robot_interfaces/cmake/robot_interfaces__rosidl_typesupport_introspection_cppExport.cmake
[6.092s] -- Up-to-date: /home/pi/Lawnmower-system/install/robot_interfaces/share/robot_interfaces/cmake/robot_interfaces__rosidl_typesupport_introspection_cppExport-noconfig.cmake
[6.094s] -- Up-to-date: /home/pi/Lawnmower-system/install/robot_interfaces/share/robot_interfaces/cmake/robot_interfaces__rosidl_typesupport_cppExport.cmake
[6.096s] -- Up-to-date: /home/pi/Lawnmower-system/install/robot_interfaces/share/robot_interfaces/cmake/robot_interfaces__rosidl_typesupport_cppExport-noconfig.cmake
[6.098s] -- Up-to-date: /home/pi/Lawnmower-system/install/robot_interfaces/share/robot_interfaces/cmake/export_robot_interfaces__rosidl_generator_pyExport.cmake
[6.099s] -- Up-to-date: /home/pi/Lawnmower-system/install/robot_interfaces/share/robot_interfaces/cmake/export_robot_interfaces__rosidl_generator_pyExport-noconfig.cmake
[6.100s] -- Up-to-date: /home/pi/Lawnmower-system/install/robot_interfaces/share/robot_interfaces/cmake/rosidl_cmake-extras.cmake
[6.101s] -- Up-to-date: /home/pi/Lawnmower-system/install/robot_interfaces/share/robot_interfaces/cmake/ament_cmake_export_dependencies-extras.cmake
[6.103s] -- Up-to-date: /home/pi/Lawnmower-system/install/robot_interfaces/share/robot_interfaces/cmake/ament_cmake_export_include_directories-extras.cmake
[6.104s] -- Up-to-date: /home/pi/Lawnmower-system/install/robot_interfaces/share/robot_interfaces/cmake/ament_cmake_export_libraries-extras.cmake
[6.105s] -- Up-to-date: /home/pi/Lawnmower-system/install/robot_interfaces/share/robot_interfaces/cmake/ament_cmake_export_targets-extras.cmake
[6.106s] -- Up-to-date: /home/pi/Lawnmower-system/install/robot_interfaces/share/robot_interfaces/cmake/rosidl_cmake_export_typesupport_targets-extras.cmake
[6.107s] -- Up-to-date: /home/pi/Lawnmower-system/install/robot_interfaces/share/robot_interfaces/cmake/rosidl_cmake_export_typesupport_libraries-extras.cmake
[6.109s] -- Up-to-date: /home/pi/Lawnmower-system/install/robot_interfaces/share/robot_interfaces/cmake/robot_interfacesConfig.cmake
[6.110s] -- Up-to-date: /home/pi/Lawnmower-system/install/robot_interfaces/share/robot_interfaces/cmake/robot_interfacesConfig-version.cmake
[6.111s] -- Up-to-date: /home/pi/Lawnmower-system/install/robot_interfaces/share/robot_interfaces/package.xml
[6.131s] Invoked command in '/home/pi/Lawnmower-system/build/robot_interfaces' returned '0': CMAKE_PREFIX_PATH=${CMAKE_PREFIX_PATH}:/home/pi/Lawnmower-system/install/robot_motor_control_py:/home/pi/Navigation-ROSNode/install/mcomp_test:/home/pi/Navigation-ROSNode/mcomp_test/install/mcomp_test:/opt/ros/humble /usr/bin/cmake --install /home/pi/Lawnmower-system/build/robot_interfaces
