[7.488s] Invoking command in '/home/pi/Lawnmower-system/ros_mower_robot_ws/src/path_nav': CMAKE_PREFIX_PATH=/home/pi/Lawnmower-system/install/robot_interfaces:/home/pi/Lawnmower-system/install/path_nav PYTHONPATH=/home/pi/Lawnmower-system/build/path_nav/prefix_override:/home/pi/Lawnmower-system/install/path_nav/lib/python3.10/site-packages:${PYTHONPATH} /usr/bin/python3 setup.py egg_info --egg-base ../../../build/path_nav build --build-base /home/pi/Lawnmower-system/build/path_nav/build install --record /home/pi/Lawnmower-system/build/path_nav/install.log --single-version-externally-managed
[9.331s] running egg_info
[9.333s] writing ../../../build/path_nav/path_nav.egg-info/PKG-INFO
[9.335s] writing dependency_links to ../../../build/path_nav/path_nav.egg-info/dependency_links.txt
[9.336s] writing entry points to ../../../build/path_nav/path_nav.egg-info/entry_points.txt
[9.337s] writing requirements to ../../../build/path_nav/path_nav.egg-info/requires.txt
[9.338s] writing top-level names to ../../../build/path_nav/path_nav.egg-info/top_level.txt
[9.347s] reading manifest file '../../../build/path_nav/path_nav.egg-info/SOURCES.txt'
[9.352s] writing manifest file '../../../build/path_nav/path_nav.egg-info/SOURCES.txt'
[9.353s] running build
[9.353s] running build_py
[9.354s] copying path_nav/mower.py -> /home/pi/Lawnmower-system/build/path_nav/build/lib/path_nav
[9.357s] running install
[9.357s] /usr/lib/python3/dist-packages/setuptools/command/install.py:34: SetuptoolsDeprecationWarning: setup.py install is deprecated. Use build and pip and other standards-based tools.
[9.358s]   warnings.warn(
[9.358s] running install_lib
[9.363s] copying /home/pi/Lawnmower-system/build/path_nav/build/lib/path_nav/mower.py -> /home/pi/Lawnmower-system/install/path_nav/lib/python3.10/site-packages/path_nav
[9.368s] byte-compiling /home/pi/Lawnmower-system/install/path_nav/lib/python3.10/site-packages/path_nav/mower.py to mower.cpython-310.pyc
[9.386s] running install_data
[9.389s] running install_egg_info
[9.396s] removing '/home/pi/Lawnmower-system/install/path_nav/lib/python3.10/site-packages/path_nav-0.0.0-py3.10.egg-info' (and everything under it)
[9.397s] Copying ../../../build/path_nav/path_nav.egg-info to /home/pi/Lawnmower-system/install/path_nav/lib/python3.10/site-packages/path_nav-0.0.0-py3.10.egg-info
[9.402s] running install_scripts
[9.492s] Installing robot_nav script to /home/pi/Lawnmower-system/install/path_nav/lib/path_nav
[9.495s] writing list of installed files to '/home/pi/Lawnmower-system/build/path_nav/install.log'
[9.679s] Invoked command in '/home/pi/Lawnmower-system/ros_mower_robot_ws/src/path_nav' returned '0': CMAKE_PREFIX_PATH=/home/pi/Lawnmower-system/install/robot_interfaces:/home/pi/Lawnmower-system/install/path_nav PYTHONPATH=/home/pi/Lawnmower-system/build/path_nav/prefix_override:/home/pi/Lawnmower-system/install/path_nav/lib/python3.10/site-packages:${PYTHONPATH} /usr/bin/python3 setup.py egg_info --egg-base ../../../build/path_nav build --build-base /home/pi/Lawnmower-system/build/path_nav/build install --record /home/pi/Lawnmower-system/build/path_nav/install.log --single-version-externally-managed
