[12.031s] Invoking command in '/home/pi/Lawnmower-system/ros_mower_robot_ws/src/robot_motor_control_py': CMAKE_PREFIX_PATH=/home/pi/Lawnmower-system/install/robot_interfaces:/home/pi/Lawnmower-system/install/path_nav PYTHONPATH=/home/pi/Lawnmower-system/build/robot_motor_control_py/prefix_override:/home/pi/Lawnmower-system/install/robot_motor_control_py/lib/python3.10/site-packages:${PYTHONPATH} /usr/bin/python3 setup.py egg_info --egg-base ../../../build/robot_motor_control_py build --build-base /home/pi/Lawnmower-system/build/robot_motor_control_py/build install --record /home/pi/Lawnmower-system/build/robot_motor_control_py/install.log --single-version-externally-managed
[15.614s] running egg_info
[15.621s] writing ../../../build/robot_motor_control_py/robot_motor_control_py.egg-info/PKG-INFO
[15.625s] writing dependency_links to ../../../build/robot_motor_control_py/robot_motor_control_py.egg-info/dependency_links.txt
[15.629s] writing entry points to ../../../build/robot_motor_control_py/robot_motor_control_py.egg-info/entry_points.txt
[15.631s] writing requirements to ../../../build/robot_motor_control_py/robot_motor_control_py.egg-info/requires.txt
[15.633s] writing top-level names to ../../../build/robot_motor_control_py/robot_motor_control_py.egg-info/top_level.txt
[15.651s] reading manifest file '../../../build/robot_motor_control_py/robot_motor_control_py.egg-info/SOURCES.txt'
[15.669s] writing manifest file '../../../build/robot_motor_control_py/robot_motor_control_py.egg-info/SOURCES.txt'
[15.672s] running build
[15.675s] running build_py
[15.676s] copying robot_motor_control_py/robot_bridge.py -> /home/pi/Lawnmower-system/build/robot_motor_control_py/build/lib/robot_motor_control_py
[15.683s] running install
[15.687s] /usr/lib/python3/dist-packages/setuptools/command/install.py:34: SetuptoolsDeprecationWarning: setup.py install is deprecated. Use build and pip and other standards-based tools.
[15.691s]   warnings.warn(
[15.694s] running install_lib
[15.700s] copying /home/pi/Lawnmower-system/build/robot_motor_control_py/build/lib/robot_motor_control_py/robot_bridge.py -> /home/pi/Lawnmower-system/install/robot_motor_control_py/lib/python3.10/site-packages/robot_motor_control_py
[15.716s] byte-compiling /home/pi/Lawnmower-system/install/robot_motor_control_py/lib/python3.10/site-packages/robot_motor_control_py/robot_bridge.py to robot_bridge.cpython-310.pyc
[15.728s] running install_data
[15.737s] running install_egg_info
[15.767s] removing '/home/pi/Lawnmower-system/install/robot_motor_control_py/lib/python3.10/site-packages/robot_motor_control_py-0.0.0-py3.10.egg-info' (and everything under it)
[15.773s] Copying ../../../build/robot_motor_control_py/robot_motor_control_py.egg-info to /home/pi/Lawnmower-system/install/robot_motor_control_py/lib/python3.10/site-packages/robot_motor_control_py-0.0.0-py3.10.egg-info
[15.801s] running install_scripts
[16.073s] Installing robot_bridge script to /home/pi/Lawnmower-system/install/robot_motor_control_py/lib/robot_motor_control_py
[16.075s] Installing robot_path_provider_client script to /home/pi/Lawnmower-system/install/robot_motor_control_py/lib/robot_motor_control_py
[16.077s] Installing robot_user_client script to /home/pi/Lawnmower-system/install/robot_motor_control_py/lib/robot_motor_control_py
[16.084s] writing list of installed files to '/home/pi/Lawnmower-system/build/robot_motor_control_py/install.log'
[16.335s] Invoked command in '/home/pi/Lawnmower-system/ros_mower_robot_ws/src/robot_motor_control_py' returned '0': CMAKE_PREFIX_PATH=/home/pi/Lawnmower-system/install/robot_interfaces:/home/pi/Lawnmower-system/install/path_nav PYTHONPATH=/home/pi/Lawnmower-system/build/robot_motor_control_py/prefix_override:/home/pi/Lawnmower-system/install/robot_motor_control_py/lib/python3.10/site-packages:${PYTHONPATH} /usr/bin/python3 setup.py egg_info --egg-base ../../../build/robot_motor_control_py build --build-base /home/pi/Lawnmower-system/build/robot_motor_control_py/build install --record /home/pi/Lawnmower-system/build/robot_motor_control_py/install.log --single-version-externally-managed
