[11.176s] Invoking command in '/home/pi/Lawnmower-system/ros_mower_robot_ws/src/path_nav': CMAKE_PREFIX_PATH=/home/pi/Lawnmower-system/install/robot_interfaces:/home/pi/Lawnmower-system/install/path_nav LD_LIBRARY_PATH=/home/pi/Lawnmower-system/install/robot_interfaces/lib:/opt/ros/humble/opt/rviz_ogre_vendor/lib:/opt/ros/humble/lib/aarch64-linux-gnu:/opt/ros/humble/lib PYTHONPATH=/home/pi/Lawnmower-system/build/path_nav/prefix_override:/home/pi/Lawnmower-system/install/path_nav/lib/python3.10/site-packages:${PYTHONPATH} /usr/bin/python3 setup.py egg_info --egg-base ../../../build/path_nav build --build-base /home/pi/Lawnmower-system/build/path_nav/build install --record /home/pi/Lawnmower-system/build/path_nav/install.log --single-version-externally-managed
[14.366s] running egg_info
[14.372s] writing ../../../build/path_nav/path_nav.egg-info/PKG-INFO
[14.375s] writing dependency_links to ../../../build/path_nav/path_nav.egg-info/dependency_links.txt
[14.377s] writing entry points to ../../../build/path_nav/path_nav.egg-info/entry_points.txt
[14.379s] writing requirements to ../../../build/path_nav/path_nav.egg-info/requires.txt
[14.381s] writing top-level names to ../../../build/path_nav/path_nav.egg-info/top_level.txt
[14.401s] reading manifest file '../../../build/path_nav/path_nav.egg-info/SOURCES.txt'
[14.413s] writing manifest file '../../../build/path_nav/path_nav.egg-info/SOURCES.txt'
[14.417s] running build
[14.418s] running build_py
[14.425s] copying path_nav/lidar_sim.py -> /home/pi/Lawnmower-system/build/path_nav/build/lib/path_nav
[14.427s] running install
[14.429s] /usr/lib/python3/dist-packages/setuptools/command/install.py:34: SetuptoolsDeprecationWarning: setup.py install is deprecated. Use build and pip and other standards-based tools.
[14.430s]   warnings.warn(
[14.431s] running install_lib
[14.441s] copying /home/pi/Lawnmower-system/build/path_nav/build/lib/path_nav/lidar_sim.py -> /home/pi/Lawnmower-system/install/path_nav/lib/python3.10/site-packages/path_nav
[14.450s] byte-compiling /home/pi/Lawnmower-system/install/path_nav/lib/python3.10/site-packages/path_nav/lidar_sim.py to lidar_sim.cpython-310.pyc
[14.476s] running install_data
[14.482s] running install_egg_info
[14.496s] removing '/home/pi/Lawnmower-system/install/path_nav/lib/python3.10/site-packages/path_nav-0.0.0-py3.10.egg-info' (and everything under it)
[14.501s] Copying ../../../build/path_nav/path_nav.egg-info to /home/pi/Lawnmower-system/install/path_nav/lib/python3.10/site-packages/path_nav-0.0.0-py3.10.egg-info
[14.516s] running install_scripts
[14.723s] Installing robot_nav script to /home/pi/Lawnmower-system/install/path_nav/lib/path_nav
[14.728s] writing list of installed files to '/home/pi/Lawnmower-system/build/path_nav/install.log'
[15.007s] Invoked command in '/home/pi/Lawnmower-system/ros_mower_robot_ws/src/path_nav' returned '0': CMAKE_PREFIX_PATH=/home/pi/Lawnmower-system/install/robot_interfaces:/home/pi/Lawnmower-system/install/path_nav LD_LIBRARY_PATH=/home/pi/Lawnmower-system/install/robot_interfaces/lib:/opt/ros/humble/opt/rviz_ogre_vendor/lib:/opt/ros/humble/lib/aarch64-linux-gnu:/opt/ros/humble/lib PYTHONPATH=/home/pi/Lawnmower-system/build/path_nav/prefix_override:/home/pi/Lawnmower-system/install/path_nav/lib/python3.10/site-packages:${PYTHONPATH} /usr/bin/python3 setup.py egg_info --egg-base ../../../build/path_nav build --build-base /home/pi/Lawnmower-system/build/path_nav/build install --record /home/pi/Lawnmower-system/build/path_nav/install.log --single-version-externally-managed
