/home/pi/Lawnmower-system/install/robot_motor_control_py/lib/python3.10/site-packages/robot_motor_control_py/robot_bridge.py
/home/pi/Lawnmower-system/install/robot_motor_control_py/lib/python3.10/site-packages/robot_motor_control_py/robot_controller_bridge_action_client.py
/home/pi/Lawnmower-system/install/robot_motor_control_py/lib/python3.10/site-packages/robot_motor_control_py/__init__.py
/home/pi/Lawnmower-system/install/robot_motor_control_py/lib/python3.10/site-packages/robot_motor_control_py/robot_controller_bridge_action_server.py
/home/pi/Lawnmower-system/install/robot_motor_control_py/lib/python3.10/site-packages/robot_motor_control_py/robot_user_client.py
/home/pi/Lawnmower-system/install/robot_motor_control_py/lib/python3.10/site-packages/robot_motor_control_py/robot_path_provider_client.py
/home/pi/Lawnmower-system/install/robot_motor_control_py/lib/python3.10/site-packages/Pathing/Sample_Co_ordinates.py
/home/pi/Lawnmower-system/install/robot_motor_control_py/lib/python3.10/site-packages/Pathing/Path_to_CMDs.py
/home/pi/Lawnmower-system/install/robot_motor_control_py/lib/python3.10/site-packages/Pathing/__init__.py
/home/pi/Lawnmower-system/install/robot_motor_control_py/lib/python3.10/site-packages/robot_motor_control_py/__pycache__/robot_bridge.cpython-310.pyc
/home/pi/Lawnmower-system/install/robot_motor_control_py/lib/python3.10/site-packages/robot_motor_control_py/__pycache__/robot_controller_bridge_action_client.cpython-310.pyc
/home/pi/Lawnmower-system/install/robot_motor_control_py/lib/python3.10/site-packages/robot_motor_control_py/__pycache__/__init__.cpython-310.pyc
/home/pi/Lawnmower-system/install/robot_motor_control_py/lib/python3.10/site-packages/robot_motor_control_py/__pycache__/robot_controller_bridge_action_server.cpython-310.pyc
/home/pi/Lawnmower-system/install/robot_motor_control_py/lib/python3.10/site-packages/robot_motor_control_py/__pycache__/robot_user_client.cpython-310.pyc
/home/pi/Lawnmower-system/install/robot_motor_control_py/lib/python3.10/site-packages/robot_motor_control_py/__pycache__/robot_path_provider_client.cpython-310.pyc
/home/pi/Lawnmower-system/install/robot_motor_control_py/lib/python3.10/site-packages/Pathing/__pycache__/Sample_Co_ordinates.cpython-310.pyc
/home/pi/Lawnmower-system/install/robot_motor_control_py/lib/python3.10/site-packages/Pathing/__pycache__/Path_to_CMDs.cpython-310.pyc
/home/pi/Lawnmower-system/install/robot_motor_control_py/lib/python3.10/site-packages/Pathing/__pycache__/__init__.cpython-310.pyc
/home/pi/Lawnmower-system/install/robot_motor_control_py/share/ament_index/resource_index/packages/robot_motor_control_py
/home/pi/Lawnmower-system/install/robot_motor_control_py/share/robot_motor_control_py/package.xml
/home/pi/Lawnmower-system/install/robot_motor_control_py/lib/python3.10/site-packages/robot_motor_control_py-0.0.0-py3.10.egg-info/requires.txt
/home/pi/Lawnmower-system/install/robot_motor_control_py/lib/python3.10/site-packages/robot_motor_control_py-0.0.0-py3.10.egg-info/dependency_links.txt
/home/pi/Lawnmower-system/install/robot_motor_control_py/lib/python3.10/site-packages/robot_motor_control_py-0.0.0-py3.10.egg-info/zip-safe
/home/pi/Lawnmower-system/install/robot_motor_control_py/lib/python3.10/site-packages/robot_motor_control_py-0.0.0-py3.10.egg-info/top_level.txt
/home/pi/Lawnmower-system/install/robot_motor_control_py/lib/python3.10/site-packages/robot_motor_control_py-0.0.0-py3.10.egg-info/entry_points.txt
/home/pi/Lawnmower-system/install/robot_motor_control_py/lib/python3.10/site-packages/robot_motor_control_py-0.0.0-py3.10.egg-info/SOURCES.txt
/home/pi/Lawnmower-system/install/robot_motor_control_py/lib/python3.10/site-packages/robot_motor_control_py-0.0.0-py3.10.egg-info/PKG-INFO
/home/pi/Lawnmower-system/install/robot_motor_control_py/lib/robot_motor_control_py/robot_bridge
/home/pi/Lawnmower-system/install/robot_motor_control_py/lib/robot_motor_control_py/robot_path_provider_client
/home/pi/Lawnmower-system/install/robot_motor_control_py/lib/robot_motor_control_py/robot_user_client
