[11.975s] Invoking command in '/home/pi/Lawnmower-system/ros_mower_robot_ws/src/path_nav': CMAKE_PREFIX_PATH=/home/pi/Lawnmower-system/install/robot_interfaces:/home/pi/Lawnmower-system/install/path_nav PYTHONPATH=/home/pi/Lawnmower-system/build/path_nav/prefix_override:/home/pi/Lawnmower-system/install/path_nav/lib/python3.10/site-packages:${PYTHONPATH} /usr/bin/python3 setup.py egg_info --egg-base ../../../build/path_nav build --build-base /home/pi/Lawnmower-system/build/path_nav/build install --record /home/pi/Lawnmower-system/build/path_nav/install.log --single-version-externally-managed
[15.438s] running egg_info
[15.446s] writing ../../../build/path_nav/path_nav.egg-info/PKG-INFO
[15.449s] writing dependency_links to ../../../build/path_nav/path_nav.egg-info/dependency_links.txt
[15.453s] writing entry points to ../../../build/path_nav/path_nav.egg-info/entry_points.txt
[15.454s] writing requirements to ../../../build/path_nav/path_nav.egg-info/requires.txt
[15.456s] writing top-level names to ../../../build/path_nav/path_nav.egg-info/top_level.txt
[15.473s] reading manifest file '../../../build/path_nav/path_nav.egg-info/SOURCES.txt'
[15.484s] writing manifest file '../../../build/path_nav/path_nav.egg-info/SOURCES.txt'
[15.486s] running build
[15.488s] running build_py
[15.490s] copying path_nav/lds.py -> /home/pi/Lawnmower-system/build/path_nav/build/lib/path_nav
[15.493s] copying path_nav/mower.py -> /home/pi/Lawnmower-system/build/path_nav/build/lib/path_nav
[15.496s] copying path_nav/lidar_sim.py -> /home/pi/Lawnmower-system/build/path_nav/build/lib/path_nav
[15.501s] running install
[15.505s] /usr/lib/python3/dist-packages/setuptools/command/install.py:34: SetuptoolsDeprecationWarning: setup.py install is deprecated. Use build and pip and other standards-based tools.
[15.506s]   warnings.warn(
[15.508s] running install_lib
[15.513s] copying /home/pi/Lawnmower-system/build/path_nav/build/lib/path_nav/lds.py -> /home/pi/Lawnmower-system/install/path_nav/lib/python3.10/site-packages/path_nav
[15.517s] copying /home/pi/Lawnmower-system/build/path_nav/build/lib/path_nav/mower.py -> /home/pi/Lawnmower-system/install/path_nav/lib/python3.10/site-packages/path_nav
[15.521s] copying /home/pi/Lawnmower-system/build/path_nav/build/lib/path_nav/lidar_sim.py -> /home/pi/Lawnmower-system/install/path_nav/lib/python3.10/site-packages/path_nav
[15.530s] byte-compiling /home/pi/Lawnmower-system/install/path_nav/lib/python3.10/site-packages/path_nav/lds.py to lds.cpython-310.pyc
[15.538s] byte-compiling /home/pi/Lawnmower-system/install/path_nav/lib/python3.10/site-packages/path_nav/mower.py to mower.cpython-310.pyc
[15.585s] byte-compiling /home/pi/Lawnmower-system/install/path_nav/lib/python3.10/site-packages/path_nav/lidar_sim.py to lidar_sim.cpython-310.pyc
[15.605s] running install_data
[15.611s] running install_egg_info
[15.627s] removing '/home/pi/Lawnmower-system/install/path_nav/lib/python3.10/site-packages/path_nav-0.0.0-py3.10.egg-info' (and everything under it)
[15.632s] Copying ../../../build/path_nav/path_nav.egg-info to /home/pi/Lawnmower-system/install/path_nav/lib/python3.10/site-packages/path_nav-0.0.0-py3.10.egg-info
[15.649s] running install_scripts
[15.870s] Installing robot_nav script to /home/pi/Lawnmower-system/install/path_nav/lib/path_nav
[15.878s] writing list of installed files to '/home/pi/Lawnmower-system/build/path_nav/install.log'
[16.191s] Invoked command in '/home/pi/Lawnmower-system/ros_mower_robot_ws/src/path_nav' returned '0': CMAKE_PREFIX_PATH=/home/pi/Lawnmower-system/install/robot_interfaces:/home/pi/Lawnmower-system/install/path_nav PYTHONPATH=/home/pi/Lawnmower-system/build/path_nav/prefix_override:/home/pi/Lawnmower-system/install/path_nav/lib/python3.10/site-packages:${PYTHONPATH} /usr/bin/python3 setup.py egg_info --egg-base ../../../build/path_nav build --build-base /home/pi/Lawnmower-system/build/path_nav/build install --record /home/pi/Lawnmower-system/build/path_nav/install.log --single-version-externally-managed
