[0.079s] Invoking command in '/home/pi/Lawnmower-system/build/robot_interfaces': /usr/bin/cmake --build /home/pi/Lawnmower-system/build/robot_interfaces -- -j4 -l4
[0.726s] [  1%] Built target robot_interfaces__cpp
[0.809s] [ 12%] Built target robot_interfaces__rosidl_generator_c
[0.836s] [ 12%] Built target ament_cmake_python_copy_robot_interfaces
[0.901s] [ 23%] Built target robot_interfaces__rosidl_typesupport_cpp
[0.903s] [ 34%] Built target robot_interfaces__rosidl_typesupport_fastrtps_cpp
[0.944s] [ 45%] Built target robot_interfaces__rosidl_typesupport_introspection_cpp
[0.963s] [ 56%] Built target robot_interfaces__rosidl_typesupport_fastrtps_c
[1.011s] [ 67%] Built target robot_interfaces__rosidl_typesupport_c
[1.014s] [ 78%] Built target robot_interfaces__rosidl_typesupport_introspection_c
[1.088s] [ 78%] Built target robot_interfaces
[1.166s] [ 80%] Built target robot_interfaces__py
[1.272s] [ 89%] Built target robot_interfaces__rosidl_generator_py
[1.376s] [ 92%] Built target robot_interfaces__rosidl_typesupport_fastrtps_c__pyext
[1.380s] [ 96%] Built target robot_interfaces__rosidl_typesupport_c__pyext
[1.383s] [100%] Built target robot_interfaces__rosidl_typesupport_introspection_c__pyext
[1.903s] running egg_info
[1.906s] writing robot_interfaces.egg-info/PKG-INFO
[1.907s] writing dependency_links to robot_interfaces.egg-info/dependency_links.txt
[1.908s] writing top-level names to robot_interfaces.egg-info/top_level.txt
[1.921s] reading manifest file 'robot_interfaces.egg-info/SOURCES.txt'
[1.924s] writing manifest file 'robot_interfaces.egg-info/SOURCES.txt'
[2.041s] [100%] Built target ament_cmake_python_build_robot_interfaces_egg
[2.079s] Invoked command in '/home/pi/Lawnmower-system/build/robot_interfaces' returned '0': /usr/bin/cmake --build /home/pi/Lawnmower-system/build/robot_interfaces -- -j4 -l4
[2.698s] Invoking command in '/home/pi/Lawnmower-system/build/robot_interfaces': /usr/bin/cmake --install /home/pi/Lawnmower-system/build/robot_interfaces
[2.726s] -- Install configuration: ""
[2.729s] -- Up-to-date: /home/pi/Lawnmower-system/install/robot_interfaces/share/ament_index/resource_index/rosidl_interfaces/robot_interfaces
[2.730s] -- Up-to-date: /home/pi/Lawnmower-system/install/robot_interfaces/include/robot_interfaces/robot_interfaces
[2.731s] -- Up-to-date: /home/pi/Lawnmower-system/install/robot_interfaces/include/robot_interfaces/robot_interfaces/msg
[2.733s] -- Up-to-date: /home/pi/Lawnmower-system/install/robot_interfaces/include/robot_interfaces/robot_interfaces/msg/robot_serial_received.h
[2.733s] -- Up-to-date: /home/pi/Lawnmower-system/install/robot_interfaces/include/robot_interfaces/robot_interfaces/msg/detail
[2.734s] -- Up-to-date: /home/pi/Lawnmower-system/install/robot_interfaces/include/robot_interfaces/robot_interfaces/msg/detail/robot_send_cmd__type_support.h
[2.735s] -- Up-to-date: /home/pi/Lawnmower-system/install/robot_interfaces/include/robot_interfaces/robot_interfaces/msg/detail/robot_serial_received__struct.h
[2.736s] -- Up-to-date: /home/pi/Lawnmower-system/install/robot_interfaces/include/robot_interfaces/robot_interfaces/msg/detail/robot_serial_received__functions.h
[2.736s] -- Up-to-date: /home/pi/Lawnmower-system/install/robot_interfaces/include/robot_interfaces/robot_interfaces/msg/detail/robot_send_cmd__functions.c
[2.737s] -- Up-to-date: /home/pi/Lawnmower-system/install/robot_interfaces/include/robot_interfaces/robot_interfaces/msg/detail/robot_serial_received__functions.c
[2.737s] -- Up-to-date: /home/pi/Lawnmower-system/install/robot_interfaces/include/robot_interfaces/robot_interfaces/msg/detail/robot_send_cmd__struct.h
[2.738s] -- Up-to-date: /home/pi/Lawnmower-system/install/robot_interfaces/include/robot_interfaces/robot_interfaces/msg/detail/robot_send_cmd__functions.h
[2.738s] -- Up-to-date: /home/pi/Lawnmower-system/install/robot_interfaces/include/robot_interfaces/robot_interfaces/msg/detail/robot_serial_received__type_support.h
[2.739s] -- Up-to-date: /home/pi/Lawnmower-system/install/robot_interfaces/include/robot_interfaces/robot_interfaces/msg/rosidl_generator_c__visibility_control.h
[2.740s] -- Up-to-date: /home/pi/Lawnmower-system/install/robot_interfaces/include/robot_interfaces/robot_interfaces/msg/robot_send_cmd.h
[2.740s] -- Up-to-date: /home/pi/Lawnmower-system/install/robot_interfaces/include/robot_interfaces/robot_interfaces/action
[2.741s] -- Up-to-date: /home/pi/Lawnmower-system/install/robot_interfaces/include/robot_interfaces/robot_interfaces/action/detail
[2.742s] -- Up-to-date: /home/pi/Lawnmower-system/install/robot_interfaces/include/robot_interfaces/robot_interfaces/action/detail/robot_cm_ddepressiated__type_support.h
[2.742s] -- Up-to-date: /home/pi/Lawnmower-system/install/robot_interfaces/include/robot_interfaces/robot_interfaces/action/detail/robot_cm_ddepressiated__functions.c
[2.742s] -- Up-to-date: /home/pi/Lawnmower-system/install/robot_interfaces/include/robot_interfaces/robot_interfaces/action/detail/robot_cm_ddepressiated__struct.h
[2.743s] -- Up-to-date: /home/pi/Lawnmower-system/install/robot_interfaces/include/robot_interfaces/robot_interfaces/action/detail/robot_cm_ddepressiated__functions.h
[2.743s] -- Up-to-date: /home/pi/Lawnmower-system/install/robot_interfaces/include/robot_interfaces/robot_interfaces/action/robot_cm_ddepressiated.h
[2.744s] -- Up-to-date: /home/pi/Lawnmower-system/install/robot_interfaces/include/robot_interfaces/robot_interfaces/srv
[2.744s] -- Up-to-date: /home/pi/Lawnmower-system/install/robot_interfaces/include/robot_interfaces/robot_interfaces/srv/detail
[2.745s] -- Up-to-date: /home/pi/Lawnmower-system/install/robot_interfaces/include/robot_interfaces/robot_interfaces/srv/detail/robot_cmd__struct.h
[2.746s] -- Up-to-date: /home/pi/Lawnmower-system/install/robot_interfaces/include/robot_interfaces/robot_interfaces/srv/detail/robot_cmd__functions.c
[2.746s] -- Up-to-date: /home/pi/Lawnmower-system/install/robot_interfaces/include/robot_interfaces/robot_interfaces/srv/detail/robot_cmd__functions.h
[2.747s] -- Up-to-date: /home/pi/Lawnmower-system/install/robot_interfaces/include/robot_interfaces/robot_interfaces/srv/detail/robot_cmd__type_support.h
[2.747s] -- Up-to-date: /home/pi/Lawnmower-system/install/robot_interfaces/include/robot_interfaces/robot_interfaces/srv/robot_cmd.h
[2.748s] -- Up-to-date: /home/pi/Lawnmower-system/install/robot_interfaces/share/robot_interfaces/environment/library_path.sh
[2.749s] -- Up-to-date: /home/pi/Lawnmower-system/install/robot_interfaces/share/robot_interfaces/environment/library_path.dsv
[2.754s] -- Up-to-date: /home/pi/Lawnmower-system/install/robot_interfaces/lib/librobot_interfaces__rosidl_generator_c.so
[2.755s] -- Up-to-date: /home/pi/Lawnmower-system/install/robot_interfaces/include/robot_interfaces/robot_interfaces
[2.756s] -- Up-to-date: /home/pi/Lawnmower-system/install/robot_interfaces/include/robot_interfaces/robot_interfaces/msg
[2.756s] -- Up-to-date: /home/pi/Lawnmower-system/install/robot_interfaces/include/robot_interfaces/robot_interfaces/msg/rosidl_typesupport_fastrtps_c__visibility_control.h
[2.757s] -- Up-to-date: /home/pi/Lawnmower-system/install/robot_interfaces/include/robot_interfaces/robot_interfaces/msg/detail
[2.757s] -- Up-to-date: /home/pi/Lawnmower-system/install/robot_interfaces/include/robot_interfaces/robot_interfaces/msg/detail/robot_serial_received__rosidl_typesupport_fastrtps_c.h
[2.758s] -- Up-to-date: /home/pi/Lawnmower-system/install/robot_interfaces/include/robot_interfaces/robot_interfaces/msg/detail/robot_send_cmd__rosidl_typesupport_fastrtps_c.h
[2.758s] -- Up-to-date: /home/pi/Lawnmower-system/install/robot_interfaces/include/robot_interfaces/robot_interfaces/action
[2.758s] -- Up-to-date: /home/pi/Lawnmower-system/install/robot_interfaces/include/robot_interfaces/robot_interfaces/action/detail
[2.759s] -- Up-to-date: /home/pi/Lawnmower-system/install/robot_interfaces/include/robot_interfaces/robot_interfaces/action/detail/robot_cm_ddepressiated__rosidl_typesupport_fastrtps_c.h
[2.759s] -- Up-to-date: /home/pi/Lawnmower-system/install/robot_interfaces/include/robot_interfaces/robot_interfaces/srv
[2.760s] -- Up-to-date: /home/pi/Lawnmower-system/install/robot_interfaces/include/robot_interfaces/robot_interfaces/srv/detail
[2.760s] -- Up-to-date: /home/pi/Lawnmower-system/install/robot_interfaces/include/robot_interfaces/robot_interfaces/srv/detail/robot_cmd__rosidl_typesupport_fastrtps_c.h
[2.764s] -- Up-to-date: /home/pi/Lawnmower-system/install/robot_interfaces/lib/librobot_interfaces__rosidl_typesupport_fastrtps_c.so
[2.765s] -- Up-to-date: /home/pi/Lawnmower-system/install/robot_interfaces/include/robot_interfaces/robot_interfaces
[2.766s] -- Up-to-date: /home/pi/Lawnmower-system/install/robot_interfaces/include/robot_interfaces/robot_interfaces/msg
[2.766s] -- Up-to-date: /home/pi/Lawnmower-system/install/robot_interfaces/include/robot_interfaces/robot_interfaces/msg/detail
[2.767s] -- Up-to-date: /home/pi/Lawnmower-system/install/robot_interfaces/include/robot_interfaces/robot_interfaces/msg/detail/robot_send_cmd__type_support.c
[2.767s] -- Up-to-date: /home/pi/Lawnmower-system/install/robot_interfaces/include/robot_interfaces/robot_interfaces/msg/detail/robot_serial_received__type_support.c
[2.768s] -- Up-to-date: /home/pi/Lawnmower-system/install/robot_interfaces/include/robot_interfaces/robot_interfaces/msg/detail/robot_serial_received__rosidl_typesupport_introspection_c.h
[2.768s] -- Up-to-date: /home/pi/Lawnmower-system/install/robot_interfaces/include/robot_interfaces/robot_interfaces/msg/detail/robot_send_cmd__rosidl_typesupport_introspection_c.h
[2.769s] -- Up-to-date: /home/pi/Lawnmower-system/install/robot_interfaces/include/robot_interfaces/robot_interfaces/msg/rosidl_typesupport_introspection_c__visibility_control.h
[2.769s] -- Up-to-date: /home/pi/Lawnmower-system/install/robot_interfaces/include/robot_interfaces/robot_interfaces/action
[2.769s] -- Up-to-date: /home/pi/Lawnmower-system/install/robot_interfaces/include/robot_interfaces/robot_interfaces/action/detail
[2.770s] -- Up-to-date: /home/pi/Lawnmower-system/install/robot_interfaces/include/robot_interfaces/robot_interfaces/action/detail/robot_cm_ddepressiated__type_support.c
[2.770s] -- Up-to-date: /home/pi/Lawnmower-system/install/robot_interfaces/include/robot_interfaces/robot_interfaces/action/detail/robot_cm_ddepressiated__rosidl_typesupport_introspection_c.h
[2.771s] -- Up-to-date: /home/pi/Lawnmower-system/install/robot_interfaces/include/robot_interfaces/robot_interfaces/srv
[2.771s] -- Up-to-date: /home/pi/Lawnmower-system/install/robot_interfaces/include/robot_interfaces/robot_interfaces/srv/detail
[2.772s] -- Up-to-date: /home/pi/Lawnmower-system/install/robot_interfaces/include/robot_interfaces/robot_interfaces/srv/detail/robot_cmd__type_support.c
[2.772s] -- Up-to-date: /home/pi/Lawnmower-system/install/robot_interfaces/include/robot_interfaces/robot_interfaces/srv/detail/robot_cmd__rosidl_typesupport_introspection_c.h
[2.776s] -- Up-to-date: /home/pi/Lawnmower-system/install/robot_interfaces/lib/librobot_interfaces__rosidl_typesupport_introspection_c.so
[2.779s] -- Up-to-date: /home/pi/Lawnmower-system/install/robot_interfaces/lib/librobot_interfaces__rosidl_typesupport_c.so
[2.781s] -- Up-to-date: /home/pi/Lawnmower-system/install/robot_interfaces/include/robot_interfaces/robot_interfaces
[2.781s] -- Up-to-date: /home/pi/Lawnmower-system/install/robot_interfaces/include/robot_interfaces/robot_interfaces/msg
[2.781s] -- Up-to-date: /home/pi/Lawnmower-system/install/robot_interfaces/include/robot_interfaces/robot_interfaces/msg/robot_serial_received.hpp
[2.782s] -- Up-to-date: /home/pi/Lawnmower-system/install/robot_interfaces/include/robot_interfaces/robot_interfaces/msg/robot_send_cmd.hpp
[2.782s] -- Up-to-date: /home/pi/Lawnmower-system/install/robot_interfaces/include/robot_interfaces/robot_interfaces/msg/detail
[2.783s] -- Up-to-date: /home/pi/Lawnmower-system/install/robot_interfaces/include/robot_interfaces/robot_interfaces/msg/detail/robot_send_cmd__traits.hpp
[2.783s] -- Up-to-date: /home/pi/Lawnmower-system/install/robot_interfaces/include/robot_interfaces/robot_interfaces/msg/detail/robot_serial_received__traits.hpp
[2.784s] -- Up-to-date: /home/pi/Lawnmower-system/install/robot_interfaces/include/robot_interfaces/robot_interfaces/msg/detail/robot_serial_received__struct.hpp
[2.784s] -- Up-to-date: /home/pi/Lawnmower-system/install/robot_interfaces/include/robot_interfaces/robot_interfaces/msg/detail/robot_send_cmd__builder.hpp
[2.785s] -- Up-to-date: /home/pi/Lawnmower-system/install/robot_interfaces/include/robot_interfaces/robot_interfaces/msg/detail/robot_serial_received__builder.hpp
[2.785s] -- Up-to-date: /home/pi/Lawnmower-system/install/robot_interfaces/include/robot_interfaces/robot_interfaces/msg/detail/robot_send_cmd__struct.hpp
[2.785s] -- Up-to-date: /home/pi/Lawnmower-system/install/robot_interfaces/include/robot_interfaces/robot_interfaces/action
[2.786s] -- Up-to-date: /home/pi/Lawnmower-system/install/robot_interfaces/include/robot_interfaces/robot_interfaces/action/detail
[2.786s] -- Up-to-date: /home/pi/Lawnmower-system/install/robot_interfaces/include/robot_interfaces/robot_interfaces/action/detail/robot_cm_ddepressiated__struct.hpp
[2.787s] -- Up-to-date: /home/pi/Lawnmower-system/install/robot_interfaces/include/robot_interfaces/robot_interfaces/action/detail/robot_cm_ddepressiated__builder.hpp
[2.787s] -- Up-to-date: /home/pi/Lawnmower-system/install/robot_interfaces/include/robot_interfaces/robot_interfaces/action/detail/robot_cm_ddepressiated__traits.hpp
[2.788s] -- Up-to-date: /home/pi/Lawnmower-system/install/robot_interfaces/include/robot_interfaces/robot_interfaces/action/robot_cm_ddepressiated.hpp
[2.788s] -- Up-to-date: /home/pi/Lawnmower-system/install/robot_interfaces/include/robot_interfaces/robot_interfaces/srv
[2.788s] -- Up-to-date: /home/pi/Lawnmower-system/install/robot_interfaces/include/robot_interfaces/robot_interfaces/srv/robot_cmd.hpp
[2.789s] -- Up-to-date: /home/pi/Lawnmower-system/install/robot_interfaces/include/robot_interfaces/robot_interfaces/srv/detail
[2.789s] -- Up-to-date: /home/pi/Lawnmower-system/install/robot_interfaces/include/robot_interfaces/robot_interfaces/srv/detail/robot_cmd__struct.hpp
[2.790s] -- Up-to-date: /home/pi/Lawnmower-system/install/robot_interfaces/include/robot_interfaces/robot_interfaces/srv/detail/robot_cmd__traits.hpp
[2.790s] -- Up-to-date: /home/pi/Lawnmower-system/install/robot_interfaces/include/robot_interfaces/robot_interfaces/srv/detail/robot_cmd__builder.hpp
[2.790s] -- Up-to-date: /home/pi/Lawnmower-system/install/robot_interfaces/include/robot_interfaces/robot_interfaces
[2.791s] -- Up-to-date: /home/pi/Lawnmower-system/install/robot_interfaces/include/robot_interfaces/robot_interfaces/msg
[2.791s] -- Up-to-date: /home/pi/Lawnmower-system/install/robot_interfaces/include/robot_interfaces/robot_interfaces/msg/detail
[2.792s] -- Up-to-date: /home/pi/Lawnmower-system/install/robot_interfaces/include/robot_interfaces/robot_interfaces/msg/detail/robot_serial_received__rosidl_typesupport_fastrtps_cpp.hpp
[2.792s] -- Up-to-date: /home/pi/Lawnmower-system/install/robot_interfaces/include/robot_interfaces/robot_interfaces/msg/detail/dds_fastrtps
[2.792s] -- Up-to-date: /home/pi/Lawnmower-system/install/robot_interfaces/include/robot_interfaces/robot_interfaces/msg/detail/robot_send_cmd__rosidl_typesupport_fastrtps_cpp.hpp
[2.793s] -- Up-to-date: /home/pi/Lawnmower-system/install/robot_interfaces/include/robot_interfaces/robot_interfaces/msg/rosidl_typesupport_fastrtps_cpp__visibility_control.h
[2.793s] -- Up-to-date: /home/pi/Lawnmower-system/install/robot_interfaces/include/robot_interfaces/robot_interfaces/action
[2.793s] -- Up-to-date: /home/pi/Lawnmower-system/install/robot_interfaces/include/robot_interfaces/robot_interfaces/action/detail
[2.794s] -- Up-to-date: /home/pi/Lawnmower-system/install/robot_interfaces/include/robot_interfaces/robot_interfaces/action/detail/dds_fastrtps
[2.794s] -- Up-to-date: /home/pi/Lawnmower-system/install/robot_interfaces/include/robot_interfaces/robot_interfaces/action/detail/robot_cm_ddepressiated__rosidl_typesupport_fastrtps_cpp.hpp
[2.795s] -- Up-to-date: /home/pi/Lawnmower-system/install/robot_interfaces/include/robot_interfaces/robot_interfaces/srv
[2.795s] -- Up-to-date: /home/pi/Lawnmower-system/install/robot_interfaces/include/robot_interfaces/robot_interfaces/srv/detail
[2.795s] -- Up-to-date: /home/pi/Lawnmower-system/install/robot_interfaces/include/robot_interfaces/robot_interfaces/srv/detail/robot_cmd__rosidl_typesupport_fastrtps_cpp.hpp
[2.796s] -- Up-to-date: /home/pi/Lawnmower-system/install/robot_interfaces/include/robot_interfaces/robot_interfaces/srv/detail/dds_fastrtps
[2.800s] -- Up-to-date: /home/pi/Lawnmower-system/install/robot_interfaces/lib/librobot_interfaces__rosidl_typesupport_fastrtps_cpp.so
[2.801s] -- Up-to-date: /home/pi/Lawnmower-system/install/robot_interfaces/include/robot_interfaces/robot_interfaces
[2.802s] -- Up-to-date: /home/pi/Lawnmower-system/install/robot_interfaces/include/robot_interfaces/robot_interfaces/msg
[2.802s] -- Up-to-date: /home/pi/Lawnmower-system/install/robot_interfaces/include/robot_interfaces/robot_interfaces/msg/detail
[2.802s] -- Up-to-date: /home/pi/Lawnmower-system/install/robot_interfaces/include/robot_interfaces/robot_interfaces/msg/detail/robot_send_cmd__rosidl_typesupport_introspection_cpp.hpp
[2.803s] -- Up-to-date: /home/pi/Lawnmower-system/install/robot_interfaces/include/robot_interfaces/robot_interfaces/msg/detail/robot_serial_received__type_support.cpp
[2.803s] -- Up-to-date: /home/pi/Lawnmower-system/install/robot_interfaces/include/robot_interfaces/robot_interfaces/msg/detail/robot_serial_received__rosidl_typesupport_introspection_cpp.hpp
[2.804s] -- Up-to-date: /home/pi/Lawnmower-system/install/robot_interfaces/include/robot_interfaces/robot_interfaces/msg/detail/robot_send_cmd__type_support.cpp
[2.804s] -- Up-to-date: /home/pi/Lawnmower-system/install/robot_interfaces/include/robot_interfaces/robot_interfaces/action
[2.805s] -- Up-to-date: /home/pi/Lawnmower-system/install/robot_interfaces/include/robot_interfaces/robot_interfaces/action/detail
[2.805s] -- Up-to-date: /home/pi/Lawnmower-system/install/robot_interfaces/include/robot_interfaces/robot_interfaces/action/detail/robot_cm_ddepressiated__rosidl_typesupport_introspection_cpp.hpp
[2.806s] -- Up-to-date: /home/pi/Lawnmower-system/install/robot_interfaces/include/robot_interfaces/robot_interfaces/action/detail/robot_cm_ddepressiated__type_support.cpp
[2.806s] -- Up-to-date: /home/pi/Lawnmower-system/install/robot_interfaces/include/robot_interfaces/robot_interfaces/srv
[2.806s] -- Up-to-date: /home/pi/Lawnmower-system/install/robot_interfaces/include/robot_interfaces/robot_interfaces/srv/detail
[2.807s] -- Up-to-date: /home/pi/Lawnmower-system/install/robot_interfaces/include/robot_interfaces/robot_interfaces/srv/detail/robot_cmd__rosidl_typesupport_introspection_cpp.hpp
[2.807s] -- Up-to-date: /home/pi/Lawnmower-system/install/robot_interfaces/include/robot_interfaces/robot_interfaces/srv/detail/robot_cmd__type_support.cpp
[2.811s] -- Up-to-date: /home/pi/Lawnmower-system/install/robot_interfaces/lib/librobot_interfaces__rosidl_typesupport_introspection_cpp.so
[2.816s] -- Up-to-date: /home/pi/Lawnmower-system/install/robot_interfaces/lib/librobot_interfaces__rosidl_typesupport_cpp.so
[2.817s] -- Up-to-date: /home/pi/Lawnmower-system/install/robot_interfaces/share/robot_interfaces/environment/pythonpath.sh
[2.817s] -- Up-to-date: /home/pi/Lawnmower-system/install/robot_interfaces/share/robot_interfaces/environment/pythonpath.dsv
[2.819s] -- Up-to-date: /home/pi/Lawnmower-system/install/robot_interfaces/local/lib/python3.10/dist-packages/robot_interfaces-0.0.0-py3.10.egg-info
[2.820s] -- Installing: /home/pi/Lawnmower-system/install/robot_interfaces/local/lib/python3.10/dist-packages/robot_interfaces-0.0.0-py3.10.egg-info/dependency_links.txt
[2.822s] -- Installing: /home/pi/Lawnmower-system/install/robot_interfaces/local/lib/python3.10/dist-packages/robot_interfaces-0.0.0-py3.10.egg-info/top_level.txt
[2.823s] -- Installing: /home/pi/Lawnmower-system/install/robot_interfaces/local/lib/python3.10/dist-packages/robot_interfaces-0.0.0-py3.10.egg-info/SOURCES.txt
[2.825s] -- Installing: /home/pi/Lawnmower-system/install/robot_interfaces/local/lib/python3.10/dist-packages/robot_interfaces-0.0.0-py3.10.egg-info/PKG-INFO
[2.826s] -- Up-to-date: /home/pi/Lawnmower-system/install/robot_interfaces/local/lib/python3.10/dist-packages/robot_interfaces
[2.827s] -- Up-to-date: /home/pi/Lawnmower-system/install/robot_interfaces/local/lib/python3.10/dist-packages/robot_interfaces/msg
[2.828s] -- Up-to-date: /home/pi/Lawnmower-system/install/robot_interfaces/local/lib/python3.10/dist-packages/robot_interfaces/msg/_robot_serial_received.py
[2.829s] -- Up-to-date: /home/pi/Lawnmower-system/install/robot_interfaces/local/lib/python3.10/dist-packages/robot_interfaces/msg/__init__.py
[2.829s] -- Up-to-date: /home/pi/Lawnmower-system/install/robot_interfaces/local/lib/python3.10/dist-packages/robot_interfaces/msg/_robot_send_cmd_s.c
[2.830s] -- Up-to-date: /home/pi/Lawnmower-system/install/robot_interfaces/local/lib/python3.10/dist-packages/robot_interfaces/msg/_robot_send_cmd.py
[2.831s] -- Up-to-date: /home/pi/Lawnmower-system/install/robot_interfaces/local/lib/python3.10/dist-packages/robot_interfaces/msg/_robot_serial_received_s.c
[2.831s] -- Up-to-date: /home/pi/Lawnmower-system/install/robot_interfaces/local/lib/python3.10/dist-packages/robot_interfaces/_robot_interfaces_s.ep.rosidl_typesupport_c.c
[2.831s] -- Up-to-date: /home/pi/Lawnmower-system/install/robot_interfaces/local/lib/python3.10/dist-packages/robot_interfaces/__init__.py
[2.832s] -- Up-to-date: /home/pi/Lawnmower-system/install/robot_interfaces/local/lib/python3.10/dist-packages/robot_interfaces/robot_interfaces_s__rosidl_typesupport_c.cpython-310-aarch64-linux-gnu.so
[2.832s] -- Up-to-date: /home/pi/Lawnmower-system/install/robot_interfaces/local/lib/python3.10/dist-packages/robot_interfaces/_robot_interfaces_s.ep.rosidl_typesupport_introspection_c.c
[2.833s] -- Up-to-date: /home/pi/Lawnmower-system/install/robot_interfaces/local/lib/python3.10/dist-packages/robot_interfaces/_robot_interfaces_s.ep.rosidl_typesupport_fastrtps_c.c
[2.833s] -- Up-to-date: /home/pi/Lawnmower-system/install/robot_interfaces/local/lib/python3.10/dist-packages/robot_interfaces/action
[2.834s] -- Up-to-date: /home/pi/Lawnmower-system/install/robot_interfaces/local/lib/python3.10/dist-packages/robot_interfaces/action/_robot_cm_ddepressiated.py
[2.834s] -- Up-to-date: /home/pi/Lawnmower-system/install/robot_interfaces/local/lib/python3.10/dist-packages/robot_interfaces/action/__init__.py
[2.835s] -- Up-to-date: /home/pi/Lawnmower-system/install/robot_interfaces/local/lib/python3.10/dist-packages/robot_interfaces/action/_robot_cm_ddepressiated_s.c
[2.835s] -- Up-to-date: /home/pi/Lawnmower-system/install/robot_interfaces/local/lib/python3.10/dist-packages/robot_interfaces/librobot_interfaces__rosidl_generator_py.so
[2.835s] -- Up-to-date: /home/pi/Lawnmower-system/install/robot_interfaces/local/lib/python3.10/dist-packages/robot_interfaces/robot_interfaces_s__rosidl_typesupport_fastrtps_c.cpython-310-aarch64-linux-gnu.so
[2.836s] -- Up-to-date: /home/pi/Lawnmower-system/install/robot_interfaces/local/lib/python3.10/dist-packages/robot_interfaces/robot_interfaces_s__rosidl_typesupport_introspection_c.cpython-310-aarch64-linux-gnu.so
[2.836s] -- Up-to-date: /home/pi/Lawnmower-system/install/robot_interfaces/local/lib/python3.10/dist-packages/robot_interfaces/srv
[2.836s] -- Up-to-date: /home/pi/Lawnmower-system/install/robot_interfaces/local/lib/python3.10/dist-packages/robot_interfaces/srv/_robot_cmd_s.c
[2.837s] -- Up-to-date: /home/pi/Lawnmower-system/install/robot_interfaces/local/lib/python3.10/dist-packages/robot_interfaces/srv/__init__.py
[2.837s] -- Up-to-date: /home/pi/Lawnmower-system/install/robot_interfaces/local/lib/python3.10/dist-packages/robot_interfaces/srv/_robot_cmd.py
[2.973s] Listing '/home/pi/Lawnmower-system/install/robot_interfaces/local/lib/python3.10/dist-packages/robot_interfaces'...
[2.974s] Listing '/home/pi/Lawnmower-system/install/robot_interfaces/local/lib/python3.10/dist-packages/robot_interfaces/action'...
[2.975s] Listing '/home/pi/Lawnmower-system/install/robot_interfaces/local/lib/python3.10/dist-packages/robot_interfaces/msg'...
[2.976s] Listing '/home/pi/Lawnmower-system/install/robot_interfaces/local/lib/python3.10/dist-packages/robot_interfaces/srv'...
[2.999s] -- Up-to-date: /home/pi/Lawnmower-system/install/robot_interfaces/local/lib/python3.10/dist-packages/robot_interfaces/robot_interfaces_s__rosidl_typesupport_fastrtps_c.cpython-310-aarch64-linux-gnu.so
[3.003s] -- Up-to-date: /home/pi/Lawnmower-system/install/robot_interfaces/local/lib/python3.10/dist-packages/robot_interfaces/robot_interfaces_s__rosidl_typesupport_introspection_c.cpython-310-aarch64-linux-gnu.so
[3.007s] -- Up-to-date: /home/pi/Lawnmower-system/install/robot_interfaces/local/lib/python3.10/dist-packages/robot_interfaces/robot_interfaces_s__rosidl_typesupport_c.cpython-310-aarch64-linux-gnu.so
[3.013s] -- Up-to-date: /home/pi/Lawnmower-system/install/robot_interfaces/lib/librobot_interfaces__rosidl_generator_py.so
[3.015s] -- Up-to-date: /home/pi/Lawnmower-system/install/robot_interfaces/share/robot_interfaces/msg/RobotSerialReceived.idl
[3.016s] -- Up-to-date: /home/pi/Lawnmower-system/install/robot_interfaces/share/robot_interfaces/msg/RobotSendCMD.idl
[3.017s] -- Up-to-date: /home/pi/Lawnmower-system/install/robot_interfaces/share/robot_interfaces/srv/RobotCMD.idl
[3.018s] -- Up-to-date: /home/pi/Lawnmower-system/install/robot_interfaces/share/robot_interfaces/action/RobotCMDdepressiated.idl
[3.018s] -- Up-to-date: /home/pi/Lawnmower-system/install/robot_interfaces/share/robot_interfaces/msg/RobotSerialReceived.msg
[3.019s] -- Up-to-date: /home/pi/Lawnmower-system/install/robot_interfaces/share/robot_interfaces/msg/RobotSendCMD.msg
[3.019s] -- Up-to-date: /home/pi/Lawnmower-system/install/robot_interfaces/share/robot_interfaces/srv/RobotCMD.srv
[3.020s] -- Up-to-date: /home/pi/Lawnmower-system/install/robot_interfaces/share/robot_interfaces/srv/RobotCMD_Request.msg
[3.020s] -- Up-to-date: /home/pi/Lawnmower-system/install/robot_interfaces/share/robot_interfaces/srv/RobotCMD_Response.msg
[3.021s] -- Up-to-date: /home/pi/Lawnmower-system/install/robot_interfaces/share/robot_interfaces/action/RobotCMDdepressiated.action
[3.022s] -- Up-to-date: /home/pi/Lawnmower-system/install/robot_interfaces/share/ament_index/resource_index/package_run_dependencies/robot_interfaces
[3.023s] -- Up-to-date: /home/pi/Lawnmower-system/install/robot_interfaces/share/ament_index/resource_index/parent_prefix_path/robot_interfaces
[3.024s] -- Up-to-date: /home/pi/Lawnmower-system/install/robot_interfaces/share/robot_interfaces/environment/ament_prefix_path.sh
[3.024s] -- Up-to-date: /home/pi/Lawnmower-system/install/robot_interfaces/share/robot_interfaces/environment/ament_prefix_path.dsv
[3.025s] -- Up-to-date: /home/pi/Lawnmower-system/install/robot_interfaces/share/robot_interfaces/environment/path.sh
[3.025s] -- Up-to-date: /home/pi/Lawnmower-system/install/robot_interfaces/share/robot_interfaces/environment/path.dsv
[3.026s] -- Up-to-date: /home/pi/Lawnmower-system/install/robot_interfaces/share/robot_interfaces/local_setup.bash
[3.026s] -- Up-to-date: /home/pi/Lawnmower-system/install/robot_interfaces/share/robot_interfaces/local_setup.sh
[3.027s] -- Up-to-date: /home/pi/Lawnmower-system/install/robot_interfaces/share/robot_interfaces/local_setup.zsh
[3.027s] -- Up-to-date: /home/pi/Lawnmower-system/install/robot_interfaces/share/robot_interfaces/local_setup.dsv
[3.028s] -- Installing: /home/pi/Lawnmower-system/install/robot_interfaces/share/robot_interfaces/package.dsv
[3.031s] -- Up-to-date: /home/pi/Lawnmower-system/install/robot_interfaces/share/ament_index/resource_index/packages/robot_interfaces
[3.035s] -- Up-to-date: /home/pi/Lawnmower-system/install/robot_interfaces/share/robot_interfaces/cmake/export_robot_interfaces__rosidl_generator_cExport.cmake
[3.035s] -- Up-to-date: /home/pi/Lawnmower-system/install/robot_interfaces/share/robot_interfaces/cmake/export_robot_interfaces__rosidl_generator_cExport-noconfig.cmake
[3.038s] -- Up-to-date: /home/pi/Lawnmower-system/install/robot_interfaces/share/robot_interfaces/cmake/export_robot_interfaces__rosidl_typesupport_fastrtps_cExport.cmake
[3.038s] -- Up-to-date: /home/pi/Lawnmower-system/install/robot_interfaces/share/robot_interfaces/cmake/export_robot_interfaces__rosidl_typesupport_fastrtps_cExport-noconfig.cmake
[3.041s] -- Up-to-date: /home/pi/Lawnmower-system/install/robot_interfaces/share/robot_interfaces/cmake/robot_interfaces__rosidl_typesupport_introspection_cExport.cmake
[3.041s] -- Up-to-date: /home/pi/Lawnmower-system/install/robot_interfaces/share/robot_interfaces/cmake/robot_interfaces__rosidl_typesupport_introspection_cExport-noconfig.cmake
[3.043s] -- Up-to-date: /home/pi/Lawnmower-system/install/robot_interfaces/share/robot_interfaces/cmake/robot_interfaces__rosidl_typesupport_cExport.cmake
[3.044s] -- Up-to-date: /home/pi/Lawnmower-system/install/robot_interfaces/share/robot_interfaces/cmake/robot_interfaces__rosidl_typesupport_cExport-noconfig.cmake
[3.046s] -- Up-to-date: /home/pi/Lawnmower-system/install/robot_interfaces/share/robot_interfaces/cmake/export_robot_interfaces__rosidl_generator_cppExport.cmake
[3.048s] -- Up-to-date: /home/pi/Lawnmower-system/install/robot_interfaces/share/robot_interfaces/cmake/export_robot_interfaces__rosidl_typesupport_fastrtps_cppExport.cmake
[3.049s] -- Up-to-date: /home/pi/Lawnmower-system/install/robot_interfaces/share/robot_interfaces/cmake/export_robot_interfaces__rosidl_typesupport_fastrtps_cppExport-noconfig.cmake
[3.051s] -- Up-to-date: /home/pi/Lawnmower-system/install/robot_interfaces/share/robot_interfaces/cmake/robot_interfaces__rosidl_typesupport_introspection_cppExport.cmake
[3.052s] -- Up-to-date: /home/pi/Lawnmower-system/install/robot_interfaces/share/robot_interfaces/cmake/robot_interfaces__rosidl_typesupport_introspection_cppExport-noconfig.cmake
[3.054s] -- Up-to-date: /home/pi/Lawnmower-system/install/robot_interfaces/share/robot_interfaces/cmake/robot_interfaces__rosidl_typesupport_cppExport.cmake
[3.055s] -- Up-to-date: /home/pi/Lawnmower-system/install/robot_interfaces/share/robot_interfaces/cmake/robot_interfaces__rosidl_typesupport_cppExport-noconfig.cmake
[3.057s] -- Up-to-date: /home/pi/Lawnmower-system/install/robot_interfaces/share/robot_interfaces/cmake/export_robot_interfaces__rosidl_generator_pyExport.cmake
[3.058s] -- Up-to-date: /home/pi/Lawnmower-system/install/robot_interfaces/share/robot_interfaces/cmake/export_robot_interfaces__rosidl_generator_pyExport-noconfig.cmake
[3.058s] -- Up-to-date: /home/pi/Lawnmower-system/install/robot_interfaces/share/robot_interfaces/cmake/rosidl_cmake-extras.cmake
[3.059s] -- Up-to-date: /home/pi/Lawnmower-system/install/robot_interfaces/share/robot_interfaces/cmake/ament_cmake_export_dependencies-extras.cmake
[3.059s] -- Up-to-date: /home/pi/Lawnmower-system/install/robot_interfaces/share/robot_interfaces/cmake/ament_cmake_export_include_directories-extras.cmake
[3.060s] -- Up-to-date: /home/pi/Lawnmower-system/install/robot_interfaces/share/robot_interfaces/cmake/ament_cmake_export_libraries-extras.cmake
[3.061s] -- Up-to-date: /home/pi/Lawnmower-system/install/robot_interfaces/share/robot_interfaces/cmake/ament_cmake_export_targets-extras.cmake
[3.061s] -- Up-to-date: /home/pi/Lawnmower-system/install/robot_interfaces/share/robot_interfaces/cmake/rosidl_cmake_export_typesupport_targets-extras.cmake
[3.062s] -- Up-to-date: /home/pi/Lawnmower-system/install/robot_interfaces/share/robot_interfaces/cmake/rosidl_cmake_export_typesupport_libraries-extras.cmake
[3.062s] -- Up-to-date: /home/pi/Lawnmower-system/install/robot_interfaces/share/robot_interfaces/cmake/robot_interfacesConfig.cmake
[3.062s] -- Up-to-date: /home/pi/Lawnmower-system/install/robot_interfaces/share/robot_interfaces/cmake/robot_interfacesConfig-version.cmake
[3.063s] -- Up-to-date: /home/pi/Lawnmower-system/install/robot_interfaces/share/robot_interfaces/package.xml
[3.073s] Invoked command in '/home/pi/Lawnmower-system/build/robot_interfaces' returned '0': /usr/bin/cmake --install /home/pi/Lawnmower-system/build/robot_interfaces
