-- The C compiler identification is GNU 11.3.0
-- The CXX compiler identification is GNU 11.3.0
-- Detecting C compiler ABI info
-- Detecting C compiler ABI info - done
-- Check for working C compiler: /usr/bin/cc - skipped
-- Detecting C compile features
-- Detecting C compile features - done
-- Detecting CXX compiler ABI info
-- Detecting CXX compiler ABI info - done
-- Check for working CXX compiler: /usr/bin/c++ - skipped
-- Detecting CXX compile features
-- Detecting CXX compile features - done
-- Found ament_cmake: 1.3.3 (/opt/ros/humble/share/ament_cmake/cmake)
-- Found Python3: /usr/bin/python3.10 (found version "3.10.6") found components: Interpreter 
-- Found ament_lint_auto: 0.12.5 (/opt/ros/humble/share/ament_lint_auto/cmake)
-- Added test 'flake8' to check Python code syntax and style conventions
-- Added test 'lint_cmake' to check CMake code style
-- Added test 'pep257' to check Python code against some of the docstring style conventions in PEP 257
-- Added test 'xmllint' to check XML markup files
-- Configuring done
-- Generating done
-- Build files have been written to: /home/pi/Lawnmower-system/build/path_nav
-- Install configuration: ""
-- Installing: /home/pi/Lawnmower-system/install/path_nav/share/ament_index/resource_index/package_run_dependencies/path_nav
-- Installing: /home/pi/Lawnmower-system/install/path_nav/share/ament_index/resource_index/parent_prefix_path/path_nav
-- Installing: /home/pi/Lawnmower-system/install/path_nav/share/path_nav/environment/ament_prefix_path.sh
-- Installing: /home/pi/Lawnmower-system/install/path_nav/share/path_nav/environment/ament_prefix_path.dsv
-- Installing: /home/pi/Lawnmower-system/install/path_nav/share/path_nav/environment/path.sh
-- Installing: /home/pi/Lawnmower-system/install/path_nav/share/path_nav/environment/path.dsv
-- Installing: /home/pi/Lawnmower-system/install/path_nav/share/path_nav/local_setup.bash
-- Installing: /home/pi/Lawnmower-system/install/path_nav/share/path_nav/local_setup.sh
-- Installing: /home/pi/Lawnmower-system/install/path_nav/share/path_nav/local_setup.zsh
-- Installing: /home/pi/Lawnmower-system/install/path_nav/share/path_nav/local_setup.dsv
-- Installing: /home/pi/Lawnmower-system/install/path_nav/share/path_nav/package.dsv
-- Installing: /home/pi/Lawnmower-system/install/path_nav/share/ament_index/resource_index/packages/path_nav
-- Installing: /home/pi/Lawnmower-system/install/path_nav/share/path_nav/cmake/path_navConfig.cmake
-- Installing: /home/pi/Lawnmower-system/install/path_nav/share/path_nav/cmake/path_navConfig-version.cmake
-- Installing: /home/pi/Lawnmower-system/install/path_nav/share/path_nav/package.xml
