[0.065s] Invoking command in '/home/pi/Lawnmower-system/build/path_nav': CMAKE_PREFIX_PATH=/home/pi/Navigation-ROSNode/install/mcomp_test:/home/pi/Navigation-ROSNode/mcomp_test/install/mcomp_test:/opt/ros/humble /usr/bin/cmake /home/pi/Lawnmower-system/ros_mower_robot_ws/src/path_nav -DCMAKE_INSTALL_PREFIX=/home/pi/Lawnmower-system/install/path_nav
[0.335s] -- The C compiler identification is GNU 11.3.0
[0.597s] -- The CXX compiler identification is GNU 11.3.0
[0.624s] -- Detecting C compiler ABI info
[0.939s] -- Detecting C compiler ABI info - done
[0.968s] -- Check for working C compiler: /usr/bin/cc - skipped
[0.968s] -- Detecting C compile features
[0.969s] -- Detecting C compile features - done
[0.980s] -- Detecting CXX compiler ABI info
[1.337s] -- Detecting CXX compiler ABI info - done
[1.364s] -- Check for working CXX compiler: /usr/bin/c++ - skipped
[1.366s] -- Detecting CXX compile features
[1.367s] -- Detecting CXX compile features - done
[1.393s] -- Found ament_cmake: 1.3.3 (/opt/ros/humble/share/ament_cmake/cmake)
[2.914s] -- Found Python3: /usr/bin/python3.10 (found version "3.10.6") found components: Interpreter 
[4.418s] -- Found ament_lint_auto: 0.12.5 (/opt/ros/humble/share/ament_lint_auto/cmake)
[5.574s] -- Added test 'flake8' to check Python code syntax and style conventions
[5.583s] -- Added test 'lint_cmake' to check CMake code style
[5.591s] -- Added test 'pep257' to check Python code against some of the docstring style conventions in PEP 257
[5.611s] -- Added test 'xmllint' to check XML markup files
[5.630s] -- Configuring done
[5.684s] -- Generating done
[5.695s] -- Build files have been written to: /home/pi/Lawnmower-system/build/path_nav
[5.727s] Invoked command in '/home/pi/Lawnmower-system/build/path_nav' returned '0': CMAKE_PREFIX_PATH=/home/pi/Navigation-ROSNode/install/mcomp_test:/home/pi/Navigation-ROSNode/mcomp_test/install/mcomp_test:/opt/ros/humble /usr/bin/cmake /home/pi/Lawnmower-system/ros_mower_robot_ws/src/path_nav -DCMAKE_INSTALL_PREFIX=/home/pi/Lawnmower-system/install/path_nav
[5.749s] Invoking command in '/home/pi/Lawnmower-system/build/path_nav': CMAKE_PREFIX_PATH=/home/pi/Navigation-ROSNode/install/mcomp_test:/home/pi/Navigation-ROSNode/mcomp_test/install/mcomp_test:/opt/ros/humble /usr/bin/cmake --build /home/pi/Lawnmower-system/build/path_nav -- -j4 -l4
[6.102s] Invoked command in '/home/pi/Lawnmower-system/build/path_nav' returned '0': CMAKE_PREFIX_PATH=/home/pi/Navigation-ROSNode/install/mcomp_test:/home/pi/Navigation-ROSNode/mcomp_test/install/mcomp_test:/opt/ros/humble /usr/bin/cmake --build /home/pi/Lawnmower-system/build/path_nav -- -j4 -l4
[6.433s] Invoking command in '/home/pi/Lawnmower-system/build/path_nav': CMAKE_PREFIX_PATH=/home/pi/Navigation-ROSNode/install/mcomp_test:/home/pi/Navigation-ROSNode/mcomp_test/install/mcomp_test:/opt/ros/humble /usr/bin/cmake --install /home/pi/Lawnmower-system/build/path_nav
[6.500s] -- Install configuration: ""
[6.503s] -- Installing: /home/pi/Lawnmower-system/install/path_nav/share/ament_index/resource_index/package_run_dependencies/path_nav
[6.507s] -- Installing: /home/pi/Lawnmower-system/install/path_nav/share/ament_index/resource_index/parent_prefix_path/path_nav
[6.511s] -- Installing: /home/pi/Lawnmower-system/install/path_nav/share/path_nav/environment/ament_prefix_path.sh
[6.514s] -- Installing: /home/pi/Lawnmower-system/install/path_nav/share/path_nav/environment/ament_prefix_path.dsv
[6.517s] -- Installing: /home/pi/Lawnmower-system/install/path_nav/share/path_nav/environment/path.sh
[6.520s] -- Installing: /home/pi/Lawnmower-system/install/path_nav/share/path_nav/environment/path.dsv
[6.523s] -- Installing: /home/pi/Lawnmower-system/install/path_nav/share/path_nav/local_setup.bash
[6.526s] -- Installing: /home/pi/Lawnmower-system/install/path_nav/share/path_nav/local_setup.sh
[6.530s] -- Installing: /home/pi/Lawnmower-system/install/path_nav/share/path_nav/local_setup.zsh
[6.532s] -- Installing: /home/pi/Lawnmower-system/install/path_nav/share/path_nav/local_setup.dsv
[6.535s] -- Installing: /home/pi/Lawnmower-system/install/path_nav/share/path_nav/package.dsv
[6.539s] -- Installing: /home/pi/Lawnmower-system/install/path_nav/share/ament_index/resource_index/packages/path_nav
[6.543s] -- Installing: /home/pi/Lawnmower-system/install/path_nav/share/path_nav/cmake/path_navConfig.cmake
[6.546s] -- Installing: /home/pi/Lawnmower-system/install/path_nav/share/path_nav/cmake/path_navConfig-version.cmake
[6.549s] -- Installing: /home/pi/Lawnmower-system/install/path_nav/share/path_nav/package.xml
[6.569s] Invoked command in '/home/pi/Lawnmower-system/build/path_nav' returned '0': CMAKE_PREFIX_PATH=/home/pi/Navigation-ROSNode/install/mcomp_test:/home/pi/Navigation-ROSNode/mcomp_test/install/mcomp_test:/opt/ros/humble /usr/bin/cmake --install /home/pi/Lawnmower-system/build/path_nav
