/home/pi/Lawnmower-system/install/path_nav/lib/python3.10/site-packages/path_nav/lds.py
/home/pi/Lawnmower-system/install/path_nav/lib/python3.10/site-packages/path_nav/ends.py
/home/pi/Lawnmower-system/install/path_nav/lib/python3.10/site-packages/path_nav/utm_func.py
/home/pi/Lawnmower-system/install/path_nav/lib/python3.10/site-packages/path_nav/consts.py
/home/pi/Lawnmower-system/install/path_nav/lib/python3.10/site-packages/path_nav/mower.py
/home/pi/Lawnmower-system/install/path_nav/lib/python3.10/site-packages/path_nav/__init__.py
/home/pi/Lawnmower-system/install/path_nav/lib/python3.10/site-packages/path_nav/lidar_sim.py
/home/pi/Lawnmower-system/install/path_nav/lib/python3.10/site-packages/path_nav/__pycache__/lds.cpython-310.pyc
/home/pi/Lawnmower-system/install/path_nav/lib/python3.10/site-packages/path_nav/__pycache__/ends.cpython-310.pyc
/home/pi/Lawnmower-system/install/path_nav/lib/python3.10/site-packages/path_nav/__pycache__/utm_func.cpython-310.pyc
/home/pi/Lawnmower-system/install/path_nav/lib/python3.10/site-packages/path_nav/__pycache__/consts.cpython-310.pyc
/home/pi/Lawnmower-system/install/path_nav/lib/python3.10/site-packages/path_nav/__pycache__/mower.cpython-310.pyc
/home/pi/Lawnmower-system/install/path_nav/lib/python3.10/site-packages/path_nav/__pycache__/__init__.cpython-310.pyc
/home/pi/Lawnmower-system/install/path_nav/lib/python3.10/site-packages/path_nav/__pycache__/lidar_sim.cpython-310.pyc
/home/pi/Lawnmower-system/install/path_nav/share/ament_index/resource_index/packages/path_nav
/home/pi/Lawnmower-system/install/path_nav/share/path_nav/package.xml
/home/pi/Lawnmower-system/install/path_nav/lib/python3.10/site-packages/path_nav-0.0.0-py3.10.egg-info/requires.txt
/home/pi/Lawnmower-system/install/path_nav/lib/python3.10/site-packages/path_nav-0.0.0-py3.10.egg-info/dependency_links.txt
/home/pi/Lawnmower-system/install/path_nav/lib/python3.10/site-packages/path_nav-0.0.0-py3.10.egg-info/zip-safe
/home/pi/Lawnmower-system/install/path_nav/lib/python3.10/site-packages/path_nav-0.0.0-py3.10.egg-info/top_level.txt
/home/pi/Lawnmower-system/install/path_nav/lib/python3.10/site-packages/path_nav-0.0.0-py3.10.egg-info/entry_points.txt
/home/pi/Lawnmower-system/install/path_nav/lib/python3.10/site-packages/path_nav-0.0.0-py3.10.egg-info/SOURCES.txt
/home/pi/Lawnmower-system/install/path_nav/lib/python3.10/site-packages/path_nav-0.0.0-py3.10.egg-info/PKG-INFO
/home/pi/Lawnmower-system/install/path_nav/lib/path_nav/robot_nav
