[4.417s] Invoking command in '/home/pi/Lawnmower-system/ros_mower_robot_ws/src/robot_motor_control_py': CMAKE_PREFIX_PATH=/home/pi/Lawnmower-system/install/robot_interfaces:/home/pi/Lawnmower-system/install/path_nav PYTHONPATH=/home/pi/Lawnmower-system/build/robot_motor_control_py/prefix_override:/home/pi/Lawnmower-system/install/robot_motor_control_py/lib/python3.10/site-packages:${PYTHONPATH} /usr/bin/python3 setup.py egg_info --egg-base ../../../build/robot_motor_control_py build --build-base /home/pi/Lawnmower-system/build/robot_motor_control_py/build install --record /home/pi/Lawnmower-system/build/robot_motor_control_py/install.log --single-version-externally-managed
[7.058s] running egg_info
[7.066s] writing ../../../build/robot_motor_control_py/robot_motor_control_py.egg-info/PKG-INFO
[7.068s] writing dependency_links to ../../../build/robot_motor_control_py/robot_motor_control_py.egg-info/dependency_links.txt
[7.070s] writing entry points to ../../../build/robot_motor_control_py/robot_motor_control_py.egg-info/entry_points.txt
[7.072s] writing requirements to ../../../build/robot_motor_control_py/robot_motor_control_py.egg-info/requires.txt
[7.074s] writing top-level names to ../../../build/robot_motor_control_py/robot_motor_control_py.egg-info/top_level.txt
[7.096s] reading manifest file '../../../build/robot_motor_control_py/robot_motor_control_py.egg-info/SOURCES.txt'
[7.108s] writing manifest file '../../../build/robot_motor_control_py/robot_motor_control_py.egg-info/SOURCES.txt'
[7.110s] running build
[7.111s] running build_py
[7.123s] running install
[7.125s] /usr/lib/python3/dist-packages/setuptools/command/install.py:34: SetuptoolsDeprecationWarning: setup.py install is deprecated. Use build and pip and other standards-based tools.
[7.126s]   warnings.warn(
[7.128s] running install_lib
[7.152s] running install_data
[7.158s] running install_egg_info
[7.174s] removing '/home/pi/Lawnmower-system/install/robot_motor_control_py/lib/python3.10/site-packages/robot_motor_control_py-0.0.0-py3.10.egg-info' (and everything under it)
[7.180s] Copying ../../../build/robot_motor_control_py/robot_motor_control_py.egg-info to /home/pi/Lawnmower-system/install/robot_motor_control_py/lib/python3.10/site-packages/robot_motor_control_py-0.0.0-py3.10.egg-info
[7.196s] running install_scripts
[7.414s] Installing robot_bridge script to /home/pi/Lawnmower-system/install/robot_motor_control_py/lib/robot_motor_control_py
[7.416s] Installing robot_path_provider_client script to /home/pi/Lawnmower-system/install/robot_motor_control_py/lib/robot_motor_control_py
[7.418s] Installing robot_user_client script to /home/pi/Lawnmower-system/install/robot_motor_control_py/lib/robot_motor_control_py
[7.424s] writing list of installed files to '/home/pi/Lawnmower-system/build/robot_motor_control_py/install.log'
[7.709s] Invoked command in '/home/pi/Lawnmower-system/ros_mower_robot_ws/src/robot_motor_control_py' returned '0': CMAKE_PREFIX_PATH=/home/pi/Lawnmower-system/install/robot_interfaces:/home/pi/Lawnmower-system/install/path_nav PYTHONPATH=/home/pi/Lawnmower-system/build/robot_motor_control_py/prefix_override:/home/pi/Lawnmower-system/install/robot_motor_control_py/lib/python3.10/site-packages:${PYTHONPATH} /usr/bin/python3 setup.py egg_info --egg-base ../../../build/robot_motor_control_py build --build-base /home/pi/Lawnmower-system/build/robot_motor_control_py/build install --record /home/pi/Lawnmower-system/build/robot_motor_control_py/install.log --single-version-externally-managed
