[0.063s] Invoking command in '/home/pi/Lawnmower-system/build/robot_interfaces': CMAKE_PREFIX_PATH=/home/pi/Navigation-ROSNode/install/mcomp_test:/home/pi/Navigation-ROSNode/mcomp_test/install/mcomp_test:/opt/ros/humble /usr/bin/cmake --build /home/pi/Lawnmower-system/build/robot_interfaces -- -j4 -l4
[0.236s] [35m[1mConsolidate compiler generated dependencies of target robot_interfaces__rosidl_generator_c[0m
[0.274s] [  1%] Built target robot_interfaces__cpp
[0.297s] [ 12%] Built target robot_interfaces__rosidl_generator_c
[0.324s] [35m[1mConsolidate compiler generated dependencies of target robot_interfaces__rosidl_typesupport_cpp[0m
[0.329s] [35m[1mConsolidate compiler generated dependencies of target robot_interfaces__rosidl_typesupport_fastrtps_cpp[0m
[0.334s] [ 12%] Built target ament_cmake_python_copy_robot_interfaces
[0.350s] [35m[1mConsolidate compiler generated dependencies of target robot_interfaces__rosidl_typesupport_introspection_cpp[0m
[0.383s] [35m[1mConsolidate compiler generated dependencies of target robot_interfaces__rosidl_typesupport_fastrtps_c[0m
[0.407s] [ 23%] Built target robot_interfaces__rosidl_typesupport_cpp
[0.474s] [ 34%] Built target robot_interfaces__rosidl_typesupport_introspection_cpp
[0.520s] [ 45%] Built target robot_interfaces__rosidl_typesupport_fastrtps_cpp
[0.563s] [35m[1mConsolidate compiler generated dependencies of target robot_interfaces__rosidl_typesupport_introspection_c[0m
[0.593s] [ 56%] Built target robot_interfaces__rosidl_typesupport_fastrtps_c
[0.607s] [35m[1mConsolidate compiler generated dependencies of target robot_interfaces__rosidl_typesupport_c[0m
[0.709s] [ 67%] Built target robot_interfaces__rosidl_typesupport_introspection_c
[0.749s] [ 78%] Built target robot_interfaces__rosidl_typesupport_c
[0.955s] [ 78%] Built target robot_interfaces
[1.168s] [ 80%] Built target robot_interfaces__py
[1.279s] [35m[1mConsolidate compiler generated dependencies of target robot_interfaces__rosidl_generator_py[0m
[1.472s] [ 89%] Built target robot_interfaces__rosidl_generator_py
[1.584s] [35m[1mConsolidate compiler generated dependencies of target robot_interfaces__rosidl_typesupport_fastrtps_c__pyext[0m
[1.591s] [35m[1mConsolidate compiler generated dependencies of target robot_interfaces__rosidl_typesupport_introspection_c__pyext[0m
[1.596s] [35m[1mConsolidate compiler generated dependencies of target robot_interfaces__rosidl_typesupport_c__pyext[0m
[1.752s] [ 92%] Built target robot_interfaces__rosidl_typesupport_fastrtps_c__pyext
[1.774s] [ 96%] Built target robot_interfaces__rosidl_typesupport_introspection_c__pyext
[1.789s] [100%] Built target robot_interfaces__rosidl_typesupport_c__pyext
[3.698s] running egg_info
[3.701s] writing robot_interfaces.egg-info/PKG-INFO
[3.702s] writing dependency_links to robot_interfaces.egg-info/dependency_links.txt
[3.703s] writing top-level names to robot_interfaces.egg-info/top_level.txt
[3.713s] reading manifest file 'robot_interfaces.egg-info/SOURCES.txt'
[3.716s] writing manifest file 'robot_interfaces.egg-info/SOURCES.txt'
[3.843s] [100%] Built target ament_cmake_python_build_robot_interfaces_egg
[3.885s] Invoked command in '/home/pi/Lawnmower-system/build/robot_interfaces' returned '0': CMAKE_PREFIX_PATH=/home/pi/Navigation-ROSNode/install/mcomp_test:/home/pi/Navigation-ROSNode/mcomp_test/install/mcomp_test:/opt/ros/humble /usr/bin/cmake --build /home/pi/Lawnmower-system/build/robot_interfaces -- -j4 -l4
[4.676s] Invoking command in '/home/pi/Lawnmower-system/build/robot_interfaces': CMAKE_PREFIX_PATH=/home/pi/Navigation-ROSNode/install/mcomp_test:/home/pi/Navigation-ROSNode/mcomp_test/install/mcomp_test:/opt/ros/humble /usr/bin/cmake --install /home/pi/Lawnmower-system/build/robot_interfaces
[4.705s] -- Install configuration: ""
[4.705s] -- Up-to-date: /home/pi/Lawnmower-system/install/robot_interfaces/share/ament_index/resource_index/rosidl_interfaces/robot_interfaces
[4.706s] -- Up-to-date: /home/pi/Lawnmower-system/install/robot_interfaces/include/robot_interfaces/robot_interfaces
[4.706s] -- Up-to-date: /home/pi/Lawnmower-system/install/robot_interfaces/include/robot_interfaces/robot_interfaces/msg
[4.707s] -- Up-to-date: /home/pi/Lawnmower-system/install/robot_interfaces/include/robot_interfaces/robot_interfaces/msg/robot_serial_received.h
[4.707s] -- Up-to-date: /home/pi/Lawnmower-system/install/robot_interfaces/include/robot_interfaces/robot_interfaces/msg/detail
[4.708s] -- Up-to-date: /home/pi/Lawnmower-system/install/robot_interfaces/include/robot_interfaces/robot_interfaces/msg/detail/robot_send_cmd__type_support.h
[4.708s] -- Up-to-date: /home/pi/Lawnmower-system/install/robot_interfaces/include/robot_interfaces/robot_interfaces/msg/detail/robot_serial_received__struct.h
[4.708s] -- Up-to-date: /home/pi/Lawnmower-system/install/robot_interfaces/include/robot_interfaces/robot_interfaces/msg/detail/robot_serial_received__functions.h
[4.709s] -- Up-to-date: /home/pi/Lawnmower-system/install/robot_interfaces/include/robot_interfaces/robot_interfaces/msg/detail/robot_send_cmd__functions.c
[4.709s] -- Up-to-date: /home/pi/Lawnmower-system/install/robot_interfaces/include/robot_interfaces/robot_interfaces/msg/detail/robot_serial_received__functions.c
[4.709s] -- Up-to-date: /home/pi/Lawnmower-system/install/robot_interfaces/include/robot_interfaces/robot_interfaces/msg/detail/robot_send_cmd__struct.h
[4.710s] -- Up-to-date: /home/pi/Lawnmower-system/install/robot_interfaces/include/robot_interfaces/robot_interfaces/msg/detail/robot_send_cmd__functions.h
[4.710s] -- Up-to-date: /home/pi/Lawnmower-system/install/robot_interfaces/include/robot_interfaces/robot_interfaces/msg/detail/robot_serial_received__type_support.h
[4.711s] -- Up-to-date: /home/pi/Lawnmower-system/install/robot_interfaces/include/robot_interfaces/robot_interfaces/msg/rosidl_generator_c__visibility_control.h
[4.711s] -- Up-to-date: /home/pi/Lawnmower-system/install/robot_interfaces/include/robot_interfaces/robot_interfaces/msg/robot_send_cmd.h
[4.711s] -- Up-to-date: /home/pi/Lawnmower-system/install/robot_interfaces/include/robot_interfaces/robot_interfaces/action
[4.712s] -- Up-to-date: /home/pi/Lawnmower-system/install/robot_interfaces/include/robot_interfaces/robot_interfaces/action/detail
[4.712s] -- Up-to-date: /home/pi/Lawnmower-system/install/robot_interfaces/include/robot_interfaces/robot_interfaces/action/detail/robot_cm_ddepressiated__type_support.h
[4.712s] -- Up-to-date: /home/pi/Lawnmower-system/install/robot_interfaces/include/robot_interfaces/robot_interfaces/action/detail/robot_cm_ddepressiated__functions.c
[4.713s] -- Up-to-date: /home/pi/Lawnmower-system/install/robot_interfaces/include/robot_interfaces/robot_interfaces/action/detail/robot_cm_ddepressiated__struct.h
[4.713s] -- Up-to-date: /home/pi/Lawnmower-system/install/robot_interfaces/include/robot_interfaces/robot_interfaces/action/detail/robot_cm_ddepressiated__functions.h
[4.714s] -- Up-to-date: /home/pi/Lawnmower-system/install/robot_interfaces/include/robot_interfaces/robot_interfaces/action/robot_cm_ddepressiated.h
[4.714s] -- Up-to-date: /home/pi/Lawnmower-system/install/robot_interfaces/include/robot_interfaces/robot_interfaces/srv
[4.714s] -- Up-to-date: /home/pi/Lawnmower-system/install/robot_interfaces/include/robot_interfaces/robot_interfaces/srv/detail
[4.715s] -- Up-to-date: /home/pi/Lawnmower-system/install/robot_interfaces/include/robot_interfaces/robot_interfaces/srv/detail/robot_cmd__struct.h
[4.715s] -- Up-to-date: /home/pi/Lawnmower-system/install/robot_interfaces/include/robot_interfaces/robot_interfaces/srv/detail/robot_cmd__functions.c
[4.715s] -- Up-to-date: /home/pi/Lawnmower-system/install/robot_interfaces/include/robot_interfaces/robot_interfaces/srv/detail/robot_cmd__functions.h
[4.716s] -- Up-to-date: /home/pi/Lawnmower-system/install/robot_interfaces/include/robot_interfaces/robot_interfaces/srv/detail/robot_cmd__type_support.h
[4.716s] -- Up-to-date: /home/pi/Lawnmower-system/install/robot_interfaces/include/robot_interfaces/robot_interfaces/srv/robot_cmd.h
[4.716s] -- Up-to-date: /home/pi/Lawnmower-system/install/robot_interfaces/share/robot_interfaces/environment/library_path.sh
[4.717s] -- Up-to-date: /home/pi/Lawnmower-system/install/robot_interfaces/share/robot_interfaces/environment/library_path.dsv
[4.717s] -- Up-to-date: /home/pi/Lawnmower-system/install/robot_interfaces/lib/librobot_interfaces__rosidl_generator_c.so
[4.717s] -- Up-to-date: /home/pi/Lawnmower-system/install/robot_interfaces/include/robot_interfaces/robot_interfaces
[4.718s] -- Up-to-date: /home/pi/Lawnmower-system/install/robot_interfaces/include/robot_interfaces/robot_interfaces/msg
[4.718s] -- Up-to-date: /home/pi/Lawnmower-system/install/robot_interfaces/include/robot_interfaces/robot_interfaces/msg/rosidl_typesupport_fastrtps_c__visibility_control.h
[4.719s] -- Up-to-date: /home/pi/Lawnmower-system/install/robot_interfaces/include/robot_interfaces/robot_interfaces/msg/detail
[4.719s] -- Up-to-date: /home/pi/Lawnmower-system/install/robot_interfaces/include/robot_interfaces/robot_interfaces/msg/detail/robot_serial_received__rosidl_typesupport_fastrtps_c.h
[4.720s] -- Up-to-date: /home/pi/Lawnmower-system/install/robot_interfaces/include/robot_interfaces/robot_interfaces/msg/detail/robot_send_cmd__rosidl_typesupport_fastrtps_c.h
[4.720s] -- Up-to-date: /home/pi/Lawnmower-system/install/robot_interfaces/include/robot_interfaces/robot_interfaces/action
[4.720s] -- Up-to-date: /home/pi/Lawnmower-system/install/robot_interfaces/include/robot_interfaces/robot_interfaces/action/detail
[4.721s] -- Up-to-date: /home/pi/Lawnmower-system/install/robot_interfaces/include/robot_interfaces/robot_interfaces/action/detail/robot_cm_ddepressiated__rosidl_typesupport_fastrtps_c.h
[4.721s] -- Up-to-date: /home/pi/Lawnmower-system/install/robot_interfaces/include/robot_interfaces/robot_interfaces/srv
[4.721s] -- Up-to-date: /home/pi/Lawnmower-system/install/robot_interfaces/include/robot_interfaces/robot_interfaces/srv/detail
[4.722s] -- Up-to-date: /home/pi/Lawnmower-system/install/robot_interfaces/include/robot_interfaces/robot_interfaces/srv/detail/robot_cmd__rosidl_typesupport_fastrtps_c.h
[4.723s] -- Up-to-date: /home/pi/Lawnmower-system/install/robot_interfaces/lib/librobot_interfaces__rosidl_typesupport_fastrtps_c.so
[4.724s] -- Up-to-date: /home/pi/Lawnmower-system/install/robot_interfaces/include/robot_interfaces/robot_interfaces
[4.724s] -- Up-to-date: /home/pi/Lawnmower-system/install/robot_interfaces/include/robot_interfaces/robot_interfaces/msg
[4.725s] -- Up-to-date: /home/pi/Lawnmower-system/install/robot_interfaces/include/robot_interfaces/robot_interfaces/msg/detail
[4.725s] -- Up-to-date: /home/pi/Lawnmower-system/install/robot_interfaces/include/robot_interfaces/robot_interfaces/msg/detail/robot_send_cmd__type_support.c
[4.726s] -- Up-to-date: /home/pi/Lawnmower-system/install/robot_interfaces/include/robot_interfaces/robot_interfaces/msg/detail/robot_serial_received__type_support.c
[4.726s] -- Up-to-date: /home/pi/Lawnmower-system/install/robot_interfaces/include/robot_interfaces/robot_interfaces/msg/detail/robot_serial_received__rosidl_typesupport_introspection_c.h
[4.726s] -- Up-to-date: /home/pi/Lawnmower-system/install/robot_interfaces/include/robot_interfaces/robot_interfaces/msg/detail/robot_send_cmd__rosidl_typesupport_introspection_c.h
[4.727s] -- Up-to-date: /home/pi/Lawnmower-system/install/robot_interfaces/include/robot_interfaces/robot_interfaces/msg/rosidl_typesupport_introspection_c__visibility_control.h
[4.727s] -- Up-to-date: /home/pi/Lawnmower-system/install/robot_interfaces/include/robot_interfaces/robot_interfaces/action
[4.727s] -- Up-to-date: /home/pi/Lawnmower-system/install/robot_interfaces/include/robot_interfaces/robot_interfaces/action/detail
[4.728s] -- Up-to-date: /home/pi/Lawnmower-system/install/robot_interfaces/include/robot_interfaces/robot_interfaces/action/detail/robot_cm_ddepressiated__type_support.c
[4.728s] -- Up-to-date: /home/pi/Lawnmower-system/install/robot_interfaces/include/robot_interfaces/robot_interfaces/action/detail/robot_cm_ddepressiated__rosidl_typesupport_introspection_c.h
[4.728s] -- Up-to-date: /home/pi/Lawnmower-system/install/robot_interfaces/include/robot_interfaces/robot_interfaces/srv
[4.729s] -- Up-to-date: /home/pi/Lawnmower-system/install/robot_interfaces/include/robot_interfaces/robot_interfaces/srv/detail
[4.729s] -- Up-to-date: /home/pi/Lawnmower-system/install/robot_interfaces/include/robot_interfaces/robot_interfaces/srv/detail/robot_cmd__type_support.c
[4.730s] -- Up-to-date: /home/pi/Lawnmower-system/install/robot_interfaces/include/robot_interfaces/robot_interfaces/srv/detail/robot_cmd__rosidl_typesupport_introspection_c.h
[4.731s] -- Up-to-date: /home/pi/Lawnmower-system/install/robot_interfaces/lib/librobot_interfaces__rosidl_typesupport_introspection_c.so
[4.732s] -- Up-to-date: /home/pi/Lawnmower-system/install/robot_interfaces/lib/librobot_interfaces__rosidl_typesupport_c.so
[4.733s] -- Up-to-date: /home/pi/Lawnmower-system/install/robot_interfaces/include/robot_interfaces/robot_interfaces
[4.734s] -- Up-to-date: /home/pi/Lawnmower-system/install/robot_interfaces/include/robot_interfaces/robot_interfaces/msg
[4.734s] -- Up-to-date: /home/pi/Lawnmower-system/install/robot_interfaces/include/robot_interfaces/robot_interfaces/msg/robot_serial_received.hpp
[4.735s] -- Up-to-date: /home/pi/Lawnmower-system/install/robot_interfaces/include/robot_interfaces/robot_interfaces/msg/robot_send_cmd.hpp
[4.736s] -- Up-to-date: /home/pi/Lawnmower-system/install/robot_interfaces/include/robot_interfaces/robot_interfaces/msg/detail
[4.736s] -- Up-to-date: /home/pi/Lawnmower-system/install/robot_interfaces/include/robot_interfaces/robot_interfaces/msg/detail/robot_send_cmd__traits.hpp
[4.736s] -- Up-to-date: /home/pi/Lawnmower-system/install/robot_interfaces/include/robot_interfaces/robot_interfaces/msg/detail/robot_serial_received__traits.hpp
[4.737s] -- Up-to-date: /home/pi/Lawnmower-system/install/robot_interfaces/include/robot_interfaces/robot_interfaces/msg/detail/robot_serial_received__struct.hpp
[4.737s] -- Up-to-date: /home/pi/Lawnmower-system/install/robot_interfaces/include/robot_interfaces/robot_interfaces/msg/detail/robot_send_cmd__builder.hpp
[4.738s] -- Up-to-date: /home/pi/Lawnmower-system/install/robot_interfaces/include/robot_interfaces/robot_interfaces/msg/detail/robot_serial_received__builder.hpp
[4.738s] -- Up-to-date: /home/pi/Lawnmower-system/install/robot_interfaces/include/robot_interfaces/robot_interfaces/msg/detail/robot_send_cmd__struct.hpp
[4.738s] -- Up-to-date: /home/pi/Lawnmower-system/install/robot_interfaces/include/robot_interfaces/robot_interfaces/action
[4.739s] -- Up-to-date: /home/pi/Lawnmower-system/install/robot_interfaces/include/robot_interfaces/robot_interfaces/action/detail
[4.739s] -- Up-to-date: /home/pi/Lawnmower-system/install/robot_interfaces/include/robot_interfaces/robot_interfaces/action/detail/robot_cm_ddepressiated__struct.hpp
[4.739s] -- Up-to-date: /home/pi/Lawnmower-system/install/robot_interfaces/include/robot_interfaces/robot_interfaces/action/detail/robot_cm_ddepressiated__builder.hpp
[4.740s] -- Up-to-date: /home/pi/Lawnmower-system/install/robot_interfaces/include/robot_interfaces/robot_interfaces/action/detail/robot_cm_ddepressiated__traits.hpp
[4.740s] -- Up-to-date: /home/pi/Lawnmower-system/install/robot_interfaces/include/robot_interfaces/robot_interfaces/action/robot_cm_ddepressiated.hpp
[4.740s] -- Up-to-date: /home/pi/Lawnmower-system/install/robot_interfaces/include/robot_interfaces/robot_interfaces/srv
[4.741s] -- Up-to-date: /home/pi/Lawnmower-system/install/robot_interfaces/include/robot_interfaces/robot_interfaces/srv/robot_cmd.hpp
[4.741s] -- Up-to-date: /home/pi/Lawnmower-system/install/robot_interfaces/include/robot_interfaces/robot_interfaces/srv/detail
[4.742s] -- Up-to-date: /home/pi/Lawnmower-system/install/robot_interfaces/include/robot_interfaces/robot_interfaces/srv/detail/robot_cmd__struct.hpp
[4.742s] -- Up-to-date: /home/pi/Lawnmower-system/install/robot_interfaces/include/robot_interfaces/robot_interfaces/srv/detail/robot_cmd__traits.hpp
[4.742s] -- Up-to-date: /home/pi/Lawnmower-system/install/robot_interfaces/include/robot_interfaces/robot_interfaces/srv/detail/robot_cmd__builder.hpp
[4.743s] -- Up-to-date: /home/pi/Lawnmower-system/install/robot_interfaces/include/robot_interfaces/robot_interfaces
[4.743s] -- Up-to-date: /home/pi/Lawnmower-system/install/robot_interfaces/include/robot_interfaces/robot_interfaces/msg
[4.743s] -- Up-to-date: /home/pi/Lawnmower-system/install/robot_interfaces/include/robot_interfaces/robot_interfaces/msg/detail
[4.744s] -- Up-to-date: /home/pi/Lawnmower-system/install/robot_interfaces/include/robot_interfaces/robot_interfaces/msg/detail/robot_serial_received__rosidl_typesupport_fastrtps_cpp.hpp
[4.744s] -- Up-to-date: /home/pi/Lawnmower-system/install/robot_interfaces/include/robot_interfaces/robot_interfaces/msg/detail/dds_fastrtps
[4.744s] -- Up-to-date: /home/pi/Lawnmower-system/install/robot_interfaces/include/robot_interfaces/robot_interfaces/msg/detail/robot_send_cmd__rosidl_typesupport_fastrtps_cpp.hpp
[4.745s] -- Up-to-date: /home/pi/Lawnmower-system/install/robot_interfaces/include/robot_interfaces/robot_interfaces/msg/rosidl_typesupport_fastrtps_cpp__visibility_control.h
[4.745s] -- Up-to-date: /home/pi/Lawnmower-system/install/robot_interfaces/include/robot_interfaces/robot_interfaces/action
[4.746s] -- Up-to-date: /home/pi/Lawnmower-system/install/robot_interfaces/include/robot_interfaces/robot_interfaces/action/detail
[4.746s] -- Up-to-date: /home/pi/Lawnmower-system/install/robot_interfaces/include/robot_interfaces/robot_interfaces/action/detail/dds_fastrtps
[4.746s] -- Up-to-date: /home/pi/Lawnmower-system/install/robot_interfaces/include/robot_interfaces/robot_interfaces/action/detail/robot_cm_ddepressiated__rosidl_typesupport_fastrtps_cpp.hpp
[4.746s] -- Up-to-date: /home/pi/Lawnmower-system/install/robot_interfaces/include/robot_interfaces/robot_interfaces/srv
[4.747s] -- Up-to-date: /home/pi/Lawnmower-system/install/robot_interfaces/include/robot_interfaces/robot_interfaces/srv/detail
[4.747s] -- Up-to-date: /home/pi/Lawnmower-system/install/robot_interfaces/include/robot_interfaces/robot_interfaces/srv/detail/robot_cmd__rosidl_typesupport_fastrtps_cpp.hpp
[4.748s] -- Up-to-date: /home/pi/Lawnmower-system/install/robot_interfaces/include/robot_interfaces/robot_interfaces/srv/detail/dds_fastrtps
[4.748s] -- Up-to-date: /home/pi/Lawnmower-system/install/robot_interfaces/lib/librobot_interfaces__rosidl_typesupport_fastrtps_cpp.so
[4.749s] -- Up-to-date: /home/pi/Lawnmower-system/install/robot_interfaces/include/robot_interfaces/robot_interfaces
[4.749s] -- Up-to-date: /home/pi/Lawnmower-system/install/robot_interfaces/include/robot_interfaces/robot_interfaces/msg
[4.749s] -- Up-to-date: /home/pi/Lawnmower-system/install/robot_interfaces/include/robot_interfaces/robot_interfaces/msg/detail
[4.750s] -- Up-to-date: /home/pi/Lawnmower-system/install/robot_interfaces/include/robot_interfaces/robot_interfaces/msg/detail/robot_send_cmd__rosidl_typesupport_introspection_cpp.hpp
[4.750s] -- Up-to-date: /home/pi/Lawnmower-system/install/robot_interfaces/include/robot_interfaces/robot_interfaces/msg/detail/robot_serial_received__type_support.cpp
[4.750s] -- Up-to-date: /home/pi/Lawnmower-system/install/robot_interfaces/include/robot_interfaces/robot_interfaces/msg/detail/robot_serial_received__rosidl_typesupport_introspection_cpp.hpp
[4.751s] -- Up-to-date: /home/pi/Lawnmower-system/install/robot_interfaces/include/robot_interfaces/robot_interfaces/msg/detail/robot_send_cmd__type_support.cpp
[4.751s] -- Up-to-date: /home/pi/Lawnmower-system/install/robot_interfaces/include/robot_interfaces/robot_interfaces/action
[4.752s] -- Up-to-date: /home/pi/Lawnmower-system/install/robot_interfaces/include/robot_interfaces/robot_interfaces/action/detail
[4.753s] -- Up-to-date: /home/pi/Lawnmower-system/install/robot_interfaces/include/robot_interfaces/robot_interfaces/action/detail/robot_cm_ddepressiated__rosidl_typesupport_introspection_cpp.hpp
[4.753s] -- Up-to-date: /home/pi/Lawnmower-system/install/robot_interfaces/include/robot_interfaces/robot_interfaces/action/detail/robot_cm_ddepressiated__type_support.cpp
[4.754s] -- Up-to-date: /home/pi/Lawnmower-system/install/robot_interfaces/include/robot_interfaces/robot_interfaces/srv
[4.754s] -- Up-to-date: /home/pi/Lawnmower-system/install/robot_interfaces/include/robot_interfaces/robot_interfaces/srv/detail
[4.754s] -- Up-to-date: /home/pi/Lawnmower-system/install/robot_interfaces/include/robot_interfaces/robot_interfaces/srv/detail/robot_cmd__rosidl_typesupport_introspection_cpp.hpp
[4.755s] -- Up-to-date: /home/pi/Lawnmower-system/install/robot_interfaces/include/robot_interfaces/robot_interfaces/srv/detail/robot_cmd__type_support.cpp
[4.755s] -- Up-to-date: /home/pi/Lawnmower-system/install/robot_interfaces/lib/librobot_interfaces__rosidl_typesupport_introspection_cpp.so
[4.757s] -- Up-to-date: /home/pi/Lawnmower-system/install/robot_interfaces/lib/librobot_interfaces__rosidl_typesupport_cpp.so
[4.758s] -- Up-to-date: /home/pi/Lawnmower-system/install/robot_interfaces/share/robot_interfaces/environment/pythonpath.sh
[4.759s] -- Up-to-date: /home/pi/Lawnmower-system/install/robot_interfaces/share/robot_interfaces/environment/pythonpath.dsv
[4.759s] -- Up-to-date: /home/pi/Lawnmower-system/install/robot_interfaces/local/lib/python3.10/dist-packages/robot_interfaces-0.0.0-py3.10.egg-info
[4.760s] -- Installing: /home/pi/Lawnmower-system/install/robot_interfaces/local/lib/python3.10/dist-packages/robot_interfaces-0.0.0-py3.10.egg-info/dependency_links.txt
[4.761s] -- Installing: /home/pi/Lawnmower-system/install/robot_interfaces/local/lib/python3.10/dist-packages/robot_interfaces-0.0.0-py3.10.egg-info/top_level.txt
[4.762s] -- Installing: /home/pi/Lawnmower-system/install/robot_interfaces/local/lib/python3.10/dist-packages/robot_interfaces-0.0.0-py3.10.egg-info/SOURCES.txt
[4.763s] -- Installing: /home/pi/Lawnmower-system/install/robot_interfaces/local/lib/python3.10/dist-packages/robot_interfaces-0.0.0-py3.10.egg-info/PKG-INFO
[4.765s] -- Up-to-date: /home/pi/Lawnmower-system/install/robot_interfaces/local/lib/python3.10/dist-packages/robot_interfaces
[4.765s] -- Up-to-date: /home/pi/Lawnmower-system/install/robot_interfaces/local/lib/python3.10/dist-packages/robot_interfaces/msg
[4.766s] -- Up-to-date: /home/pi/Lawnmower-system/install/robot_interfaces/local/lib/python3.10/dist-packages/robot_interfaces/msg/_robot_serial_received.py
[4.766s] -- Up-to-date: /home/pi/Lawnmower-system/install/robot_interfaces/local/lib/python3.10/dist-packages/robot_interfaces/msg/__init__.py
[4.766s] -- Up-to-date: /home/pi/Lawnmower-system/install/robot_interfaces/local/lib/python3.10/dist-packages/robot_interfaces/msg/_robot_send_cmd_s.c
[4.767s] -- Up-to-date: /home/pi/Lawnmower-system/install/robot_interfaces/local/lib/python3.10/dist-packages/robot_interfaces/msg/_robot_send_cmd.py
[4.767s] -- Up-to-date: /home/pi/Lawnmower-system/install/robot_interfaces/local/lib/python3.10/dist-packages/robot_interfaces/msg/_robot_serial_received_s.c
[4.767s] -- Up-to-date: /home/pi/Lawnmower-system/install/robot_interfaces/local/lib/python3.10/dist-packages/robot_interfaces/_robot_interfaces_s.ep.rosidl_typesupport_c.c
[4.768s] -- Up-to-date: /home/pi/Lawnmower-system/install/robot_interfaces/local/lib/python3.10/dist-packages/robot_interfaces/__init__.py
[4.768s] -- Up-to-date: /home/pi/Lawnmower-system/install/robot_interfaces/local/lib/python3.10/dist-packages/robot_interfaces/robot_interfaces_s__rosidl_typesupport_c.cpython-310-aarch64-linux-gnu.so
[4.768s] -- Up-to-date: /home/pi/Lawnmower-system/install/robot_interfaces/local/lib/python3.10/dist-packages/robot_interfaces/_robot_interfaces_s.ep.rosidl_typesupport_introspection_c.c
[4.769s] -- Up-to-date: /home/pi/Lawnmower-system/install/robot_interfaces/local/lib/python3.10/dist-packages/robot_interfaces/_robot_interfaces_s.ep.rosidl_typesupport_fastrtps_c.c
[4.769s] -- Up-to-date: /home/pi/Lawnmower-system/install/robot_interfaces/local/lib/python3.10/dist-packages/robot_interfaces/action
[4.770s] -- Up-to-date: /home/pi/Lawnmower-system/install/robot_interfaces/local/lib/python3.10/dist-packages/robot_interfaces/action/_robot_cm_ddepressiated.py
[4.770s] -- Up-to-date: /home/pi/Lawnmower-system/install/robot_interfaces/local/lib/python3.10/dist-packages/robot_interfaces/action/__init__.py
[4.770s] -- Up-to-date: /home/pi/Lawnmower-system/install/robot_interfaces/local/lib/python3.10/dist-packages/robot_interfaces/action/_robot_cm_ddepressiated_s.c
[4.771s] -- Up-to-date: /home/pi/Lawnmower-system/install/robot_interfaces/local/lib/python3.10/dist-packages/robot_interfaces/librobot_interfaces__rosidl_generator_py.so
[4.771s] -- Up-to-date: /home/pi/Lawnmower-system/install/robot_interfaces/local/lib/python3.10/dist-packages/robot_interfaces/robot_interfaces_s__rosidl_typesupport_fastrtps_c.cpython-310-aarch64-linux-gnu.so
[4.771s] -- Up-to-date: /home/pi/Lawnmower-system/install/robot_interfaces/local/lib/python3.10/dist-packages/robot_interfaces/robot_interfaces_s__rosidl_typesupport_introspection_c.cpython-310-aarch64-linux-gnu.so
[4.772s] -- Up-to-date: /home/pi/Lawnmower-system/install/robot_interfaces/local/lib/python3.10/dist-packages/robot_interfaces/srv
[4.772s] -- Up-to-date: /home/pi/Lawnmower-system/install/robot_interfaces/local/lib/python3.10/dist-packages/robot_interfaces/srv/_robot_cmd_s.c
[4.772s] -- Up-to-date: /home/pi/Lawnmower-system/install/robot_interfaces/local/lib/python3.10/dist-packages/robot_interfaces/srv/__init__.py
[4.773s] -- Up-to-date: /home/pi/Lawnmower-system/install/robot_interfaces/local/lib/python3.10/dist-packages/robot_interfaces/srv/_robot_cmd.py
[4.912s] Listing '/home/pi/Lawnmower-system/install/robot_interfaces/local/lib/python3.10/dist-packages/robot_interfaces'...
[4.913s] Listing '/home/pi/Lawnmower-system/install/robot_interfaces/local/lib/python3.10/dist-packages/robot_interfaces/action'...
[4.914s] Listing '/home/pi/Lawnmower-system/install/robot_interfaces/local/lib/python3.10/dist-packages/robot_interfaces/msg'...
[4.915s] Listing '/home/pi/Lawnmower-system/install/robot_interfaces/local/lib/python3.10/dist-packages/robot_interfaces/srv'...
[4.935s] -- Up-to-date: /home/pi/Lawnmower-system/install/robot_interfaces/local/lib/python3.10/dist-packages/robot_interfaces/robot_interfaces_s__rosidl_typesupport_fastrtps_c.cpython-310-aarch64-linux-gnu.so
[4.937s] -- Up-to-date: /home/pi/Lawnmower-system/install/robot_interfaces/local/lib/python3.10/dist-packages/robot_interfaces/robot_interfaces_s__rosidl_typesupport_introspection_c.cpython-310-aarch64-linux-gnu.so
[4.939s] -- Up-to-date: /home/pi/Lawnmower-system/install/robot_interfaces/local/lib/python3.10/dist-packages/robot_interfaces/robot_interfaces_s__rosidl_typesupport_c.cpython-310-aarch64-linux-gnu.so
[4.942s] -- Up-to-date: /home/pi/Lawnmower-system/install/robot_interfaces/lib/librobot_interfaces__rosidl_generator_py.so
[4.943s] -- Up-to-date: /home/pi/Lawnmower-system/install/robot_interfaces/share/robot_interfaces/msg/RobotSerialReceived.idl
[4.943s] -- Up-to-date: /home/pi/Lawnmower-system/install/robot_interfaces/share/robot_interfaces/msg/RobotSendCMD.idl
[4.944s] -- Up-to-date: /home/pi/Lawnmower-system/install/robot_interfaces/share/robot_interfaces/srv/RobotCMD.idl
[4.944s] -- Up-to-date: /home/pi/Lawnmower-system/install/robot_interfaces/share/robot_interfaces/action/RobotCMDdepressiated.idl
[4.945s] -- Up-to-date: /home/pi/Lawnmower-system/install/robot_interfaces/share/robot_interfaces/msg/RobotSerialReceived.msg
[4.945s] -- Up-to-date: /home/pi/Lawnmower-system/install/robot_interfaces/share/robot_interfaces/msg/RobotSendCMD.msg
[4.946s] -- Up-to-date: /home/pi/Lawnmower-system/install/robot_interfaces/share/robot_interfaces/srv/RobotCMD.srv
[4.946s] -- Up-to-date: /home/pi/Lawnmower-system/install/robot_interfaces/share/robot_interfaces/srv/RobotCMD_Request.msg
[4.947s] -- Up-to-date: /home/pi/Lawnmower-system/install/robot_interfaces/share/robot_interfaces/srv/RobotCMD_Response.msg
[4.947s] -- Up-to-date: /home/pi/Lawnmower-system/install/robot_interfaces/share/robot_interfaces/action/RobotCMDdepressiated.action
[4.948s] -- Up-to-date: /home/pi/Lawnmower-system/install/robot_interfaces/share/ament_index/resource_index/package_run_dependencies/robot_interfaces
[4.948s] -- Up-to-date: /home/pi/Lawnmower-system/install/robot_interfaces/share/ament_index/resource_index/parent_prefix_path/robot_interfaces
[4.948s] -- Up-to-date: /home/pi/Lawnmower-system/install/robot_interfaces/share/robot_interfaces/environment/ament_prefix_path.sh
[4.949s] -- Up-to-date: /home/pi/Lawnmower-system/install/robot_interfaces/share/robot_interfaces/environment/ament_prefix_path.dsv
[4.949s] -- Up-to-date: /home/pi/Lawnmower-system/install/robot_interfaces/share/robot_interfaces/environment/path.sh
[4.950s] -- Up-to-date: /home/pi/Lawnmower-system/install/robot_interfaces/share/robot_interfaces/environment/path.dsv
[4.950s] -- Up-to-date: /home/pi/Lawnmower-system/install/robot_interfaces/share/robot_interfaces/local_setup.bash
[4.951s] -- Up-to-date: /home/pi/Lawnmower-system/install/robot_interfaces/share/robot_interfaces/local_setup.sh
[4.951s] -- Up-to-date: /home/pi/Lawnmower-system/install/robot_interfaces/share/robot_interfaces/local_setup.zsh
[4.952s] -- Up-to-date: /home/pi/Lawnmower-system/install/robot_interfaces/share/robot_interfaces/local_setup.dsv
[4.952s] -- Installing: /home/pi/Lawnmower-system/install/robot_interfaces/share/robot_interfaces/package.dsv
[4.953s] -- Up-to-date: /home/pi/Lawnmower-system/install/robot_interfaces/share/ament_index/resource_index/packages/robot_interfaces
[4.954s] -- Up-to-date: /home/pi/Lawnmower-system/install/robot_interfaces/share/robot_interfaces/cmake/export_robot_interfaces__rosidl_generator_cExport.cmake
[4.955s] -- Up-to-date: /home/pi/Lawnmower-system/install/robot_interfaces/share/robot_interfaces/cmake/export_robot_interfaces__rosidl_generator_cExport-noconfig.cmake
[4.956s] -- Up-to-date: /home/pi/Lawnmower-system/install/robot_interfaces/share/robot_interfaces/cmake/export_robot_interfaces__rosidl_typesupport_fastrtps_cExport.cmake
[4.956s] -- Up-to-date: /home/pi/Lawnmower-system/install/robot_interfaces/share/robot_interfaces/cmake/export_robot_interfaces__rosidl_typesupport_fastrtps_cExport-noconfig.cmake
[4.957s] -- Up-to-date: /home/pi/Lawnmower-system/install/robot_interfaces/share/robot_interfaces/cmake/robot_interfaces__rosidl_typesupport_introspection_cExport.cmake
[4.958s] -- Up-to-date: /home/pi/Lawnmower-system/install/robot_interfaces/share/robot_interfaces/cmake/robot_interfaces__rosidl_typesupport_introspection_cExport-noconfig.cmake
[4.958s] -- Up-to-date: /home/pi/Lawnmower-system/install/robot_interfaces/share/robot_interfaces/cmake/robot_interfaces__rosidl_typesupport_cExport.cmake
[4.959s] -- Up-to-date: /home/pi/Lawnmower-system/install/robot_interfaces/share/robot_interfaces/cmake/robot_interfaces__rosidl_typesupport_cExport-noconfig.cmake
[4.960s] -- Up-to-date: /home/pi/Lawnmower-system/install/robot_interfaces/share/robot_interfaces/cmake/export_robot_interfaces__rosidl_generator_cppExport.cmake
[4.961s] -- Up-to-date: /home/pi/Lawnmower-system/install/robot_interfaces/share/robot_interfaces/cmake/export_robot_interfaces__rosidl_typesupport_fastrtps_cppExport.cmake
[4.961s] -- Up-to-date: /home/pi/Lawnmower-system/install/robot_interfaces/share/robot_interfaces/cmake/export_robot_interfaces__rosidl_typesupport_fastrtps_cppExport-noconfig.cmake
[4.962s] -- Up-to-date: /home/pi/Lawnmower-system/install/robot_interfaces/share/robot_interfaces/cmake/robot_interfaces__rosidl_typesupport_introspection_cppExport.cmake
[4.962s] -- Up-to-date: /home/pi/Lawnmower-system/install/robot_interfaces/share/robot_interfaces/cmake/robot_interfaces__rosidl_typesupport_introspection_cppExport-noconfig.cmake
[4.963s] -- Up-to-date: /home/pi/Lawnmower-system/install/robot_interfaces/share/robot_interfaces/cmake/robot_interfaces__rosidl_typesupport_cppExport.cmake
[4.964s] -- Up-to-date: /home/pi/Lawnmower-system/install/robot_interfaces/share/robot_interfaces/cmake/robot_interfaces__rosidl_typesupport_cppExport-noconfig.cmake
[4.964s] -- Up-to-date: /home/pi/Lawnmower-system/install/robot_interfaces/share/robot_interfaces/cmake/export_robot_interfaces__rosidl_generator_pyExport.cmake
[4.965s] -- Up-to-date: /home/pi/Lawnmower-system/install/robot_interfaces/share/robot_interfaces/cmake/export_robot_interfaces__rosidl_generator_pyExport-noconfig.cmake
[4.965s] -- Up-to-date: /home/pi/Lawnmower-system/install/robot_interfaces/share/robot_interfaces/cmake/rosidl_cmake-extras.cmake
[4.966s] -- Up-to-date: /home/pi/Lawnmower-system/install/robot_interfaces/share/robot_interfaces/cmake/ament_cmake_export_dependencies-extras.cmake
[4.966s] -- Up-to-date: /home/pi/Lawnmower-system/install/robot_interfaces/share/robot_interfaces/cmake/ament_cmake_export_include_directories-extras.cmake
[4.967s] -- Up-to-date: /home/pi/Lawnmower-system/install/robot_interfaces/share/robot_interfaces/cmake/ament_cmake_export_libraries-extras.cmake
[4.967s] -- Up-to-date: /home/pi/Lawnmower-system/install/robot_interfaces/share/robot_interfaces/cmake/ament_cmake_export_targets-extras.cmake
[4.968s] -- Up-to-date: /home/pi/Lawnmower-system/install/robot_interfaces/share/robot_interfaces/cmake/rosidl_cmake_export_typesupport_targets-extras.cmake
[4.968s] -- Up-to-date: /home/pi/Lawnmower-system/install/robot_interfaces/share/robot_interfaces/cmake/rosidl_cmake_export_typesupport_libraries-extras.cmake
[4.968s] -- Up-to-date: /home/pi/Lawnmower-system/install/robot_interfaces/share/robot_interfaces/cmake/robot_interfacesConfig.cmake
[4.969s] -- Up-to-date: /home/pi/Lawnmower-system/install/robot_interfaces/share/robot_interfaces/cmake/robot_interfacesConfig-version.cmake
[4.969s] -- Up-to-date: /home/pi/Lawnmower-system/install/robot_interfaces/share/robot_interfaces/package.xml
[4.978s] Invoked command in '/home/pi/Lawnmower-system/build/robot_interfaces' returned '0': CMAKE_PREFIX_PATH=/home/pi/Navigation-ROSNode/install/mcomp_test:/home/pi/Navigation-ROSNode/mcomp_test/install/mcomp_test:/opt/ros/humble /usr/bin/cmake --install /home/pi/Lawnmower-system/build/robot_interfaces
