running egg_info
creating ../../../build/robot_motor_control_py/robot_motor_control_py.egg-info
writing ../../../build/robot_motor_control_py/robot_motor_control_py.egg-info/PKG-INFO
writing dependency_links to ../../../build/robot_motor_control_py/robot_motor_control_py.egg-info/dependency_links.txt
writing entry points to ../../../build/robot_motor_control_py/robot_motor_control_py.egg-info/entry_points.txt
writing requirements to ../../../build/robot_motor_control_py/robot_motor_control_py.egg-info/requires.txt
writing top-level names to ../../../build/robot_motor_control_py/robot_motor_control_py.egg-info/top_level.txt
writing manifest file '../../../build/robot_motor_control_py/robot_motor_control_py.egg-info/SOURCES.txt'
reading manifest file '../../../build/robot_motor_control_py/robot_motor_control_py.egg-info/SOURCES.txt'
writing manifest file '../../../build/robot_motor_control_py/robot_motor_control_py.egg-info/SOURCES.txt'
running build
running build_py
creating /home/pi/Lawnmower-system/build/robot_motor_control_py/build
creating /home/pi/Lawnmower-system/build/robot_motor_control_py/build/lib
creating /home/pi/Lawnmower-system/build/robot_motor_control_py/build/lib/robot_motor_control_py
copying robot_motor_control_py/robot_bridge.py -> /home/pi/Lawnmower-system/build/robot_motor_control_py/build/lib/robot_motor_control_py
copying robot_motor_control_py/robot_controller_bridge_action_client.py -> /home/pi/Lawnmower-system/build/robot_motor_control_py/build/lib/robot_motor_control_py
copying robot_motor_control_py/__init__.py -> /home/pi/Lawnmower-system/build/robot_motor_control_py/build/lib/robot_motor_control_py
copying robot_motor_control_py/robot_controller_bridge_action_server.py -> /home/pi/Lawnmower-system/build/robot_motor_control_py/build/lib/robot_motor_control_py
copying robot_motor_control_py/robot_user_client.py -> /home/pi/Lawnmower-system/build/robot_motor_control_py/build/lib/robot_motor_control_py
copying robot_motor_control_py/robot_path_provider_client.py -> /home/pi/Lawnmower-system/build/robot_motor_control_py/build/lib/robot_motor_control_py
creating /home/pi/Lawnmower-system/build/robot_motor_control_py/build/lib/Pathing
copying Pathing/Sample_Co_ordinates.py -> /home/pi/Lawnmower-system/build/robot_motor_control_py/build/lib/Pathing
copying Pathing/Path_to_CMDs.py -> /home/pi/Lawnmower-system/build/robot_motor_control_py/build/lib/Pathing
copying Pathing/__init__.py -> /home/pi/Lawnmower-system/build/robot_motor_control_py/build/lib/Pathing
running install
/usr/lib/python3/dist-packages/setuptools/command/install.py:34: SetuptoolsDeprecationWarning: setup.py install is deprecated. Use build and pip and other standards-based tools.
  warnings.warn(
running install_lib
creating /home/pi/Lawnmower-system/install/robot_motor_control_py/lib/python3.10/site-packages/robot_motor_control_py
copying /home/pi/Lawnmower-system/build/robot_motor_control_py/build/lib/robot_motor_control_py/robot_bridge.py -> /home/pi/Lawnmower-system/install/robot_motor_control_py/lib/python3.10/site-packages/robot_motor_control_py
copying /home/pi/Lawnmower-system/build/robot_motor_control_py/build/lib/robot_motor_control_py/robot_controller_bridge_action_client.py -> /home/pi/Lawnmower-system/install/robot_motor_control_py/lib/python3.10/site-packages/robot_motor_control_py
copying /home/pi/Lawnmower-system/build/robot_motor_control_py/build/lib/robot_motor_control_py/__init__.py -> /home/pi/Lawnmower-system/install/robot_motor_control_py/lib/python3.10/site-packages/robot_motor_control_py
copying /home/pi/Lawnmower-system/build/robot_motor_control_py/build/lib/robot_motor_control_py/robot_controller_bridge_action_server.py -> /home/pi/Lawnmower-system/install/robot_motor_control_py/lib/python3.10/site-packages/robot_motor_control_py
copying /home/pi/Lawnmower-system/build/robot_motor_control_py/build/lib/robot_motor_control_py/robot_user_client.py -> /home/pi/Lawnmower-system/install/robot_motor_control_py/lib/python3.10/site-packages/robot_motor_control_py
copying /home/pi/Lawnmower-system/build/robot_motor_control_py/build/lib/robot_motor_control_py/robot_path_provider_client.py -> /home/pi/Lawnmower-system/install/robot_motor_control_py/lib/python3.10/site-packages/robot_motor_control_py
creating /home/pi/Lawnmower-system/install/robot_motor_control_py/lib/python3.10/site-packages/Pathing
copying /home/pi/Lawnmower-system/build/robot_motor_control_py/build/lib/Pathing/Sample_Co_ordinates.py -> /home/pi/Lawnmower-system/install/robot_motor_control_py/lib/python3.10/site-packages/Pathing
copying /home/pi/Lawnmower-system/build/robot_motor_control_py/build/lib/Pathing/Path_to_CMDs.py -> /home/pi/Lawnmower-system/install/robot_motor_control_py/lib/python3.10/site-packages/Pathing
copying /home/pi/Lawnmower-system/build/robot_motor_control_py/build/lib/Pathing/__init__.py -> /home/pi/Lawnmower-system/install/robot_motor_control_py/lib/python3.10/site-packages/Pathing
byte-compiling /home/pi/Lawnmower-system/install/robot_motor_control_py/lib/python3.10/site-packages/robot_motor_control_py/robot_bridge.py to robot_bridge.cpython-310.pyc
byte-compiling /home/pi/Lawnmower-system/install/robot_motor_control_py/lib/python3.10/site-packages/robot_motor_control_py/robot_controller_bridge_action_client.py to robot_controller_bridge_action_client.cpython-310.pyc
byte-compiling /home/pi/Lawnmower-system/install/robot_motor_control_py/lib/python3.10/site-packages/robot_motor_control_py/__init__.py to __init__.cpython-310.pyc
byte-compiling /home/pi/Lawnmower-system/install/robot_motor_control_py/lib/python3.10/site-packages/robot_motor_control_py/robot_controller_bridge_action_server.py to robot_controller_bridge_action_server.cpython-310.pyc
byte-compiling /home/pi/Lawnmower-system/install/robot_motor_control_py/lib/python3.10/site-packages/robot_motor_control_py/robot_user_client.py to robot_user_client.cpython-310.pyc
byte-compiling /home/pi/Lawnmower-system/install/robot_motor_control_py/lib/python3.10/site-packages/robot_motor_control_py/robot_path_provider_client.py to robot_path_provider_client.cpython-310.pyc
byte-compiling /home/pi/Lawnmower-system/install/robot_motor_control_py/lib/python3.10/site-packages/Pathing/Sample_Co_ordinates.py to Sample_Co_ordinates.cpython-310.pyc
byte-compiling /home/pi/Lawnmower-system/install/robot_motor_control_py/lib/python3.10/site-packages/Pathing/Path_to_CMDs.py to Path_to_CMDs.cpython-310.pyc
byte-compiling /home/pi/Lawnmower-system/install/robot_motor_control_py/lib/python3.10/site-packages/Pathing/__init__.py to __init__.cpython-310.pyc
running install_data
creating /home/pi/Lawnmower-system/install/robot_motor_control_py/share/ament_index
creating /home/pi/Lawnmower-system/install/robot_motor_control_py/share/ament_index/resource_index
creating /home/pi/Lawnmower-system/install/robot_motor_control_py/share/ament_index/resource_index/packages
copying resource/robot_motor_control_py -> /home/pi/Lawnmower-system/install/robot_motor_control_py/share/ament_index/resource_index/packages
copying package.xml -> /home/pi/Lawnmower-system/install/robot_motor_control_py/share/robot_motor_control_py
running install_egg_info
Copying ../../../build/robot_motor_control_py/robot_motor_control_py.egg-info to /home/pi/Lawnmower-system/install/robot_motor_control_py/lib/python3.10/site-packages/robot_motor_control_py-0.0.0-py3.10.egg-info
running install_scripts
Installing robot_bridge script to /home/pi/Lawnmower-system/install/robot_motor_control_py/lib/robot_motor_control_py
Installing robot_path_provider_client script to /home/pi/Lawnmower-system/install/robot_motor_control_py/lib/robot_motor_control_py
Installing robot_user_client script to /home/pi/Lawnmower-system/install/robot_motor_control_py/lib/robot_motor_control_py
writing list of installed files to '/home/pi/Lawnmower-system/build/robot_motor_control_py/install.log'
