[6.096s] Invoking command in '/home/pi/Lawnmower-system/ros_mower_robot_ws/src/robot_motor_control_py': AMENT_PREFIX_PATH=/home/pi/Lawnmower-system/install/robot_interfaces CMAKE_PREFIX_PATH=/home/pi/Lawnmower-system/install/robot_interfaces LD_LIBRARY_PATH=/home/pi/Lawnmower-system/install/robot_interfaces/lib PYTHONPATH=/home/pi/Lawnmower-system/build/robot_motor_control_py/prefix_override:/home/pi/Lawnmower-system/install/robot_motor_control_py/lib/python3.10/site-packages:/home/pi/Lawnmower-system/install/robot_interfaces/local/lib/python3.10/dist-packages /usr/bin/python3 setup.py egg_info --egg-base ../../../build/robot_motor_control_py build --build-base /home/pi/Lawnmower-system/build/robot_motor_control_py/build install --record /home/pi/Lawnmower-system/build/robot_motor_control_py/install.log --single-version-externally-managed
[8.431s] running egg_info
[8.438s] writing ../../../build/robot_motor_control_py/robot_motor_control_py.egg-info/PKG-INFO
[8.444s] writing dependency_links to ../../../build/robot_motor_control_py/robot_motor_control_py.egg-info/dependency_links.txt
[8.446s] writing entry points to ../../../build/robot_motor_control_py/robot_motor_control_py.egg-info/entry_points.txt
[8.448s] writing requirements to ../../../build/robot_motor_control_py/robot_motor_control_py.egg-info/requires.txt
[8.450s] writing top-level names to ../../../build/robot_motor_control_py/robot_motor_control_py.egg-info/top_level.txt
[8.467s] reading manifest file '../../../build/robot_motor_control_py/robot_motor_control_py.egg-info/SOURCES.txt'
[8.482s] writing manifest file '../../../build/robot_motor_control_py/robot_motor_control_py.egg-info/SOURCES.txt'
[8.483s] running build
[8.484s] running build_py
[8.498s] running install
[8.501s] /usr/lib/python3/dist-packages/setuptools/command/install.py:34: SetuptoolsDeprecationWarning: setup.py install is deprecated. Use build and pip and other standards-based tools.
[8.502s]   warnings.warn(
[8.503s] running install_lib
[8.529s] running install_data
[8.537s] running install_egg_info
[8.552s] removing '/home/pi/Lawnmower-system/install/robot_motor_control_py/lib/python3.10/site-packages/robot_motor_control_py-0.0.0-py3.10.egg-info' (and everything under it)
[8.557s] Copying ../../../build/robot_motor_control_py/robot_motor_control_py.egg-info to /home/pi/Lawnmower-system/install/robot_motor_control_py/lib/python3.10/site-packages/robot_motor_control_py-0.0.0-py3.10.egg-info
[8.576s] running install_scripts
[8.779s] Installing robot_bridge script to /home/pi/Lawnmower-system/install/robot_motor_control_py/lib/robot_motor_control_py
[8.782s] Installing robot_path_provider_client script to /home/pi/Lawnmower-system/install/robot_motor_control_py/lib/robot_motor_control_py
[8.784s] Installing robot_user_client script to /home/pi/Lawnmower-system/install/robot_motor_control_py/lib/robot_motor_control_py
[8.790s] writing list of installed files to '/home/pi/Lawnmower-system/build/robot_motor_control_py/install.log'
[8.990s] Invoked command in '/home/pi/Lawnmower-system/ros_mower_robot_ws/src/robot_motor_control_py' returned '0': AMENT_PREFIX_PATH=/home/pi/Lawnmower-system/install/robot_interfaces CMAKE_PREFIX_PATH=/home/pi/Lawnmower-system/install/robot_interfaces LD_LIBRARY_PATH=/home/pi/Lawnmower-system/install/robot_interfaces/lib PYTHONPATH=/home/pi/Lawnmower-system/build/robot_motor_control_py/prefix_override:/home/pi/Lawnmower-system/install/robot_motor_control_py/lib/python3.10/site-packages:/home/pi/Lawnmower-system/install/robot_interfaces/local/lib/python3.10/dist-packages /usr/bin/python3 setup.py egg_info --egg-base ../../../build/robot_motor_control_py build --build-base /home/pi/Lawnmower-system/build/robot_motor_control_py/build install --record /home/pi/Lawnmower-system/build/robot_motor_control_py/install.log --single-version-externally-managed
