[4.439s] Invoking command in '/home/pi/Lawnmower-system/ros_mower_robot_ws/src/path_nav': CMAKE_PREFIX_PATH=/home/pi/Lawnmower-system/install/robot_interfaces:/home/pi/Lawnmower-system/install/path_nav PYTHONPATH=/home/pi/Lawnmower-system/build/path_nav/prefix_override:/home/pi/Lawnmower-system/install/path_nav/lib/python3.10/site-packages:${PYTHONPATH} /usr/bin/python3 setup.py egg_info --egg-base ../../../build/path_nav build --build-base /home/pi/Lawnmower-system/build/path_nav/build install --record /home/pi/Lawnmower-system/build/path_nav/install.log --single-version-externally-managed
[7.090s] running egg_info
[7.096s] writing ../../../build/path_nav/path_nav.egg-info/PKG-INFO
[7.100s] writing dependency_links to ../../../build/path_nav/path_nav.egg-info/dependency_links.txt
[7.102s] writing entry points to ../../../build/path_nav/path_nav.egg-info/entry_points.txt
[7.104s] writing requirements to ../../../build/path_nav/path_nav.egg-info/requires.txt
[7.105s] writing top-level names to ../../../build/path_nav/path_nav.egg-info/top_level.txt
[7.128s] reading manifest file '../../../build/path_nav/path_nav.egg-info/SOURCES.txt'
[7.138s] writing manifest file '../../../build/path_nav/path_nav.egg-info/SOURCES.txt'
[7.140s] running build
[7.141s] running build_py
[7.145s] copying path_nav/mower.py -> /home/pi/Lawnmower-system/build/path_nav/build/lib/path_nav
[7.153s] running install
[7.154s] /usr/lib/python3/dist-packages/setuptools/command/install.py:34: SetuptoolsDeprecationWarning: setup.py install is deprecated. Use build and pip and other standards-based tools.
[7.155s]   warnings.warn(
[7.156s] running install_lib
[7.167s] copying /home/pi/Lawnmower-system/build/path_nav/build/lib/path_nav/mower.py -> /home/pi/Lawnmower-system/install/path_nav/lib/python3.10/site-packages/path_nav
[7.178s] byte-compiling /home/pi/Lawnmower-system/install/path_nav/lib/python3.10/site-packages/path_nav/mower.py to mower.cpython-310.pyc
[7.224s] running install_data
[7.230s] running install_egg_info
[7.246s] removing '/home/pi/Lawnmower-system/install/path_nav/lib/python3.10/site-packages/path_nav-0.0.0-py3.10.egg-info' (and everything under it)
[7.251s] Copying ../../../build/path_nav/path_nav.egg-info to /home/pi/Lawnmower-system/install/path_nav/lib/python3.10/site-packages/path_nav-0.0.0-py3.10.egg-info
[7.267s] running install_scripts
[7.483s] Installing robot_nav script to /home/pi/Lawnmower-system/install/path_nav/lib/path_nav
[7.490s] writing list of installed files to '/home/pi/Lawnmower-system/build/path_nav/install.log'
[7.879s] Invoked command in '/home/pi/Lawnmower-system/ros_mower_robot_ws/src/path_nav' returned '0': CMAKE_PREFIX_PATH=/home/pi/Lawnmower-system/install/robot_interfaces:/home/pi/Lawnmower-system/install/path_nav PYTHONPATH=/home/pi/Lawnmower-system/build/path_nav/prefix_override:/home/pi/Lawnmower-system/install/path_nav/lib/python3.10/site-packages:${PYTHONPATH} /usr/bin/python3 setup.py egg_info --egg-base ../../../build/path_nav build --build-base /home/pi/Lawnmower-system/build/path_nav/build install --record /home/pi/Lawnmower-system/build/path_nav/install.log --single-version-externally-managed
