[7.384s] Invoking command in '/home/pi/Lawnmower-system/ros_mower_robot_ws/src/robot_motor_control_py': CMAKE_PREFIX_PATH=/home/pi/Lawnmower-system/install/robot_interfaces:/home/pi/Lawnmower-system/install/path_nav PYTHONPATH=/home/pi/Lawnmower-system/build/robot_motor_control_py/prefix_override:/home/pi/Lawnmower-system/install/robot_motor_control_py/lib/python3.10/site-packages:${PYTHONPATH} /usr/bin/python3 setup.py egg_info --egg-base ../../../build/robot_motor_control_py build --build-base /home/pi/Lawnmower-system/build/robot_motor_control_py/build install --record /home/pi/Lawnmower-system/build/robot_motor_control_py/install.log --single-version-externally-managed
[9.227s] running egg_info
[9.230s] writing ../../../build/robot_motor_control_py/robot_motor_control_py.egg-info/PKG-INFO
[9.231s] writing dependency_links to ../../../build/robot_motor_control_py/robot_motor_control_py.egg-info/dependency_links.txt
[9.232s] writing entry points to ../../../build/robot_motor_control_py/robot_motor_control_py.egg-info/entry_points.txt
[9.233s] writing requirements to ../../../build/robot_motor_control_py/robot_motor_control_py.egg-info/requires.txt
[9.235s] writing top-level names to ../../../build/robot_motor_control_py/robot_motor_control_py.egg-info/top_level.txt
[9.244s] reading manifest file '../../../build/robot_motor_control_py/robot_motor_control_py.egg-info/SOURCES.txt'
[9.249s] writing manifest file '../../../build/robot_motor_control_py/robot_motor_control_py.egg-info/SOURCES.txt'
[9.250s] running build
[9.250s] running build_py
[9.255s] running install
[9.256s] /usr/lib/python3/dist-packages/setuptools/command/install.py:34: SetuptoolsDeprecationWarning: setup.py install is deprecated. Use build and pip and other standards-based tools.
[9.256s]   warnings.warn(
[9.257s] running install_lib
[9.267s] running install_data
[9.270s] running install_egg_info
[9.278s] removing '/home/pi/Lawnmower-system/install/robot_motor_control_py/lib/python3.10/site-packages/robot_motor_control_py-0.0.0-py3.10.egg-info' (and everything under it)
[9.280s] Copying ../../../build/robot_motor_control_py/robot_motor_control_py.egg-info to /home/pi/Lawnmower-system/install/robot_motor_control_py/lib/python3.10/site-packages/robot_motor_control_py-0.0.0-py3.10.egg-info
[9.286s] running install_scripts
[9.376s] Installing robot_bridge script to /home/pi/Lawnmower-system/install/robot_motor_control_py/lib/robot_motor_control_py
[9.376s] Installing robot_path_provider_client script to /home/pi/Lawnmower-system/install/robot_motor_control_py/lib/robot_motor_control_py
[9.377s] Installing robot_user_client script to /home/pi/Lawnmower-system/install/robot_motor_control_py/lib/robot_motor_control_py
[9.383s] writing list of installed files to '/home/pi/Lawnmower-system/build/robot_motor_control_py/install.log'
[9.621s] Invoked command in '/home/pi/Lawnmower-system/ros_mower_robot_ws/src/robot_motor_control_py' returned '0': CMAKE_PREFIX_PATH=/home/pi/Lawnmower-system/install/robot_interfaces:/home/pi/Lawnmower-system/install/path_nav PYTHONPATH=/home/pi/Lawnmower-system/build/robot_motor_control_py/prefix_override:/home/pi/Lawnmower-system/install/robot_motor_control_py/lib/python3.10/site-packages:${PYTHONPATH} /usr/bin/python3 setup.py egg_info --egg-base ../../../build/robot_motor_control_py build --build-base /home/pi/Lawnmower-system/build/robot_motor_control_py/build install --record /home/pi/Lawnmower-system/build/robot_motor_control_py/install.log --single-version-externally-managed
