running egg_info
writing ../../../build/path_nav/path_nav.egg-info/PKG-INFO
writing dependency_links to ../../../build/path_nav/path_nav.egg-info/dependency_links.txt
writing entry points to ../../../build/path_nav/path_nav.egg-info/entry_points.txt
writing requirements to ../../../build/path_nav/path_nav.egg-info/requires.txt
writing top-level names to ../../../build/path_nav/path_nav.egg-info/top_level.txt
reading manifest file '../../../build/path_nav/path_nav.egg-info/SOURCES.txt'
writing manifest file '../../../build/path_nav/path_nav.egg-info/SOURCES.txt'
running build
running build_py
copying path_nav/lidar_sim.py -> /home/pi/Lawnmower-system/build/path_nav/build/lib/path_nav
running install
running install_lib
copying /home/pi/Lawnmower-system/build/path_nav/build/lib/path_nav/lidar_sim.py -> /home/pi/Lawnmower-system/install/path_nav/lib/python3.10/site-packages/path_nav
byte-compiling /home/pi/Lawnmower-system/install/path_nav/lib/python3.10/site-packages/path_nav/lidar_sim.py to lidar_sim.cpython-310.pyc
running install_data
running install_egg_info
removing '/home/pi/Lawnmower-system/install/path_nav/lib/python3.10/site-packages/path_nav-0.0.0-py3.10.egg-info' (and everything under it)
Copying ../../../build/path_nav/path_nav.egg-info to /home/pi/Lawnmower-system/install/path_nav/lib/python3.10/site-packages/path_nav-0.0.0-py3.10.egg-info
running install_scripts
Installing robot_nav script to /home/pi/Lawnmower-system/install/path_nav/lib/path_nav
writing list of installed files to '/home/pi/Lawnmower-system/build/path_nav/install.log'
